#
# There is insufficient memory for the Java Runtime Environment to continue.
# Native memory allocation (malloc) failed to allocate 32744 bytes for ChunkPool::allocate
# Possible reasons:
#   The system is out of physical RAM or swap space
#   In 32 bit mode, the process size limit was hit
# Possible solutions:
#   Reduce memory load on the system
#   Increase physical memory or swap space
#   Check if swap backing store is full
#   Use 64 bit Java on a 64 bit OS
#   Decrease Java heap size (-Xmx/-Xms)
#   Decrease number of Java threads
#   Decrease Java thread stack sizes (-Xss)
#   Set larger code cache with -XX:ReservedCodeCacheSize=
# This output file may be truncated or incomplete.
#
#  Out of Memory Error (allocation.cpp:273), pid=24180, tid=0x0000000000002904
#
# JRE version: OpenJDK Runtime Environment (8.0_152-b01) (build 1.8.0_152-release-915-b01)
# Java VM: OpenJDK 64-Bit Server VM (25.152-b01 mixed mode windows-amd64 compressed oops)
# Failed to write core dump. Minidumps are not enabled by default on client versions of Windows
#

---------------  T H R E A D  ---------------

Current thread (0x0000000017f05000):  JavaThread "C1 CompilerThread2" daemon [_thread_in_native, id=10500, stack(0x0000000019880000,0x0000000019980000)]

Stack: [0x0000000019880000,0x0000000019980000]
[error occurred during error reporting (printing stack bounds), id 0xc0000005]

Native frames: (J=compiled Java code, j=interpreted, Vv=VM code, C=native code)


Current CompileTask:
C1:  17394 9157       3       com.android.tools.r8.ir.conversion.JarSourceCode::build (3667 bytes)


---------------  P R O C E S S  ---------------

Java Threads: ( => current thread )
  0x00000000201db000 JavaThread "ForkJoinPool.commonPool-worker-0" daemon [_thread_in_Java, id=24892, stack(0x00000000251e0000,0x00000000252e0000)]
  0x00000000201d5000 JavaThread "ForkJoinPool.commonPool-worker-3" daemon [_thread_blocked, id=24920, stack(0x00000000250e0000,0x00000000251e0000)]
  0x00000000201d9000 JavaThread "ForkJoinPool.commonPool-worker-2" daemon [_thread_blocked, id=24196, stack(0x0000000024fe0000,0x00000000250e0000)]
  0x00000000201d2000 JavaThread "ForkJoinPool.commonPool-worker-1" daemon [_thread_in_Java, id=22212, stack(0x0000000024de0000,0x0000000024ee0000)]
  0x00000000201d8000 JavaThread "Task worker for ':' Thread 3" [_thread_blocked, id=24556, stack(0x0000000023de0000,0x0000000023ee0000)]
  0x00000000201d0800 JavaThread "Task worker for ':' Thread 2" [_thread_blocked, id=24344, stack(0x0000000023ce0000,0x0000000023de0000)]
  0x00000000201d7800 JavaThread "Task worker for ':'" [_thread_blocked, id=23864, stack(0x0000000023be0000,0x0000000023ce0000)]
  0x00000000201cf800 JavaThread "Cache worker for Build Output Cleanup Cache (C:\Users\Luca\Documents\GitHub\UNOPlus\.gradle\buildOutputCleanup)" [_thread_blocked, id=24596, stack(0x0000000023ae0000,0x0000000023be0000)]
  0x00000000201d6800 JavaThread "Cache worker for task history cache (C:\Users\Luca\Documents\GitHub\UNOPlus\.gradle\4.4\taskHistory)" [_thread_blocked, id=24972, stack(0x0000000023340000,0x0000000023440000)]
  0x00000000201cf000 JavaThread "Cache worker for file content cache (C:\Users\Luca\Documents\GitHub\UNOPlus\.gradle\4.4\fileContent)" [_thread_blocked, id=25040, stack(0x0000000023020000,0x0000000023120000)]
  0x00000000201d3000 JavaThread "Memory manager" [_thread_blocked, id=23356, stack(0x0000000022900000,0x0000000022a00000)]
  0x00000000201d4800 JavaThread "pool-1-thread-1" [_thread_blocked, id=25176, stack(0x0000000022600000,0x0000000022700000)]
  0x000000001e720800 JavaThread "build operations Thread 4" [_thread_blocked, id=19608, stack(0x0000000022100000,0x0000000022200000)]
  0x000000001e71f800 JavaThread "build operations Thread 3" [_thread_blocked, id=22616, stack(0x0000000022000000,0x0000000022100000)]
  0x000000001e71f000 JavaThread "build operations Thread 2" [_thread_blocked, id=13964, stack(0x0000000021f00000,0x0000000022000000)]
  0x000000001e725800 JavaThread "build operations" [_thread_blocked, id=24776, stack(0x0000000020200000,0x0000000020300000)]
  0x000000001e721000 JavaThread "Cache worker for Artifact transforms cache (C:\Users\Luca\.gradle\caches\transforms-1)" [_thread_blocked, id=24464, stack(0x000000001f090000,0x000000001f190000)]
  0x000000001cd4f000 JavaThread "Cache worker for file hash cache (C:\Users\Luca\Documents\GitHub\UNOPlus\.gradle\4.4\fileHashes)" [_thread_blocked, id=24804, stack(0x000000001dbc0000,0x000000001dcc0000)]
  0x000000001b355800 JavaThread "File lock request listener" [_thread_in_native, id=22040, stack(0x000000001caf0000,0x000000001cbf0000)]
  0x000000001afdb000 JavaThread "Cache worker for file hash cache (C:\Users\Luca\.gradle\caches\4.4\fileHashes)" [_thread_blocked, id=24392, stack(0x000000001c9f0000,0x000000001caf0000)]
  0x000000001ae21800 JavaThread "Stdin handler" [_thread_blocked, id=25152, stack(0x000000001c6f0000,0x000000001c7f0000)]
  0x000000001ae20000 JavaThread "Asynchronous log dispatcher for DefaultDaemonConnection: socket connection from /127.0.0.1:55630 to /127.0.0.1:55631" [_thread_blocked, id=25536, stack(0x000000001c5f0000,0x000000001c6f0000)]
  0x000000001ae53800 JavaThread "Daemon worker" [_thread_blocked, id=25516, stack(0x000000001c4f0000,0x000000001c5f0000)]
  0x000000001ae5a000 JavaThread "Cancel handler" [_thread_blocked, id=22412, stack(0x000000001c3f0000,0x000000001c4f0000)]
  0x000000001b13c000 JavaThread "Handler for socket connection from /127.0.0.1:55630 to /127.0.0.1:55631" [_thread_in_native, id=15132, stack(0x000000001c0f0000,0x000000001c1f0000)]
  0x000000001b13b800 JavaThread "Daemon" [_thread_blocked, id=24792, stack(0x000000001bff0000,0x000000001c0f0000)]
  0x000000001ae78000 JavaThread "Daemon periodic checks" [_thread_blocked, id=22272, stack(0x000000001bef0000,0x000000001bff0000)]
  0x000000001a4a9000 JavaThread "Incoming local TCP Connector on port 55630" [_thread_in_native, id=22220, stack(0x000000001bc90000,0x000000001bd90000)]
  0x00000000199a4000 JavaThread "Service Thread" daemon [_thread_blocked, id=23984, stack(0x0000000019d80000,0x0000000019e80000)]
=>0x0000000017f05000 JavaThread "C1 CompilerThread2" daemon [_thread_in_native, id=10500, stack(0x0000000019880000,0x0000000019980000)]
  0x0000000017f01800 JavaThread "C2 CompilerThread1" daemon [_thread_in_native, id=24720, stack(0x0000000019780000,0x0000000019880000)]
  0x0000000017efc800 JavaThread "C2 CompilerThread0" daemon [_thread_in_native, id=25204, stack(0x0000000019680000,0x0000000019780000)]
  0x0000000017efb800 JavaThread "Attach Listener" daemon [_thread_blocked, id=24332, stack(0x0000000019580000,0x0000000019680000)]
  0x0000000017efa000 JavaThread "Signal Dispatcher" daemon [_thread_blocked, id=19140, stack(0x0000000019480000,0x0000000019580000)]
  0x0000000017ee8800 JavaThread "Finalizer" daemon [_thread_blocked, id=16928, stack(0x0000000019160000,0x0000000019260000)]
  0x0000000004583000 JavaThread "Reference Handler" daemon [_thread_blocked, id=15416, stack(0x0000000019060000,0x0000000019160000)]
  0x000000000448d800 JavaThread "main" [_thread_blocked, id=25008, stack(0x00000000042d0000,0x00000000043d0000)]

Other Threads:
  0x0000000017ec5800 VMThread [stack: 0x0000000018f60000,0x0000000019060000] [id=22364]
  0x00000000199a5800 WatcherThread [stack: 0x0000000019e80000,0x0000000019f80000] [id=23604]

VM state:not at safepoint (normal execution)

VM Mutex/Monitor currently owned by a thread: None

Heap:
 PSYoungGen      total 162304K, used 127573K [0x00000000e0000000, 0x00000000ebd80000, 0x0000000100000000)
  eden space 138240K, 92% used [0x00000000e0000000,0x00000000e7c95778,0x00000000e8700000)
  from space 24064K, 0% used [0x00000000e8700000,0x00000000e8700000,0x00000000e9e80000)
  to   space 21504K, 0% used [0x00000000e9e80000,0x00000000e9e80000,0x00000000eb380000)
 ParOldGen       total 119296K, used 32470K [0x00000000a0000000, 0x00000000a7480000, 0x00000000e0000000)
  object space 119296K, 27% used [0x00000000a0000000,0x00000000a1fb5a58,0x00000000a7480000)
 Metaspace       used 64020K, capacity 66456K, committed 66776K, reserved 1107968K
  class space    used 8613K, capacity 9138K, committed 9216K, reserved 1048576K

Card table byte_map: [0x0000000013950000,0x0000000013c60000] byte_map_base: 0x0000000013450000

Marking Bits: (ParMarkBitMap*) 0x0000000056cd3950
 Begin Bits: [0x0000000014260000, 0x0000000015a60000)
 End Bits:   [0x0000000015a60000, 0x0000000017260000)

Polling page: 0x0000000002630000

CodeCache: size=245760Kb used=25724Kb max_used=25736Kb free=220035Kb
 bounds [0x0000000004590000, 0x0000000005ed0000, 0x0000000013590000]
 total_blobs=8660 nmethods=7859 adapters=713
 compilation: enabled

Compilation events (10 events):
Event: 17.377 Thread 0x0000000017f05000 nmethod 9158 0x0000000005ec5310 code [0x0000000005ec54c0, 0x0000000005ec5908]
Event: 17.377 Thread 0x0000000017f05000 9157       3       com.android.tools.r8.ir.conversion.JarSourceCode::build (3667 bytes)
Event: 17.379 Thread 0x0000000017f01800 nmethod 9130 0x0000000005ec9550 code [0x0000000005ec9720, 0x0000000005eca5c0]
Event: 17.379 Thread 0x0000000017f01800 9152       4       com.android.tools.r8.ir.code.Phi::getOperand (14 bytes)
Event: 17.381 Thread 0x0000000017f01800 nmethod 9152 0x0000000005ec6410 code [0x0000000005ec6560, 0x0000000005ec6678]
Event: 17.381 Thread 0x0000000017f01800 9131       4       com.android.tools.r8.utils.IdentifierUtils::isSimpleNameChar (139 bytes)
Event: 17.382 Thread 0x0000000017f01800 nmethod 9131 0x0000000005ec6150 code [0x0000000005ec6280, 0x0000000005ec6378]
Event: 17.382 Thread 0x0000000017f01800 9134       4       java.lang.AbstractStringBuilder::append (40 bytes)
Event: 17.387 Thread 0x0000000017f01800 nmethod 9134 0x0000000005ec7850 code [0x0000000005ec79a0, 0x0000000005ec7db8]
Event: 17.387 Thread 0x0000000017f01800 9184       4       com.android.tools.r8.graph.JarApplicationReader::getArgumentCount (61 bytes)

GC Heap History (10 events):
Event: 12.594 GC heap before
{Heap before GC invocations=14 (full 2):
 PSYoungGen      total 135680K, used 134668K [0x00000000e0000000, 0x00000000eb380000, 0x0000000100000000)
  eden space 119296K, 99% used [0x00000000e0000000,0x00000000e7387d00,0x00000000e7480000)
  from space 16384K, 99% used [0x00000000e7480000,0x00000000e847b510,0x00000000e8480000)
  to   space 21504K, 0% used [0x00000000e9e80000,0x00000000e9e80000,0x00000000eb380000)
 ParOldGen       total 95744K, used 27593K [0x00000000a0000000, 0x00000000a5d80000, 0x00000000e0000000)
  object space 95744K, 28% used [0x00000000a0000000,0x00000000a1af25d8,0x00000000a5d80000)
 Metaspace       used 56682K, capacity 58700K, committed 58840K, reserved 1099776K
  class space    used 7677K, capacity 8149K, committed 8192K, reserved 1048576K
Event: 12.618 GC heap after
Heap after GC invocations=14 (full 2):
 PSYoungGen      total 159744K, used 20286K [0x00000000e0000000, 0x00000000ebd80000, 0x0000000100000000)
  eden space 138240K, 0% used [0x00000000e0000000,0x00000000e0000000,0x00000000e8700000)
  from space 21504K, 94% used [0x00000000e9e80000,0x00000000eb24fa40,0x00000000eb380000)
  to   space 24064K, 0% used [0x00000000e8700000,0x00000000e8700000,0x00000000e9e80000)
 ParOldGen       total 95744K, used 27601K [0x00000000a0000000, 0x00000000a5d80000, 0x00000000e0000000)
  object space 95744K, 28% used [0x00000000a0000000,0x00000000a1af45d8,0x00000000a5d80000)
 Metaspace       used 56682K, capacity 58700K, committed 58840K, reserved 1099776K
  class space    used 7677K, capacity 8149K, committed 8192K, reserved 1048576K
}
Event: 12.634 GC heap before
{Heap before GC invocations=15 (full 2):
 PSYoungGen      total 159744K, used 157682K [0x00000000e0000000, 0x00000000ebd80000, 0x0000000100000000)
  eden space 138240K, 99% used [0x00000000e0000000,0x00000000e862ce88,0x00000000e8700000)
  from space 21504K, 94% used [0x00000000e9e80000,0x00000000eb24fa40,0x00000000eb380000)
  to   space 24064K, 0% used [0x00000000e8700000,0x00000000e8700000,0x00000000e9e80000)
 ParOldGen       total 95744K, used 27601K [0x00000000a0000000, 0x00000000a5d80000, 0x00000000e0000000)
  object space 95744K, 28% used [0x00000000a0000000,0x00000000a1af45d8,0x00000000a5d80000)
 Metaspace       used 56690K, capacity 58700K, committed 58840K, reserved 1099776K
  class space    used 7677K, capacity 8149K, committed 8192K, reserved 1048576K
Event: 12.652 GC heap after
Heap after GC invocations=15 (full 2):
 PSYoungGen      total 162304K, used 19367K [0x00000000e0000000, 0x00000000ebd80000, 0x0000000100000000)
  eden space 138240K, 0% used [0x00000000e0000000,0x00000000e0000000,0x00000000e8700000)
  from space 24064K, 80% used [0x00000000e8700000,0x00000000e99e9c18,0x00000000e9e80000)
  to   space 21504K, 0% used [0x00000000e9e80000,0x00000000e9e80000,0x00000000eb380000)
 ParOldGen       total 95744K, used 27601K [0x00000000a0000000, 0x00000000a5d80000, 0x00000000e0000000)
  object space 95744K, 28% used [0x00000000a0000000,0x00000000a1af45d8,0x00000000a5d80000)
 Metaspace       used 56690K, capacity 58700K, committed 58840K, reserved 1099776K
  class space    used 7677K, capacity 8149K, committed 8192K, reserved 1048576K
}
Event: 12.673 GC heap before
{Heap before GC invocations=16 (full 2):
 PSYoungGen      total 162304K, used 157319K [0x00000000e0000000, 0x00000000ebd80000, 0x0000000100000000)
  eden space 138240K, 99% used [0x00000000e0000000,0x00000000e86b81a0,0x00000000e8700000)
  from space 24064K, 80% used [0x00000000e8700000,0x00000000e99e9c18,0x00000000e9e80000)
  to   space 21504K, 0% used [0x00000000e9e80000,0x00000000e9e80000,0x00000000eb380000)
 ParOldGen       total 95744K, used 27601K [0x00000000a0000000, 0x00000000a5d80000, 0x00000000e0000000)
  object space 95744K, 28% used [0x00000000a0000000,0x00000000a1af45d8,0x00000000a5d80000)
 Metaspace       used 56697K, capacity 58700K, committed 58840K, reserved 1099776K
  class space    used 7677K, capacity 8149K, committed 8192K, reserved 1048576K
Event: 12.691 GC heap after
Heap after GC invocations=16 (full 2):
 PSYoungGen      total 159744K, used 17459K [0x00000000e0000000, 0x00000000ebd80000, 0x0000000100000000)
  eden space 138240K, 0% used [0x00000000e0000000,0x00000000e0000000,0x00000000e8700000)
  from space 21504K, 81% used [0x00000000e9e80000,0x00000000eaf8cf78,0x00000000eb380000)
  to   space 24064K, 0% used [0x00000000e8700000,0x00000000e8700000,0x00000000e9e80000)
 ParOldGen       total 95744K, used 27609K [0x00000000a0000000, 0x00000000a5d80000, 0x00000000e0000000)
  object space 95744K, 28% used [0x00000000a0000000,0x00000000a1af65d8,0x00000000a5d80000)
 Metaspace       used 56697K, capacity 58700K, committed 58840K, reserved 1099776K
  class space    used 7677K, capacity 8149K, committed 8192K, reserved 1048576K
}
Event: 12.811 GC heap before
{Heap before GC invocations=17 (full 2):
 PSYoungGen      total 159744K, used 55589K [0x00000000e0000000, 0x00000000ebd80000, 0x0000000100000000)
  eden space 138240K, 27% used [0x00000000e0000000,0x00000000e253c5b0,0x00000000e8700000)
  from space 21504K, 81% used [0x00000000e9e80000,0x00000000eaf8cf78,0x00000000eb380000)
  to   space 24064K, 0% used [0x00000000e8700000,0x00000000e8700000,0x00000000e9e80000)
 ParOldGen       total 95744K, used 27609K [0x00000000a0000000, 0x00000000a5d80000, 0x00000000e0000000)
  object space 95744K, 28% used [0x00000000a0000000,0x00000000a1af65d8,0x00000000a5d80000)
 Metaspace       used 56937K, capacity 58952K, committed 59028K, reserved 1099776K
  class space    used 7712K, capacity 8161K, committed 8192K, reserved 1048576K
Event: 12.829 GC heap after
Heap after GC invocations=17 (full 2):
 PSYoungGen      total 162304K, used 16948K [0x00000000e0000000, 0x00000000ebd80000, 0x0000000100000000)
  eden space 138240K, 0% used [0x00000000e0000000,0x00000000e0000000,0x00000000e8700000)
  from space 24064K, 70% used [0x00000000e8700000,0x00000000e978d0f0,0x00000000e9e80000)
  to   space 21504K, 0% used [0x00000000e9e80000,0x00000000e9e80000,0x00000000eb380000)
 ParOldGen       total 95744K, used 27617K [0x00000000a0000000, 0x00000000a5d80000, 0x00000000e0000000)
  object space 95744K, 28% used [0x00000000a0000000,0x00000000a1af85d8,0x00000000a5d80000)
 Metaspace       used 56937K, capacity 58952K, committed 59028K, reserved 1099776K
  class space    used 7712K, capacity 8161K, committed 8192K, reserved 1048576K
}
Event: 12.829 GC heap before
{Heap before GC invocations=18 (full 3):
 PSYoungGen      total 162304K, used 16948K [0x00000000e0000000, 0x00000000ebd80000, 0x0000000100000000)
  eden space 138240K, 0% used [0x00000000e0000000,0x00000000e0000000,0x00000000e8700000)
  from space 24064K, 70% used [0x00000000e8700000,0x00000000e978d0f0,0x00000000e9e80000)
  to   space 21504K, 0% used [0x00000000e9e80000,0x00000000e9e80000,0x00000000eb380000)
 ParOldGen       total 95744K, used 27617K [0x00000000a0000000, 0x00000000a5d80000, 0x00000000e0000000)
  object space 95744K, 28% used [0x00000000a0000000,0x00000000a1af85d8,0x00000000a5d80000)
 Metaspace       used 56937K, capacity 58952K, committed 59028K, reserved 1099776K
  class space    used 7712K, capacity 8161K, committed 8192K, reserved 1048576K
Event: 13.074 GC heap after
Heap after GC invocations=18 (full 3):
 PSYoungGen      total 162304K, used 0K [0x00000000e0000000, 0x00000000ebd80000, 0x0000000100000000)
  eden space 138240K, 0% used [0x00000000e0000000,0x00000000e0000000,0x00000000e8700000)
  from space 24064K, 0% used [0x00000000e8700000,0x00000000e8700000,0x00000000e9e80000)
  to   space 21504K, 0% used [0x00000000e9e80000,0x00000000e9e80000,0x00000000eb380000)
 ParOldGen       total 119296K, used 32470K [0x00000000a0000000, 0x00000000a7480000, 0x00000000e0000000)
  object space 119296K, 27% used [0x00000000a0000000,0x00000000a1fb5a58,0x00000000a7480000)
 Metaspace       used 56937K, capacity 58952K, committed 59028K, reserved 1099776K
  class space    used 7712K, capacity 8161K, committed 8192K, reserved 1048576K
}

Deoptimization events (10 events):
Event: 16.161 Thread 0x00000000201d8000 Uncommon trap: reason=class_check action=maybe_recompile pc=0x0000000005adc44c method=sun.nio.fs.WindowsPath.equals(Ljava/lang/Object;)Z @ 13
Event: 16.162 Thread 0x00000000201d8000 Uncommon trap: reason=class_check action=maybe_recompile pc=0x0000000005adc44c method=sun.nio.fs.WindowsPath.equals(Ljava/lang/Object;)Z @ 13
Event: 16.162 Thread 0x00000000201d8000 Uncommon trap: reason=class_check action=maybe_recompile pc=0x0000000005adc44c method=sun.nio.fs.WindowsPath.equals(Ljava/lang/Object;)Z @ 13
Event: 16.164 Thread 0x00000000201d8000 Uncommon trap: reason=class_check action=maybe_recompile pc=0x0000000005adc44c method=sun.nio.fs.WindowsPath.equals(Ljava/lang/Object;)Z @ 13
Event: 16.860 Thread 0x00000000201d9000 Uncommon trap: reason=unstable_if action=reinterpret pc=0x0000000005d0f05c method=sun.nio.fs.NativeBuffers.getNativeBuffer(I)Lsun/nio/fs/NativeBuffer; @ 6
Event: 16.861 Thread 0x00000000201d2000 Uncommon trap: reason=unstable_if action=reinterpret pc=0x00000000055b8b3c method=sun.nio.fs.WindowsPathParser.isSlash(C)Z @ 9
Event: 16.862 Thread 0x00000000201d2000 Uncommon trap: reason=unstable_if action=reinterpret pc=0x00000000047567b8 method=sun.nio.fs.WindowsPathParser.isSlash(C)Z @ 9
Event: 16.867 Thread 0x00000000201db000 Uncommon trap: reason=unstable_if action=reinterpret pc=0x00000000053db8f4 method=sun.nio.fs.WindowsPathParser.isSlash(C)Z @ 9
Event: 16.989 Thread 0x00000000201db000 Uncommon trap: reason=unstable_if action=reinterpret pc=0x00000000053793d8 method=java.util.concurrent.ConcurrentHashMap.addCount(JI)V @ 168
Event: 17.048 Thread 0x00000000201d2000 Uncommon trap: reason=unstable_if action=reinterpret pc=0x0000000005d90874 method=com.android.tools.r8.org.objectweb.asm.ClassReader.readUTF8(I[C)Ljava/lang/String; @ 7

Classes redefined (0 events):
No events

Internal exceptions (10 events):
Event: 12.452 Thread 0x00000000201d2000 Exception <a 'java/lang/NoSuchMethodError': java.lang.Object.lambda$comparing$ea9a8b3a$1(Ljava/util/Comparator;Ljava/util/function/Function;Ljava/lang/Object;Ljava/lang/Object;)I> (0x00000000e18a6d28) thrown at [D:\src\AOSP-openjdk-cygwin\jdk8u\hotspot\sr
Event: 12.498 Thread 0x00000000201d2000 Exception <a 'java/lang/NoSuchMethodError': java.lang.Object.lambda$or$2(Ljava/util/function/Predicate;Ljava/lang/Object;)Z> (0x00000000e1b76988) thrown at [D:\src\AOSP-openjdk-cygwin\jdk8u\hotspot\src\share\vm\interpreter\linkResolver.cpp, line 584]
Event: 12.752 Thread 0x00000000201d2000 Exception <a 'java/io/FileNotFoundException'> (0x00000000e20556b0) thrown at [D:\src\AOSP-openjdk-cygwin\jdk8u\hotspot\src\share\vm\prims\jni.cpp, line 709]
Event: 13.175 Thread 0x00000000201d7800 Exception <a 'java/lang/NoSuchMethodError': <clinit>> (0x00000000e037de10) thrown at [D:\src\AOSP-openjdk-cygwin\jdk8u\hotspot\src\share\vm\prims\jni.cpp, line 1613]
Event: 16.857 Thread 0x00000000201d9000 Exception <a 'java/lang/NoSuchMethodError': java.lang.Object.lambda$and$0(Ljava/util/function/Predicate;Ljava/lang/Object;)Z> (0x00000000e5dd0020) thrown at [D:\src\AOSP-openjdk-cygwin\jdk8u\hotspot\src\share\vm\interpreter\linkResolver.cpp, line 584]
Event: 16.858 Thread 0x00000000201db000 Exception <a 'java/lang/NoSuchMethodError': java.lang.Object.lambda$and$0(Ljava/util/function/Predicate;Ljava/lang/Object;)Z> (0x00000000e5d8e220) thrown at [D:\src\AOSP-openjdk-cygwin\jdk8u\hotspot\src\share\vm\interpreter\linkResolver.cpp, line 584]
Event: 16.860 Thread 0x00000000201d9000 Exception <a 'java/lang/NoSuchMethodError': java.lang.Object.lambda$static$0(Ljava/lang/String;)Z> (0x00000000e5de2478) thrown at [D:\src\AOSP-openjdk-cygwin\jdk8u\hotspot\src\share\vm\interpreter\linkResolver.cpp, line 584]
Event: 16.860 Thread 0x00000000201d9000 Implicit null exception at 0x0000000005d0cd8c to 0x0000000005d0f025
Event: 16.901 Thread 0x00000000201d9000 Exception <a 'sun/nio/fs/WindowsException'> (0x00000000e60820a0) thrown at [D:\src\AOSP-openjdk-cygwin\jdk8u\hotspot\src\share\vm\prims\jni.cpp, line 709]
Event: 16.906 Thread 0x00000000201d5000 Exception <a 'sun/nio/fs/WindowsException'> (0x00000000e619e248) thrown at [D:\src\AOSP-openjdk-cygwin\jdk8u\hotspot\src\share\vm\prims\jni.cpp, line 709]

Events (10 events):
Event: 17.331 Thread 0x00000000201db000 DEOPT PACKING pc=0x0000000005e6bb0b sp=0x00000000252dedc0
Event: 17.331 Thread 0x00000000201db000 DEOPT UNPACKING pc=0x00000000045d75bf sp=0x00000000252dead8 mode 0
Event: 17.351 loading class com/android/tools/r8/code/Throw
Event: 17.351 loading class com/android/tools/r8/code/Throw done
Event: 17.351 loading class com/android/tools/r8/cf/code/CfThrow
Event: 17.351 loading class com/android/tools/r8/cf/code/CfThrow done
Event: 17.352 loading class com/android/tools/r8/code/InvokeSuperRange
Event: 17.352 loading class com/android/tools/r8/code/InvokeSuperRange done
Event: 17.352 loading class com/android/tools/r8/code/InvokeSuper
Event: 17.352 loading class com/android/tools/r8/code/InvokeSuper done


Dynamic libraries:
0x00007ff616d40000 - 0x00007ff616d71000 	C:\Program Files\Android\Android Studio\jre\bin\java.exe
0x00007ffc06920000 - 0x00007ffc06b00000 	C:\WINDOWS\SYSTEM32\ntdll.dll
0x00007ffc06720000 - 0x00007ffc067ce000 	C:\WINDOWS\System32\KERNEL32.DLL
0x00007ffc03270000 - 0x00007ffc034d6000 	C:\WINDOWS\System32\KERNELBASE.dll
0x00007ffc04920000 - 0x00007ffc049c1000 	C:\WINDOWS\System32\ADVAPI32.dll
0x00007ffc03df0000 - 0x00007ffc03e8d000 	C:\WINDOWS\System32\msvcrt.dll
0x00007ffc04570000 - 0x00007ffc045cb000 	C:\WINDOWS\System32\sechost.dll
0x00007ffc067d0000 - 0x00007ffc068ef000 	C:\WINDOWS\System32\RPCRT4.dll
0x00007ffc04260000 - 0x00007ffc043ef000 	C:\WINDOWS\System32\USER32.dll
0x00007ffc03c30000 - 0x00007ffc03c50000 	C:\WINDOWS\System32\win32u.dll
0x00007ffc04090000 - 0x00007ffc040b8000 	C:\WINDOWS\System32\GDI32.dll
0x00007ffc03c50000 - 0x00007ffc03de3000 	C:\WINDOWS\System32\gdi32full.dll
0x00007ffc030d0000 - 0x00007ffc0316b000 	C:\WINDOWS\System32\msvcp_win.dll
0x00007ffc03170000 - 0x00007ffc03266000 	C:\WINDOWS\System32\ucrtbase.dll
0x00007ffbf8a30000 - 0x00007ffbf8c99000 	C:\WINDOWS\WinSxS\amd64_microsoft.windows.common-controls_6595b64144ccf1df_6.0.16299.371_none_15c7d1789365a290\COMCTL32.dll
0x00007ffc063b0000 - 0x00007ffc066b8000 	C:\WINDOWS\System32\combase.dll
0x00007ffc02ff0000 - 0x00007ffc03062000 	C:\WINDOWS\System32\bcryptPrimitives.dll
0x00007ffc03fb0000 - 0x00007ffc03fdd000 	C:\WINDOWS\System32\IMM32.DLL
0x0000000056ff0000 - 0x00000000570c2000 	C:\Program Files\Android\Android Studio\jre\jre\bin\msvcr100.dll
0x0000000056510000 - 0x0000000056d4e000 	C:\Program Files\Android\Android Studio\jre\jre\bin\server\jvm.dll
0x00007ffc043f0000 - 0x00007ffc043f8000 	C:\WINDOWS\System32\PSAPI.DLL
0x00007ffbffba0000 - 0x00007ffbffbc3000 	C:\WINDOWS\SYSTEM32\WINMM.dll
0x00007ffbfe8c0000 - 0x00007ffbfe8c9000 	C:\WINDOWS\SYSTEM32\WSOCK32.dll
0x00007ffc04720000 - 0x00007ffc0478c000 	C:\WINDOWS\System32\WS2_32.dll
0x00007ffbfd600000 - 0x00007ffbfd60a000 	C:\WINDOWS\SYSTEM32\VERSION.dll
0x00007ffbffb40000 - 0x00007ffbffb6a000 	C:\WINDOWS\SYSTEM32\WINMMBASE.dll
0x00007ffc02d20000 - 0x00007ffc02d6a000 	C:\WINDOWS\System32\cfgmgr32.dll
0x00007ffbffdb0000 - 0x00007ffbffdbf000 	C:\Program Files\Android\Android Studio\jre\jre\bin\verify.dll
0x00007ffbfe540000 - 0x00007ffbfe569000 	C:\Program Files\Android\Android Studio\jre\jre\bin\java.dll
0x00007ffbfe950000 - 0x00007ffbfe966000 	C:\Program Files\Android\Android Studio\jre\jre\bin\zip.dll
0x00007ffc04f50000 - 0x00007ffc06386000 	C:\WINDOWS\System32\SHELL32.dll
0x00007ffc03fe0000 - 0x00007ffc04086000 	C:\WINDOWS\System32\shcore.dll
0x00007ffc034e0000 - 0x00007ffc03c27000 	C:\WINDOWS\System32\windows.storage.dll
0x00007ffc03f30000 - 0x00007ffc03f81000 	C:\WINDOWS\System32\shlwapi.dll
0x00007ffc02d00000 - 0x00007ffc02d11000 	C:\WINDOWS\System32\kernel.appcore.dll
0x00007ffc02cb0000 - 0x00007ffc02cfc000 	C:\WINDOWS\System32\powrprof.dll
0x00007ffc02c90000 - 0x00007ffc02cab000 	C:\WINDOWS\System32\profapi.dll
0x00007ffbfe520000 - 0x00007ffbfe53a000 	C:\Program Files\Android\Android Studio\jre\jre\bin\net.dll
0x00007ffc02500000 - 0x00007ffc02566000 	C:\WINDOWS\system32\mswsock.dll
0x00007ffbfdf90000 - 0x00007ffbfdfa1000 	C:\Program Files\Android\Android Studio\jre\jre\bin\nio.dll
0x00007ffbf73d0000 - 0x00007ffbf73ee000 	C:\Users\Luca\.gradle\native\25\windows-amd64\native-platform.dll
0x00007ffbfe980000 - 0x00007ffbfe98d000 	C:\Program Files\Android\Android Studio\jre\jre\bin\management.dll
0x00007ffc026d0000 - 0x00007ffc026e7000 	C:\WINDOWS\SYSTEM32\CRYPTSP.dll
0x00007ffc02100000 - 0x00007ffc02133000 	C:\WINDOWS\system32\rsaenh.dll
0x00007ffc027d0000 - 0x00007ffc027f5000 	C:\WINDOWS\SYSTEM32\bcrypt.dll
0x00007ffc02b70000 - 0x00007ffc02b99000 	C:\WINDOWS\SYSTEM32\USERENV.dll
0x00007ffc026c0000 - 0x00007ffc026cb000 	C:\WINDOWS\SYSTEM32\CRYPTBASE.dll
0x00007ffc02290000 - 0x00007ffc022c9000 	C:\WINDOWS\SYSTEM32\IPHLPAPI.DLL
0x00007ffc03fa0000 - 0x00007ffc03fa8000 	C:\WINDOWS\System32\NSI.dll
0x00007ffbfd240000 - 0x00007ffbfd256000 	C:\WINDOWS\SYSTEM32\dhcpcsvc6.DLL
0x00007ffbfd220000 - 0x00007ffbfd23a000 	C:\WINDOWS\SYSTEM32\dhcpcsvc.DLL

VM Arguments:
jvm_args: -Xmx1536m -Dfile.encoding=windows-1252 -Duser.country=AT -Duser.language=de -Duser.variant 
java_command: org.gradle.launcher.daemon.bootstrap.GradleDaemon 4.4
java_class_path (initial): C:\Users\Luca\.gradle\wrapper\dists\gradle-4.4-all\9br9xq1tocpiv8o6njlyu5op1\gradle-4.4\lib\gradle-launcher-4.4.jar
Launcher Type: SUN_STANDARD

Environment Variables:
PATH=C:\ProgramData\Oracle\Java\javapath;C:\Program Files (x86)\Intel\iCLS Client\;C:\Program Files\Intel\iCLS Client\;C:\Program Files (x86)\NVIDIA Corporation\PhysX\Common;C:\Windows\system32;C:\Windows;C:\Windows\System32\Wbem;C:\Windows\System32\WindowsPowerShell\v1.0\;C:\Program Files (x86)\Acer\abFiles\;C:\Program Files\Intel\Intel(R) Management Engine Components\DAL;C:\Program Files (x86)\Intel\Intel(R) Management Engine Components\DAL;C:\Program Files\Intel\Intel(R) Management Engine Components\IPT;C:\Program Files (x86)\Intel\Intel(R) Management Engine Components\IPT;C:\WINDOWS\system32;C:\WINDOWS;C:\WINDOWS\System32\Wbem;C:\WINDOWS\System32\WindowsPowerShell\v1.0\;C:\Program Files\MySQL\MySQL Utilities 1.6\;C:\Users\Luca\AppData\Local\Microsoft\WindowsApps;C:\Users\Luca\AppData\Local\GitHubDesktop\bin
USERNAME=Luca
OS=Windows_NT
PROCESSOR_IDENTIFIER=Intel64 Family 6 Model 61 Stepping 4, GenuineIntel



---------------  S Y S T E M  ---------------

OS: Windows 10.0 , 64 bit Build 16299 (10.0.16299.15)

CPU:total 4 (initial active 4) (2 cores per cpu, 2 threads per core) family 6 model 61 stepping 4, cmov, cx8, fxsr, mmx, sse, sse2, sse3, ssse3, sse4.1, sse4.2, popcnt, avx, avx2, aes, clmul, erms, 3dnowpref, lzcnt, ht, tsc, tscinvbit, bmi1, bmi2, adx

Memory: 4k page, physical 6744528k(534472k free), swap 6744528k(8524k free)

vm_info: OpenJDK 64-Bit Server VM (25.152-b01) for windows-amd64 JRE (1.8.0_152-release-915-b01), built by "builder" with MS VC++ 10.0 (VS2010)

time: Tue Apr 17 23:12:30 2018
elapsed time: 17 seconds (0d 0h 0m 17s)

