#
# There is insufficient memory for the Java Runtime Environment to continue.
# Native memory allocation (malloc) failed to allocate 32744 bytes for ChunkPool::allocate
# Possible reasons:
#   The system is out of physical RAM or swap space
#   In 32 bit mode, the process size limit was hit
# Possible solutions:
#   Reduce memory load on the system
#   Increase physical memory or swap space
#   Check if swap backing store is full
#   Use 64 bit Java on a 64 bit OS
#   Decrease Java heap size (-Xmx/-Xms)
#   Decrease number of Java threads
#   Decrease Java thread stack sizes (-Xss)
#   Set larger code cache with -XX:ReservedCodeCacheSize=
# This output file may be truncated or incomplete.
#
#  Out of Memory Error (allocation.cpp:273), pid=14912, tid=0x0000000000002650
#
# JRE version: OpenJDK Runtime Environment (8.0_152-b01) (build 1.8.0_152-release-915-b01)
# Java VM: OpenJDK 64-Bit Server VM (25.152-b01 mixed mode windows-amd64 compressed oops)
# Failed to write core dump. Minidumps are not enabled by default on client versions of Windows
#

---------------  T H R E A D  ---------------

Current thread (0x00000000184fb800):  JavaThread "C2 CompilerThread0" daemon [_thread_in_native, id=9808, stack(0x0000000019c70000,0x0000000019d70000)]

Stack: [0x0000000019c70000,0x0000000019d70000]
[error occurred during error reporting (printing stack bounds), id 0xc0000005]

Native frames: (J=compiled Java code, j=interpreted, Vv=VM code, C=native code)


Current CompileTask:
C2:   6575 1511   !   4       java.net.URLClassLoader$1::run (63 bytes)


---------------  P R O C E S S  ---------------

Java Threads: ( => current thread )
  0x000000001dfb5000 JavaThread "Cache worker for file hash cache (C:\Users\Luca\Documents\GitHub\UNOPlus\.gradle\4.4\fileHashes)" [_thread_blocked, id=12720, stack(0x000000001f180000,0x000000001f280000)]
  0x000000001d3f3800 JavaThread "File lock request listener" [_thread_in_native, id=15828, stack(0x000000001e0b0000,0x000000001e1b0000)]
  0x000000001b315800 JavaThread "Cache worker for file hash cache (C:\Users\Luca\.gradle\caches\4.4\fileHashes)" [_thread_blocked, id=8424, stack(0x000000001cfe0000,0x000000001d0e0000)]
  0x000000001b25d000 JavaThread "Stdin handler" [_thread_blocked, id=13336, stack(0x000000001cce0000,0x000000001cde0000)]
  0x000000001a06c800 JavaThread "Asynchronous log dispatcher for DefaultDaemonConnection: socket connection from /127.0.0.1:54248 to /127.0.0.1:54249" [_thread_blocked, id=17912, stack(0x000000001cbe0000,0x000000001cce0000)]
  0x000000001a105800 JavaThread "Daemon worker" [_thread_in_vm, id=13528, stack(0x000000001cae0000,0x000000001cbe0000)]
  0x000000001a104800 JavaThread "Cancel handler" [_thread_blocked, id=1632, stack(0x000000001c9e0000,0x000000001cae0000)]
  0x000000001b234800 JavaThread "Handler for socket connection from /127.0.0.1:54248 to /127.0.0.1:54249" [_thread_in_native, id=18352, stack(0x000000001c6e0000,0x000000001c7e0000)]
  0x000000001b224800 JavaThread "Daemon" [_thread_blocked, id=14968, stack(0x000000001c5e0000,0x000000001c6e0000)]
  0x000000001b226000 JavaThread "Daemon periodic checks" [_thread_blocked, id=13652, stack(0x000000001c4e0000,0x000000001c5e0000)]
  0x000000001b1e7800 JavaThread "Incoming local TCP Connector on port 54248" [_thread_in_native, id=15208, stack(0x000000001c280000,0x000000001c380000)]
  0x0000000019f83800 JavaThread "Service Thread" daemon [_thread_blocked, id=3352, stack(0x000000001a370000,0x000000001a470000)]
  0x0000000018505000 JavaThread "C1 CompilerThread2" daemon [_thread_blocked, id=17284, stack(0x0000000019e70000,0x0000000019f70000)]
  0x0000000018501000 JavaThread "C2 CompilerThread1" daemon [_thread_in_native, id=3212, stack(0x0000000019d70000,0x0000000019e70000)]
=>0x00000000184fb800 JavaThread "C2 CompilerThread0" daemon [_thread_in_native, id=9808, stack(0x0000000019c70000,0x0000000019d70000)]
  0x00000000184fa000 JavaThread "Attach Listener" daemon [_thread_blocked, id=13140, stack(0x0000000019b70000,0x0000000019c70000)]
  0x00000000184f9000 JavaThread "Signal Dispatcher" daemon [_thread_blocked, id=9344, stack(0x0000000019a70000,0x0000000019b70000)]
  0x0000000004b8c000 JavaThread "Finalizer" daemon [_thread_blocked, id=7840, stack(0x0000000019750000,0x0000000019850000)]
  0x0000000004b81000 JavaThread "Reference Handler" daemon [_thread_blocked, id=13360, stack(0x0000000019650000,0x0000000019750000)]
  0x0000000004a8d800 JavaThread "main" [_thread_blocked, id=11512, stack(0x0000000004920000,0x0000000004a20000)]

Other Threads:
  0x00000000184c5800 VMThread [stack: 0x0000000019550000,0x0000000019650000] [id=17404]
  0x0000000019f8d800 WatcherThread [stack: 0x000000001a470000,0x000000001a570000] [id=18036]

VM state:not at safepoint (normal execution)

VM Mutex/Monitor currently owned by a thread: None

Heap:
 PSYoungGen      total 58368K, used 5978K [0x00000000e0000000, 0x00000000e7200000, 0x0000000100000000)
  eden space 54272K, 3% used [0x00000000e0000000,0x00000000e01da908,0x00000000e3500000)
  from space 4096K, 99% used [0x00000000e3500000,0x00000000e38fc010,0x00000000e3900000)
  to   space 4096K, 0% used [0x00000000e6e00000,0x00000000e6e00000,0x00000000e7200000)
 ParOldGen       total 71168K, used 5268K [0x00000000a0000000, 0x00000000a4580000, 0x00000000e0000000)
  object space 71168K, 7% used [0x00000000a0000000,0x00000000a05252a8,0x00000000a4580000)
 Metaspace       used 15317K, capacity 15602K, committed 15872K, reserved 1062912K
  class space    used 2156K, capacity 2253K, committed 2304K, reserved 1048576K

Card table byte_map: [0x0000000013f50000,0x0000000014260000] byte_map_base: 0x0000000013a50000

Marking Bits: (ParMarkBitMap*) 0x0000000056cd3950
 Begin Bits: [0x0000000014860000, 0x0000000016060000)
 End Bits:   [0x0000000016060000, 0x0000000017860000)

Polling page: 0x0000000002e10000

CodeCache: size=245760Kb used=5150Kb max_used=5150Kb free=240609Kb
 bounds [0x0000000004b90000, 0x00000000050a0000, 0x0000000013b90000]
 total_blobs=1881 nmethods=1508 adapters=286
 compilation: enabled

Compilation events (10 events):
Event: 6.555 Thread 0x0000000018505000 nmethod 1507 0x000000000508f390 code [0x000000000508f500, 0x000000000508f688]
Event: 6.556 Thread 0x0000000018505000 1508       1       sun.misc.ProxyGenerator::access$800 (5 bytes)
Event: 6.556 Thread 0x0000000018505000 nmethod 1508 0x000000000508f090 code [0x000000000508f1e0, 0x000000000508f2d0]
Event: 6.557 Thread 0x0000000018505000 1509       3       java.lang.Class::arrayContentsEq (70 bytes)
Event: 6.558 Thread 0x0000000018505000 nmethod 1509 0x0000000005099490 code [0x0000000005099620, 0x0000000005099a50]
Event: 6.558 Thread 0x0000000018505000 1510       3       sun.misc.ProxyGenerator::access$700 (7 bytes)
Event: 6.558 Thread 0x0000000018505000 nmethod 1510 0x0000000005099bd0 code [0x0000000005099d40, 0x0000000005099f28]
Event: 6.562 Thread 0x00000000184fb800 1511   !   4       java.net.URLClassLoader$1::run (63 bytes)
Event: 6.566 Thread 0x0000000018505000 1512       3       java.util.ArrayList::isEmpty (13 bytes)
Event: 6.566 Thread 0x0000000018505000 nmethod 1512 0x000000000509a050 code [0x000000000509a1a0, 0x000000000509a350]

GC Heap History (6 events):
Event: 1.391 GC heap before
{Heap before GC invocations=1 (full 0):
 PSYoungGen      total 31232K, used 27136K [0x00000000e0000000, 0x00000000e2280000, 0x0000000100000000)
  eden space 27136K, 100% used [0x00000000e0000000,0x00000000e1a80000,0x00000000e1a80000)
  from space 4096K, 0% used [0x00000000e1e80000,0x00000000e1e80000,0x00000000e2280000)
  to   space 4096K, 0% used [0x00000000e1a80000,0x00000000e1a80000,0x00000000e1e80000)
 ParOldGen       total 71168K, used 0K [0x00000000a0000000, 0x00000000a4580000, 0x00000000e0000000)
  object space 71168K, 0% used [0x00000000a0000000,0x00000000a0000000,0x00000000a4580000)
 Metaspace       used 6889K, capacity 7126K, committed 7424K, reserved 1056768K
  class space    used 841K, capacity 911K, committed 1024K, reserved 1048576K
Event: 1.412 GC heap after
Heap after GC invocations=1 (full 0):
 PSYoungGen      total 31232K, used 4077K [0x00000000e0000000, 0x00000000e3d00000, 0x0000000100000000)
  eden space 27136K, 0% used [0x00000000e0000000,0x00000000e0000000,0x00000000e1a80000)
  from space 4096K, 99% used [0x00000000e1a80000,0x00000000e1e7b7d0,0x00000000e1e80000)
  to   space 4096K, 0% used [0x00000000e3900000,0x00000000e3900000,0x00000000e3d00000)
 ParOldGen       total 71168K, used 8K [0x00000000a0000000, 0x00000000a4580000, 0x00000000e0000000)
  object space 71168K, 0% used [0x00000000a0000000,0x00000000a0002000,0x00000000a4580000)
 Metaspace       used 6889K, capacity 7126K, committed 7424K, reserved 1056768K
  class space    used 841K, capacity 911K, committed 1024K, reserved 1048576K
}
Event: 2.331 GC heap before
{Heap before GC invocations=2 (full 0):
 PSYoungGen      total 31232K, used 31213K [0x00000000e0000000, 0x00000000e3d00000, 0x0000000100000000)
  eden space 27136K, 100% used [0x00000000e0000000,0x00000000e1a80000,0x00000000e1a80000)
  from space 4096K, 99% used [0x00000000e1a80000,0x00000000e1e7b7d0,0x00000000e1e80000)
  to   space 4096K, 0% used [0x00000000e3900000,0x00000000e3900000,0x00000000e3d00000)
 ParOldGen       total 71168K, used 8K [0x00000000a0000000, 0x00000000a4580000, 0x00000000e0000000)
  object space 71168K, 0% used [0x00000000a0000000,0x00000000a0002000,0x00000000a4580000)
 Metaspace       used 8372K, capacity 8598K, committed 8832K, reserved 1056768K
  class space    used 1065K, capacity 1145K, committed 1152K, reserved 1048576K
Event: 2.356 GC heap after
Heap after GC invocations=2 (full 0):
 PSYoungGen      total 58368K, used 3766K [0x00000000e0000000, 0x00000000e3d00000, 0x0000000100000000)
  eden space 54272K, 0% used [0x00000000e0000000,0x00000000e0000000,0x00000000e3500000)
  from space 4096K, 91% used [0x00000000e3900000,0x00000000e3cadb20,0x00000000e3d00000)
  to   space 4096K, 0% used [0x00000000e3500000,0x00000000e3500000,0x00000000e3900000)
 ParOldGen       total 71168K, used 8K [0x00000000a0000000, 0x00000000a4580000, 0x00000000e0000000)
  object space 71168K, 0% used [0x00000000a0000000,0x00000000a0002000,0x00000000a4580000)
 Metaspace       used 8372K, capacity 8598K, committed 8832K, reserved 1056768K
  class space    used 1065K, capacity 1145K, committed 1152K, reserved 1048576K
}
Event: 6.515 GC heap before
{Heap before GC invocations=3 (full 0):
 PSYoungGen      total 58368K, used 58038K [0x00000000e0000000, 0x00000000e3d00000, 0x0000000100000000)
  eden space 54272K, 100% used [0x00000000e0000000,0x00000000e3500000,0x00000000e3500000)
  from space 4096K, 91% used [0x00000000e3900000,0x00000000e3cadb20,0x00000000e3d00000)
  to   space 4096K, 0% used [0x00000000e3500000,0x00000000e3500000,0x00000000e3900000)
 ParOldGen       total 71168K, used 8K [0x00000000a0000000, 0x00000000a4580000, 0x00000000e0000000)
  object space 71168K, 0% used [0x00000000a0000000,0x00000000a0002000,0x00000000a4580000)
 Metaspace       used 15098K, capacity 15442K, committed 15616K, reserved 1062912K
  class space    used 2118K, capacity 2221K, committed 2304K, reserved 1048576K
Event: 6.533 GC heap after
Heap after GC invocations=3 (full 0):
 PSYoungGen      total 58368K, used 4080K [0x00000000e0000000, 0x00000000e7200000, 0x0000000100000000)
  eden space 54272K, 0% used [0x00000000e0000000,0x00000000e0000000,0x00000000e3500000)
  from space 4096K, 99% used [0x00000000e3500000,0x00000000e38fc010,0x00000000e3900000)
  to   space 4096K, 0% used [0x00000000e6e00000,0x00000000e6e00000,0x00000000e7200000)
 ParOldGen       total 71168K, used 5268K [0x00000000a0000000, 0x00000000a4580000, 0x00000000e0000000)
  object space 71168K, 7% used [0x00000000a0000000,0x00000000a05252a8,0x00000000a4580000)
 Metaspace       used 15098K, capacity 15442K, committed 15616K, reserved 1062912K
  class space    used 2118K, capacity 2221K, committed 2304K, reserved 1048576K
}

Deoptimization events (10 events):
Event: 2.505 Thread 0x0000000004a8d800 Uncommon trap: reason=bimorphic action=maybe_recompile pc=0x0000000004eca80c method=java.util.HashMap.putVal(ILjava/lang/Object;Ljava/lang/Object;ZZ)Ljava/lang/Object; @ 203
Event: 3.839 Thread 0x0000000004a8d800 Uncommon trap: reason=unstable_if action=reinterpret pc=0x0000000004e43bf4 method=java.io.WinNTFileSystem.normalize(Ljava/lang/String;)Ljava/lang/String; @ 128
Event: 3.839 Thread 0x0000000004a8d800 Uncommon trap: reason=unstable_if action=reinterpret pc=0x0000000004eb69a4 method=java.io.WinNTFileSystem.normalize(Ljava/lang/String;II)Ljava/lang/String; @ 90
Event: 5.121 Thread 0x000000001b234800 Uncommon trap: reason=unstable_if action=reinterpret pc=0x0000000004f42660 method=java.util.concurrent.ConcurrentHashMap.putVal(Ljava/lang/Object;Ljava/lang/Object;Z)Ljava/lang/Object; @ 206
Event: 5.350 Thread 0x000000001a105800 Uncommon trap: reason=bimorphic action=maybe_recompile pc=0x0000000004ec9940 method=java.util.HashMap.putVal(ILjava/lang/Object;Ljava/lang/Object;ZZ)Ljava/lang/Object; @ 253
Event: 5.350 Thread 0x000000001a105800 Uncommon trap: reason=bimorphic action=maybe_recompile pc=0x0000000004ec9940 method=java.util.HashMap.putVal(ILjava/lang/Object;Ljava/lang/Object;ZZ)Ljava/lang/Object; @ 253
Event: 5.368 Thread 0x000000001a105800 Uncommon trap: reason=class_check action=maybe_recompile pc=0x0000000004e3e798 method=java.util.regex.Matcher.match(II)Z @ 86
Event: 5.917 Thread 0x000000001a105800 Uncommon trap: reason=class_check action=maybe_recompile pc=0x0000000004e3e798 method=java.util.regex.Matcher.match(II)Z @ 86
Event: 5.917 Thread 0x000000001a105800 Uncommon trap: reason=class_check action=maybe_recompile pc=0x0000000004e0240c method=java.util.regex.Matcher.match(II)Z @ 86
Event: 6.270 Thread 0x000000001a105800 Uncommon trap: reason=unstable_if action=reinterpret pc=0x0000000005026bb4 method=java.lang.String.lastIndexOf([CII[CIII)I @ 66

Classes redefined (0 events):
No events

Internal exceptions (10 events):
Event: 5.145 Thread 0x000000001b234800 Exception <a 'java/lang/NoSuchMethodError': <clinit>> (0x00000000e0d977c8) thrown at [D:\src\AOSP-openjdk-cygwin\jdk8u\hotspot\src\share\vm\prims\jni.cpp, line 1613]
Event: 5.160 Thread 0x000000001b234800 Exception <a 'java/lang/NoSuchMethodError': <clinit>> (0x00000000e0daf2c8) thrown at [D:\src\AOSP-openjdk-cygwin\jdk8u\hotspot\src\share\vm\prims\jni.cpp, line 1613]
Event: 5.162 Thread 0x000000001b234800 Exception <a 'java/lang/NoSuchMethodError': <clinit>> (0x00000000e0db7d90) thrown at [D:\src\AOSP-openjdk-cygwin\jdk8u\hotspot\src\share\vm\prims\jni.cpp, line 1613]
Event: 5.170 Thread 0x000000001b234800 Exception <a 'java/lang/NoSuchMethodError': <clinit>> (0x00000000e0dc93f8) thrown at [D:\src\AOSP-openjdk-cygwin\jdk8u\hotspot\src\share\vm\prims\jni.cpp, line 1613]
Event: 5.203 Thread 0x000000001b234800 Exception <a 'java/lang/NoSuchMethodError': <clinit>> (0x00000000e0e2fdd8) thrown at [D:\src\AOSP-openjdk-cygwin\jdk8u\hotspot\src\share\vm\prims\jni.cpp, line 1613]
Event: 5.208 Thread 0x000000001b234800 Exception <a 'java/lang/NoSuchMethodError': <clinit>> (0x00000000e0e538e8) thrown at [D:\src\AOSP-openjdk-cygwin\jdk8u\hotspot\src\share\vm\prims\jni.cpp, line 1613]
Event: 5.217 Thread 0x000000001b234800 Exception <a 'java/lang/NoSuchMethodError': <clinit>> (0x00000000e0e6e638) thrown at [D:\src\AOSP-openjdk-cygwin\jdk8u\hotspot\src\share\vm\prims\jni.cpp, line 1613]
Event: 5.220 Thread 0x000000001b234800 Exception <a 'java/lang/NoSuchMethodError': <clinit>> (0x00000000e0e914c0) thrown at [D:\src\AOSP-openjdk-cygwin\jdk8u\hotspot\src\share\vm\prims\jni.cpp, line 1613]
Event: 5.330 Thread 0x000000001a105800 Exception <a 'java/lang/NoSuchMethodError': <clinit>> (0x00000000e0f9b1f8) thrown at [D:\src\AOSP-openjdk-cygwin\jdk8u\hotspot\src\share\vm\prims\jni.cpp, line 1613]
Event: 5.334 Thread 0x000000001a105800 Exception <a 'java/lang/NoSuchMethodError': <clinit>> (0x00000000e0fa3480) thrown at [D:\src\AOSP-openjdk-cygwin\jdk8u\hotspot\src\share\vm\prims\jni.cpp, line 1613]

Events (10 events):
Event: 6.567 loading class java/util/TreeMap$ValueIterator
Event: 6.568 loading class java/util/TreeMap$ValueIterator done
Event: 6.568 loading class groovy/lang/Closure
Event: 6.568 loading class groovy/lang/Closure done
Event: 6.568 loading class groovy/lang/GroovyCallable
Event: 6.568 loading class groovy/lang/GroovyCallable done
Event: 6.569 loading class groovy/lang/GroovyObjectSupport
Event: 6.569 loading class groovy/lang/GroovyObjectSupport done
Event: 6.569 loading class com/google/common/collect/LinkedHashMultimap$ValueSet
Event: 6.569 loading class com/google/common/collect/LinkedHashMultimap$ValueSet done


Dynamic libraries:
0x00007ff7109e0000 - 0x00007ff710a11000 	C:\Program Files\Android\Android Studio\jre\bin\java.exe
0x00007ffc06920000 - 0x00007ffc06b00000 	C:\WINDOWS\SYSTEM32\ntdll.dll
0x00007ffc06720000 - 0x00007ffc067ce000 	C:\WINDOWS\System32\KERNEL32.DLL
0x00007ffc03270000 - 0x00007ffc034d6000 	C:\WINDOWS\System32\KERNELBASE.dll
0x00007ffc04920000 - 0x00007ffc049c1000 	C:\WINDOWS\System32\ADVAPI32.dll
0x00007ffc03df0000 - 0x00007ffc03e8d000 	C:\WINDOWS\System32\msvcrt.dll
0x00007ffc04570000 - 0x00007ffc045cb000 	C:\WINDOWS\System32\sechost.dll
0x00007ffc067d0000 - 0x00007ffc068ef000 	C:\WINDOWS\System32\RPCRT4.dll
0x00007ffc04260000 - 0x00007ffc043ef000 	C:\WINDOWS\System32\USER32.dll
0x00007ffc03c30000 - 0x00007ffc03c50000 	C:\WINDOWS\System32\win32u.dll
0x00007ffc04090000 - 0x00007ffc040b8000 	C:\WINDOWS\System32\GDI32.dll
0x00007ffc03c50000 - 0x00007ffc03de3000 	C:\WINDOWS\System32\gdi32full.dll
0x00007ffc030d0000 - 0x00007ffc0316b000 	C:\WINDOWS\System32\msvcp_win.dll
0x00007ffc03170000 - 0x00007ffc03266000 	C:\WINDOWS\System32\ucrtbase.dll
0x00007ffbf8a30000 - 0x00007ffbf8c99000 	C:\WINDOWS\WinSxS\amd64_microsoft.windows.common-controls_6595b64144ccf1df_6.0.16299.371_none_15c7d1789365a290\COMCTL32.dll
0x00007ffc063b0000 - 0x00007ffc066b8000 	C:\WINDOWS\System32\combase.dll
0x00007ffc02ff0000 - 0x00007ffc03062000 	C:\WINDOWS\System32\bcryptPrimitives.dll
0x00007ffc03fb0000 - 0x00007ffc03fdd000 	C:\WINDOWS\System32\IMM32.DLL
0x0000000056ff0000 - 0x00000000570c2000 	C:\Program Files\Android\Android Studio\jre\jre\bin\msvcr100.dll
0x0000000056510000 - 0x0000000056d4e000 	C:\Program Files\Android\Android Studio\jre\jre\bin\server\jvm.dll
0x00007ffc043f0000 - 0x00007ffc043f8000 	C:\WINDOWS\System32\PSAPI.DLL
0x00007ffbfe8c0000 - 0x00007ffbfe8c9000 	C:\WINDOWS\SYSTEM32\WSOCK32.dll
0x00007ffc04720000 - 0x00007ffc0478c000 	C:\WINDOWS\System32\WS2_32.dll
0x00007ffbffba0000 - 0x00007ffbffbc3000 	C:\WINDOWS\SYSTEM32\WINMM.dll
0x00007ffbfd600000 - 0x00007ffbfd60a000 	C:\WINDOWS\SYSTEM32\VERSION.dll
0x00007ffbffb40000 - 0x00007ffbffb6a000 	C:\WINDOWS\SYSTEM32\WINMMBASE.dll
0x00007ffc02d20000 - 0x00007ffc02d6a000 	C:\WINDOWS\System32\cfgmgr32.dll
0x00007ffbfdf70000 - 0x00007ffbfdf7f000 	C:\Program Files\Android\Android Studio\jre\jre\bin\verify.dll
0x00007ffbecdc0000 - 0x00007ffbecde9000 	C:\Program Files\Android\Android Studio\jre\jre\bin\java.dll
0x00007ffbf4da0000 - 0x00007ffbf4db6000 	C:\Program Files\Android\Android Studio\jre\jre\bin\zip.dll
0x00007ffc04f50000 - 0x00007ffc06386000 	C:\WINDOWS\System32\SHELL32.dll
0x00007ffc03fe0000 - 0x00007ffc04086000 	C:\WINDOWS\System32\shcore.dll
0x00007ffc034e0000 - 0x00007ffc03c27000 	C:\WINDOWS\System32\windows.storage.dll
0x00007ffc03f30000 - 0x00007ffc03f81000 	C:\WINDOWS\System32\shlwapi.dll
0x00007ffc02d00000 - 0x00007ffc02d11000 	C:\WINDOWS\System32\kernel.appcore.dll
0x00007ffc02cb0000 - 0x00007ffc02cfc000 	C:\WINDOWS\System32\powrprof.dll
0x00007ffc02c90000 - 0x00007ffc02cab000 	C:\WINDOWS\System32\profapi.dll
0x00007ffbf4630000 - 0x00007ffbf464a000 	C:\Program Files\Android\Android Studio\jre\jre\bin\net.dll
0x00007ffc02500000 - 0x00007ffc02566000 	C:\WINDOWS\system32\mswsock.dll
0x00007ffbf3200000 - 0x00007ffbf3211000 	C:\Program Files\Android\Android Studio\jre\jre\bin\nio.dll
0x00007ffbf73d0000 - 0x00007ffbf73ee000 	C:\Users\Luca\.gradle\native\25\windows-amd64\native-platform.dll
0x00007ffbffdb0000 - 0x00007ffbffdbd000 	C:\Program Files\Android\Android Studio\jre\jre\bin\management.dll
0x00007ffc026d0000 - 0x00007ffc026e7000 	C:\WINDOWS\SYSTEM32\CRYPTSP.dll
0x00007ffc02100000 - 0x00007ffc02133000 	C:\WINDOWS\system32\rsaenh.dll
0x00007ffc027d0000 - 0x00007ffc027f5000 	C:\WINDOWS\SYSTEM32\bcrypt.dll
0x00007ffc02b70000 - 0x00007ffc02b99000 	C:\WINDOWS\SYSTEM32\USERENV.dll
0x00007ffc026c0000 - 0x00007ffc026cb000 	C:\WINDOWS\SYSTEM32\CRYPTBASE.dll
0x00007ffc02290000 - 0x00007ffc022c9000 	C:\WINDOWS\SYSTEM32\IPHLPAPI.DLL
0x00007ffc03fa0000 - 0x00007ffc03fa8000 	C:\WINDOWS\System32\NSI.dll
0x00007ffbfd240000 - 0x00007ffbfd256000 	C:\WINDOWS\SYSTEM32\dhcpcsvc6.DLL
0x00007ffbfd220000 - 0x00007ffbfd23a000 	C:\WINDOWS\SYSTEM32\dhcpcsvc.DLL

VM Arguments:
jvm_args: -Xmx1536m -Dfile.encoding=windows-1252 -Duser.country=AT -Duser.language=de -Duser.variant 
java_command: org.gradle.launcher.daemon.bootstrap.GradleDaemon 4.4
java_class_path (initial): C:\Users\Luca\.gradle\wrapper\dists\gradle-4.4-all\9br9xq1tocpiv8o6njlyu5op1\gradle-4.4\lib\gradle-launcher-4.4.jar
Launcher Type: SUN_STANDARD

Environment Variables:
PATH=C:\ProgramData\Oracle\Java\javapath;C:\Program Files (x86)\Intel\iCLS Client\;C:\Program Files\Intel\iCLS Client\;C:\Program Files (x86)\NVIDIA Corporation\PhysX\Common;C:\Windows\system32;C:\Windows;C:\Windows\System32\Wbem;C:\Windows\System32\WindowsPowerShell\v1.0\;C:\Program Files (x86)\Acer\abFiles\;C:\Program Files\Intel\Intel(R) Management Engine Components\DAL;C:\Program Files (x86)\Intel\Intel(R) Management Engine Components\DAL;C:\Program Files\Intel\Intel(R) Management Engine Components\IPT;C:\Program Files (x86)\Intel\Intel(R) Management Engine Components\IPT;C:\WINDOWS\system32;C:\WINDOWS;C:\WINDOWS\System32\Wbem;C:\WINDOWS\System32\WindowsPowerShell\v1.0\;C:\Program Files\MySQL\MySQL Utilities 1.6\;C:\Users\Luca\AppData\Local\Microsoft\WindowsApps;C:\Users\Luca\AppData\Local\GitHubDesktop\bin
USERNAME=Luca
OS=Windows_NT
PROCESSOR_IDENTIFIER=Intel64 Family 6 Model 61 Stepping 4, GenuineIntel



---------------  S Y S T E M  ---------------

OS: Windows 10.0 , 64 bit Build 16299 (10.0.16299.15)

CPU:total 4 (initial active 4) (2 cores per cpu, 2 threads per core) family 6 model 61 stepping 4, cmov, cx8, fxsr, mmx, sse, sse2, sse3, ssse3, sse4.1, sse4.2, popcnt, avx, avx2, aes, clmul, erms, 3dnowpref, lzcnt, ht, tsc, tscinvbit, bmi1, bmi2, adx

Memory: 4k page, physical 6744528k(638060k free), swap 6744528k(4468k free)

vm_info: OpenJDK 64-Bit Server VM (25.152-b01) for windows-amd64 JRE (1.8.0_152-release-915-b01), built by "builder" with MS VC++ 10.0 (VS2010)

time: Tue Apr 17 15:52:58 2018
elapsed time: 6 seconds (0d 0h 0m 6s)

