#
# There is insufficient memory for the Java Runtime Environment to continue.
# Native memory allocation (malloc) failed to allocate 1118000 bytes for Chunk::new
# Possible reasons:
#   The system is out of physical RAM or swap space
#   In 32 bit mode, the process size limit was hit
# Possible solutions:
#   Reduce memory load on the system
#   Increase physical memory or swap space
#   Check if swap backing store is full
#   Use 64 bit Java on a 64 bit OS
#   Decrease Java heap size (-Xmx/-Xms)
#   Decrease number of Java threads
#   Decrease Java thread stack sizes (-Xss)
#   Set larger code cache with -XX:ReservedCodeCacheSize=
# This output file may be truncated or incomplete.
#
#  Out of Memory Error (allocation.cpp:390), pid=23508, tid=0x00000000000035fc
#
# JRE version: OpenJDK Runtime Environment (8.0_152-b01) (build 1.8.0_152-release-915-b01)
# Java VM: OpenJDK 64-Bit Server VM (25.152-b01 mixed mode windows-amd64 compressed oops)
# Failed to write core dump. Minidumps are not enabled by default on client versions of Windows
#

---------------  T H R E A D  ---------------

Current thread (0x000000001835c800):  JavaThread "C2 CompilerThread0" daemon [_thread_in_native, id=13820, stack(0x0000000019ad0000,0x0000000019bd0000)]

Stack: [0x0000000019ad0000,0x0000000019bd0000]
[error occurred during error reporting (printing stack bounds), id 0xc0000005]

Native frames: (J=compiled Java code, j=interpreted, Vv=VM code, C=native code)


Current CompileTask:
C2:  23685 11760       4       com.android.tools.r8.ir.optimize.PeepholeOptimizer::shareIdenticalBlockSuffix (654 bytes)


---------------  P R O C E S S  ---------------

Java Threads: ( => current thread )
  0x0000000027b95800 JavaThread "ForkJoinPool.commonPool-worker-42" daemon [_thread_in_Java, id=17488, stack(0x0000000029eb0000,0x0000000029fb0000)]
  0x0000000027b97000 JavaThread "ForkJoinPool.commonPool-worker-25" daemon [_thread_in_Java, id=22768, stack(0x0000000029db0000,0x0000000029eb0000)]
  0x0000000027b94000 JavaThread "ForkJoinPool.commonPool-worker-26" daemon [_thread_in_Java, id=22232, stack(0x0000000029cb0000,0x0000000029db0000)]
  0x0000000027b93000 JavaThread "ForkJoinPool.commonPool-worker-16" daemon [_thread_in_Java, id=13912, stack(0x0000000029bb0000,0x0000000029cb0000)]
  0x0000000027b99000 JavaThread "ForkJoinPool.commonPool-worker-21" daemon [_thread_in_Java, id=19084, stack(0x0000000029ab0000,0x0000000029bb0000)]
  0x000000001d1b9800 JavaThread "ForkJoinPool.commonPool-worker-28" daemon [_thread_in_vm, id=9860, stack(0x00000000299b0000,0x0000000029ab0000)]
  0x000000002496d800 JavaThread "ForkJoinPool.commonPool-worker-22" daemon [_thread_in_native, id=22284, stack(0x00000000296d0000,0x00000000297d0000)]
  0x0000000024973800 JavaThread "ForkJoinPool.commonPool-worker-29" daemon [_thread_in_Java, id=20920, stack(0x0000000029240000,0x0000000029340000)]
  0x0000000024970800 JavaThread "ForkJoinPool.commonPool-worker-17" daemon [_thread_in_Java, id=14512, stack(0x0000000029140000,0x0000000029240000)]
  0x000000002496e000 JavaThread "ForkJoinPool.commonPool-worker-24" daemon [_thread_blocked, id=14008, stack(0x0000000029040000,0x0000000029140000)]
  0x0000000024970000 JavaThread "ForkJoinPool.commonPool-worker-31" daemon [_thread_in_Java, id=18508, stack(0x0000000028f40000,0x0000000029040000)]
  0x0000000024973000 JavaThread "ForkJoinPool.commonPool-worker-23" daemon [_thread_in_native, id=13676, stack(0x0000000028e40000,0x0000000028f40000)]
  0x0000000024972000 JavaThread "ForkJoinPool.commonPool-worker-30" daemon [_thread_in_Java, id=22780, stack(0x0000000028d40000,0x0000000028e40000)]
  0x0000000024966000 JavaThread "ForkJoinPool.commonPool-worker-20" daemon [_thread_in_Java, id=23296, stack(0x0000000028c40000,0x0000000028d40000)]
  0x000000002496c800 JavaThread "ForkJoinPool.commonPool-worker-27" daemon [_thread_in_Java, id=23304, stack(0x0000000028b40000,0x0000000028c40000)]
  0x0000000024966800 JavaThread "ForkJoinPool.commonPool-worker-19" daemon [_thread_in_Java, id=20900, stack(0x0000000028840000,0x0000000028940000)]
  0x0000000024968000 JavaThread "ForkJoinPool.commonPool-worker-18" daemon [_thread_in_Java, id=15500, stack(0x0000000028740000,0x0000000028840000)]
  0x0000000024969800 JavaThread "ForkJoinPool.commonPool-worker-8" daemon [_thread_in_native, id=22304, stack(0x0000000028640000,0x0000000028740000)]
  0x0000000024967800 JavaThread "ForkJoinPool.commonPool-worker-15" daemon [_thread_blocked, id=13336, stack(0x0000000028540000,0x0000000028640000)]
  0x000000002496c000 JavaThread "ForkJoinPool.commonPool-worker-13" daemon [_thread_in_vm, id=15212, stack(0x0000000027470000,0x0000000027570000)]
  0x0000000024965000 JavaThread "ForkJoinPool.commonPool-worker-9" daemon [_thread_in_native, id=17876, stack(0x0000000027370000,0x0000000027470000)]
  0x000000002496a800 JavaThread "ForkJoinPool.commonPool-worker-14" daemon [_thread_blocked, id=21060, stack(0x00000000262a0000,0x00000000263a0000)]
  0x000000001ee18800 JavaThread "ForkJoinPool.commonPool-worker-12" daemon [_thread_in_Java, id=19740, stack(0x00000000261a0000,0x00000000262a0000)]
  0x000000001d1c7000 JavaThread "ForkJoinPool.commonPool-worker-10" daemon [_thread_blocked, id=23216, stack(0x00000000260a0000,0x00000000261a0000)]
  0x000000001d1c6800 JavaThread "ForkJoinPool.commonPool-worker-11" daemon [_thread_blocked, id=22616, stack(0x0000000025fa0000,0x00000000260a0000)]
  0x000000001d1c5000 JavaThread "ForkJoinPool.commonPool-worker-5" daemon [_thread_in_Java, id=22916, stack(0x0000000025ea0000,0x0000000025fa0000)]
  0x000000001d1c3800 JavaThread "ForkJoinPool.commonPool-worker-7" daemon [_thread_blocked, id=22488, stack(0x0000000025da0000,0x0000000025ea0000)]
  0x000000001d1c4000 JavaThread "ForkJoinPool.commonPool-worker-6" daemon [_thread_blocked, id=7852, stack(0x0000000025aa0000,0x0000000025ba0000)]
  0x000000001d1c2800 JavaThread "ForkJoinPool.commonPool-worker-4" daemon [_thread_blocked, id=22876, stack(0x00000000259a0000,0x0000000025aa0000)]
  0x000000001d1c5800 JavaThread "ForkJoinPool.commonPool-worker-0" daemon [_thread_in_Java, id=23072, stack(0x00000000258a0000,0x00000000259a0000)]
  0x000000001d1bc800 JavaThread "ForkJoinPool.commonPool-worker-3" daemon [_thread_in_Java, id=21988, stack(0x00000000257a0000,0x00000000258a0000)]
  0x000000001d1c2000 JavaThread "ForkJoinPool.commonPool-worker-2" daemon [_thread_in_Java, id=23424, stack(0x00000000256a0000,0x00000000257a0000)]
  0x000000001d1c1000 JavaThread "ForkJoinPool.commonPool-worker-1" daemon [_thread_blocked, id=23428, stack(0x00000000255a0000,0x00000000256a0000)]
  0x000000001d1bf000 JavaThread "Task worker for ':' Thread 3" [_thread_blocked, id=23208, stack(0x00000000244d0000,0x00000000245d0000)]
  0x000000001d1bc000 JavaThread "Task worker for ':' Thread 2" [_thread_blocked, id=23212, stack(0x00000000243d0000,0x00000000244d0000)]
  0x000000001d1bb000 JavaThread "Task worker for ':'" [_thread_blocked, id=23196, stack(0x00000000242d0000,0x00000000243d0000)]
  0x000000001d1b9000 JavaThread "Cache worker for Build Output Cleanup Cache (C:\Users\Luca\Documents\GitHub\UNOPlus\.gradle\buildOutputCleanup)" [_thread_blocked, id=22940, stack(0x00000000241d0000,0x00000000242d0000)]
  0x000000001d1bf800 JavaThread "Cache worker for task history cache (C:\Users\Luca\Documents\GitHub\UNOPlus\.gradle\4.4\taskHistory)" [_thread_blocked, id=22892, stack(0x00000000240d0000,0x00000000241d0000)]
  0x000000001d1bd800 JavaThread "Cache worker for file content cache (C:\Users\Luca\Documents\GitHub\UNOPlus\.gradle\4.4\fileContent)" [_thread_blocked, id=23172, stack(0x0000000023fd0000,0x00000000240d0000)]
  0x000000001d1ba800 JavaThread "Memory manager" [_thread_blocked, id=23148, stack(0x0000000022c90000,0x0000000022d90000)]
  0x000000001ee16000 JavaThread "pool-1-thread-1" [_thread_blocked, id=23144, stack(0x0000000022b90000,0x0000000022c90000)]
  0x000000001ee14800 JavaThread "build operations Thread 4" [_thread_blocked, id=23008, stack(0x0000000022390000,0x0000000022490000)]
  0x000000001ee13800 JavaThread "build operations Thread 3" [_thread_blocked, id=22992, stack(0x0000000022290000,0x0000000022390000)]
  0x000000001ee15800 JavaThread "build operations Thread 2" [_thread_blocked, id=22996, stack(0x0000000022190000,0x0000000022290000)]
  0x000000001ee13000 JavaThread "build operations" [_thread_blocked, id=23088, stack(0x0000000021e90000,0x0000000021f90000)]
  0x000000001ee19000 JavaThread "Cache worker for Artifact transforms cache (C:\Users\Luca\.gradle\caches\transforms-1)" [_thread_blocked, id=23024, stack(0x0000000021a90000,0x0000000021b90000)]
  0x000000001b5c8800 JavaThread "Cache worker for file hash cache (C:\Users\Luca\Documents\GitHub\UNOPlus\.gradle\4.4\fileHashes)" [_thread_blocked, id=23440, stack(0x000000001e010000,0x000000001e110000)]
  0x000000001b817000 JavaThread "File lock request listener" [_thread_in_native, id=23436, stack(0x000000001cf40000,0x000000001d040000)]
  0x000000001b816000 JavaThread "Cache worker for file hash cache (C:\Users\Luca\.gradle\caches\4.4\fileHashes)" [_thread_blocked, id=23268, stack(0x000000001ce40000,0x000000001cf40000)]
  0x000000001b53c000 JavaThread "Stdin handler" [_thread_blocked, id=23536, stack(0x000000001cb40000,0x000000001cc40000)]
  0x000000001b53b000 JavaThread "Asynchronous log dispatcher for DefaultDaemonConnection: socket connection from /127.0.0.1:55218 to /127.0.0.1:55219" [_thread_blocked, id=23408, stack(0x000000001ca40000,0x000000001cb40000)]
  0x000000001b54d000 JavaThread "Daemon worker" [_thread_blocked, id=18156, stack(0x000000001c940000,0x000000001ca40000)]
  0x000000001b54b000 JavaThread "Cancel handler" [_thread_blocked, id=15432, stack(0x000000001c840000,0x000000001c940000)]
  0x000000001b50e800 JavaThread "Handler for socket connection from /127.0.0.1:55218 to /127.0.0.1:55219" [_thread_in_native, id=23432, stack(0x000000001c540000,0x000000001c640000)]
  0x000000001b50e000 JavaThread "Daemon" [_thread_blocked, id=23248, stack(0x000000001c440000,0x000000001c540000)]
  0x000000001b4ff800 JavaThread "Daemon periodic checks" [_thread_blocked, id=23420, stack(0x000000001c340000,0x000000001c440000)]
  0x000000001b4f1000 JavaThread "Incoming local TCP Connector on port 55218" [_thread_in_native, id=23168, stack(0x000000001c0e0000,0x000000001c1e0000)]
  0x00000000183be000 JavaThread "Service Thread" daemon [_thread_blocked, id=15672, stack(0x000000001a1d0000,0x000000001a2d0000)]
  0x0000000018365000 JavaThread "C1 CompilerThread2" daemon [_thread_blocked, id=22868, stack(0x0000000019cd0000,0x0000000019dd0000)]
  0x0000000018361800 JavaThread "C2 CompilerThread1" daemon [_thread_in_native, id=11412, stack(0x0000000019bd0000,0x0000000019cd0000)]
=>0x000000001835c800 JavaThread "C2 CompilerThread0" daemon [_thread_in_native, id=13820, stack(0x0000000019ad0000,0x0000000019bd0000)]
  0x000000001835b800 JavaThread "Attach Listener" daemon [_thread_blocked, id=22164, stack(0x00000000199d0000,0x0000000019ad0000)]
  0x000000001835a000 JavaThread "Signal Dispatcher" daemon [_thread_blocked, id=17192, stack(0x00000000198d0000,0x00000000199d0000)]
  0x0000000018348800 JavaThread "Finalizer" daemon [_thread_blocked, id=17360, stack(0x00000000195b0000,0x00000000196b0000)]
  0x00000000049e3000 JavaThread "Reference Handler" daemon [_thread_blocked, id=22784, stack(0x00000000194b0000,0x00000000195b0000)]
  0x0000000002f9d800 JavaThread "main" [_thread_blocked, id=20452, stack(0x00000000047f0000,0x00000000048f0000)]

Other Threads:
  0x0000000018325800 VMThread [stack: 0x00000000193b0000,0x00000000194b0000] [id=23548]
  0x0000000019dee000 WatcherThread [stack: 0x000000001a2d0000,0x000000001a3d0000] [id=23464]

VM state:not at safepoint (normal execution)

VM Mutex/Monitor currently owned by a thread: None

Heap:
 PSYoungGen      total 400896K, used 356963K [0x00000000e0000000, 0x00000000f9800000, 0x0000000100000000)
  eden space 384000K, 90% used [0x00000000e0000000,0x00000000f53f8d00,0x00000000f7700000)
  from space 16896K, 52% used [0x00000000f8780000,0x00000000f9020040,0x00000000f9800000)
  to   space 16896K, 0% used [0x00000000f7700000,0x00000000f7700000,0x00000000f8780000)
 ParOldGen       total 119808K, used 92790K [0x00000000a0000000, 0x00000000a7500000, 0x00000000e0000000)
  object space 119808K, 77% used [0x00000000a0000000,0x00000000a5a9d888,0x00000000a7500000)
 Metaspace       used 64842K, capacity 67336K, committed 67416K, reserved 1107968K
  class space    used 8577K, capacity 9075K, committed 9088K, reserved 1048576K

Card table byte_map: [0x0000000013db0000,0x00000000140c0000] byte_map_base: 0x00000000138b0000

Marking Bits: (ParMarkBitMap*) 0x0000000056cd3950
 Begin Bits: [0x00000000146c0000, 0x0000000015ec0000)
 End Bits:   [0x0000000015ec0000, 0x00000000176c0000)

Polling page: 0x0000000002f80000

CodeCache: size=245760Kb used=31641Kb max_used=31698Kb free=214118Kb
 bounds [0x00000000049f0000, 0x0000000006920000, 0x00000000139f0000]
 total_blobs=10790 nmethods=9994 adapters=706
 compilation: enabled

Compilation events (10 events):
Event: 23.560 Thread 0x0000000018361800 nmethod 11781 0x000000000655d790 code [0x000000000655d9c0, 0x000000000655ff08]
Event: 23.560 Thread 0x0000000018361800 11693       4       com.android.tools.r8.ir.regalloc.LinearScanRegisterAllocator::updateRegisterHints (241 bytes)
Event: 23.574 Thread 0x0000000018365000 11807       1       com.android.tools.r8.ir.code.DebugLocalRead::canBeDeadCode (2 bytes)
Event: 23.575 Thread 0x0000000018365000 nmethod 11807 0x00000000068c2250 code [0x00000000068c23a0, 0x00000000068c24b0]
Event: 23.596 Thread 0x0000000018361800 nmethod 11693 0x000000000655a990 code [0x000000000655ac20, 0x000000000655bd08]
Event: 23.597 Thread 0x0000000018361800 11699       4       com.android.tools.r8.it.unimi.dsi.fastutil.ints.Int2ReferenceAVLTreeMap::add (877 bytes)
Event: 23.623 Thread 0x0000000018361800 nmethod 11699 0x0000000006564850 code [0x00000000065649c0, 0x0000000006565538]
Event: 23.624 Thread 0x0000000018361800 11397 %     4       com.android.tools.r8.ir.regalloc.LinearScanRegisterAllocator::computeDebugInfo @ 810 (1101 bytes)
Event: 23.654 Thread 0x0000000018365000 11811       3       com.android.tools.r8.ir.code.Phi::replaceOperand (53 bytes)
Event: 23.655 Thread 0x0000000018365000 nmethod 11811 0x0000000006563d50 code [0x0000000006563f00, 0x0000000006564578]

GC Heap History (10 events):
Event: 17.799 GC heap before
{Heap before GC invocations=21 (full 3):
 PSYoungGen      total 235520K, used 220638K [0x00000000e0000000, 0x00000000f2980000, 0x0000000100000000)
  eden space 214528K, 100% used [0x00000000e0000000,0x00000000ed180000,0x00000000ed180000)
  from space 20992K, 29% used [0x00000000ed180000,0x00000000ed777980,0x00000000ee600000)
  to   space 20480K, 0% used [0x00000000f1580000,0x00000000f1580000,0x00000000f2980000)
 ParOldGen       total 119808K, used 59615K [0x00000000a0000000, 0x00000000a7500000, 0x00000000e0000000)
  object space 119808K, 49% used [0x00000000a0000000,0x00000000a3a37d48,0x00000000a7500000)
 Metaspace       used 64590K, capacity 67056K, committed 67160K, reserved 1107968K
  class space    used 8575K, capacity 9075K, committed 9088K, reserved 1048576K
Event: 17.819 GC heap after
Heap after GC invocations=21 (full 3):
 PSYoungGen      total 279040K, used 6812K [0x00000000e0000000, 0x00000000f2680000, 0x0000000100000000)
  eden space 261632K, 0% used [0x00000000e0000000,0x00000000e0000000,0x00000000eff80000)
  from space 17408K, 39% used [0x00000000f1580000,0x00000000f1c27210,0x00000000f2680000)
  to   space 19968K, 0% used [0x00000000eff80000,0x00000000eff80000,0x00000000f1300000)
 ParOldGen       total 119808K, used 63656K [0x00000000a0000000, 0x00000000a7500000, 0x00000000e0000000)
  object space 119808K, 53% used [0x00000000a0000000,0x00000000a3e2a018,0x00000000a7500000)
 Metaspace       used 64590K, capacity 67056K, committed 67160K, reserved 1107968K
  class space    used 8575K, capacity 9075K, committed 9088K, reserved 1048576K
}
Event: 18.790 GC heap before
{Heap before GC invocations=22 (full 3):
 PSYoungGen      total 279040K, used 268444K [0x00000000e0000000, 0x00000000f2680000, 0x0000000100000000)
  eden space 261632K, 100% used [0x00000000e0000000,0x00000000eff80000,0x00000000eff80000)
  from space 17408K, 39% used [0x00000000f1580000,0x00000000f1c27210,0x00000000f2680000)
  to   space 19968K, 0% used [0x00000000eff80000,0x00000000eff80000,0x00000000f1300000)
 ParOldGen       total 119808K, used 63656K [0x00000000a0000000, 0x00000000a7500000, 0x00000000e0000000)
  object space 119808K, 53% used [0x00000000a0000000,0x00000000a3e2a018,0x00000000a7500000)
 Metaspace       used 64634K, capacity 67056K, committed 67160K, reserved 1107968K
  class space    used 8575K, capacity 9075K, committed 9088K, reserved 1048576K
Event: 18.838 GC heap after
Heap after GC invocations=22 (full 3):
 PSYoungGen      total 281600K, used 8433K [0x00000000e0000000, 0x00000000f5f00000, 0x0000000100000000)
  eden space 261632K, 0% used [0x00000000e0000000,0x00000000e0000000,0x00000000eff80000)
  from space 19968K, 42% used [0x00000000eff80000,0x00000000f07bc560,0x00000000f1300000)
  to   space 18944K, 0% used [0x00000000f4c80000,0x00000000f4c80000,0x00000000f5f00000)
 ParOldGen       total 119808K, used 69253K [0x00000000a0000000, 0x00000000a7500000, 0x00000000e0000000)
  object space 119808K, 57% used [0x00000000a0000000,0x00000000a43a1700,0x00000000a7500000)
 Metaspace       used 64634K, capacity 67056K, committed 67160K, reserved 1107968K
  class space    used 8575K, capacity 9075K, committed 9088K, reserved 1048576K
}
Event: 20.238 GC heap before
{Heap before GC invocations=23 (full 3):
 PSYoungGen      total 281600K, used 270065K [0x00000000e0000000, 0x00000000f5f00000, 0x0000000100000000)
  eden space 261632K, 100% used [0x00000000e0000000,0x00000000eff80000,0x00000000eff80000)
  from space 19968K, 42% used [0x00000000eff80000,0x00000000f07bc560,0x00000000f1300000)
  to   space 18944K, 0% used [0x00000000f4c80000,0x00000000f4c80000,0x00000000f5f00000)
 ParOldGen       total 119808K, used 69253K [0x00000000a0000000, 0x00000000a7500000, 0x00000000e0000000)
  object space 119808K, 57% used [0x00000000a0000000,0x00000000a43a1700,0x00000000a7500000)
 Metaspace       used 64731K, capacity 67128K, committed 67160K, reserved 1107968K
  class space    used 8576K, capacity 9075K, committed 9088K, reserved 1048576K
Event: 20.267 GC heap after
Heap after GC invocations=23 (full 3):
 PSYoungGen      total 332288K, used 10256K [0x00000000e0000000, 0x00000000f5a80000, 0x0000000100000000)
  eden space 317952K, 0% used [0x00000000e0000000,0x00000000e0000000,0x00000000f3680000)
  from space 14336K, 71% used [0x00000000f4c80000,0x00000000f5684168,0x00000000f5a80000)
  to   space 18432K, 0% used [0x00000000f3680000,0x00000000f3680000,0x00000000f4880000)
 ParOldGen       total 119808K, used 76923K [0x00000000a0000000, 0x00000000a7500000, 0x00000000e0000000)
  object space 119808K, 64% used [0x00000000a0000000,0x00000000a4b1ec68,0x00000000a7500000)
 Metaspace       used 64731K, capacity 67128K, committed 67160K, reserved 1107968K
  class space    used 8576K, capacity 9075K, committed 9088K, reserved 1048576K
}
Event: 21.652 GC heap before
{Heap before GC invocations=24 (full 3):
 PSYoungGen      total 332288K, used 328208K [0x00000000e0000000, 0x00000000f5a80000, 0x0000000100000000)
  eden space 317952K, 100% used [0x00000000e0000000,0x00000000f3680000,0x00000000f3680000)
  from space 14336K, 71% used [0x00000000f4c80000,0x00000000f5684168,0x00000000f5a80000)
  to   space 18432K, 0% used [0x00000000f3680000,0x00000000f3680000,0x00000000f4880000)
 ParOldGen       total 119808K, used 76923K [0x00000000a0000000, 0x00000000a7500000, 0x00000000e0000000)
  object space 119808K, 64% used [0x00000000a0000000,0x00000000a4b1ec68,0x00000000a7500000)
 Metaspace       used 64798K, capacity 67268K, committed 67416K, reserved 1107968K
  class space    used 8577K, capacity 9075K, committed 9088K, reserved 1048576K
Event: 21.682 GC heap after
Heap after GC invocations=24 (full 3):
 PSYoungGen      total 336384K, used 7848K [0x00000000e0000000, 0x00000000f9900000, 0x0000000100000000)
  eden space 317952K, 0% used [0x00000000e0000000,0x00000000e0000000,0x00000000f3680000)
  from space 18432K, 42% used [0x00000000f3680000,0x00000000f3e2a2f0,0x00000000f4880000)
  to   space 17920K, 0% used [0x00000000f8780000,0x00000000f8780000,0x00000000f9900000)
 ParOldGen       total 119808K, used 85700K [0x00000000a0000000, 0x00000000a7500000, 0x00000000e0000000)
  object space 119808K, 71% used [0x00000000a0000000,0x00000000a53b1388,0x00000000a7500000)
 Metaspace       used 64798K, capacity 67268K, committed 67416K, reserved 1107968K
  class space    used 8577K, capacity 9075K, committed 9088K, reserved 1048576K
}
Event: 22.636 GC heap before
{Heap before GC invocations=25 (full 3):
 PSYoungGen      total 336384K, used 325800K [0x00000000e0000000, 0x00000000f9900000, 0x0000000100000000)
  eden space 317952K, 100% used [0x00000000e0000000,0x00000000f3680000,0x00000000f3680000)
  from space 18432K, 42% used [0x00000000f3680000,0x00000000f3e2a2f0,0x00000000f4880000)
  to   space 17920K, 0% used [0x00000000f8780000,0x00000000f8780000,0x00000000f9900000)
 ParOldGen       total 119808K, used 85700K [0x00000000a0000000, 0x00000000a7500000, 0x00000000e0000000)
  object space 119808K, 71% used [0x00000000a0000000,0x00000000a53b1388,0x00000000a7500000)
 Metaspace       used 64819K, capacity 67272K, committed 67416K, reserved 1107968K
  class space    used 8577K, capacity 9075K, committed 9088K, reserved 1048576K
Event: 22.670 GC heap after
Heap after GC invocations=25 (full 3):
 PSYoungGen      total 400896K, used 8832K [0x00000000e0000000, 0x00000000f9800000, 0x0000000100000000)
  eden space 384000K, 0% used [0x00000000e0000000,0x00000000e0000000,0x00000000f7700000)
  from space 16896K, 52% used [0x00000000f8780000,0x00000000f9020040,0x00000000f9800000)
  to   space 16896K, 0% used [0x00000000f7700000,0x00000000f7700000,0x00000000f8780000)
 ParOldGen       total 119808K, used 92790K [0x00000000a0000000, 0x00000000a7500000, 0x00000000e0000000)
  object space 119808K, 77% used [0x00000000a0000000,0x00000000a5a9d888,0x00000000a7500000)
 Metaspace       used 64819K, capacity 67272K, committed 67416K, reserved 1107968K
  class space    used 8577K, capacity 9075K, committed 9088K, reserved 1048576K
}

Deoptimization events (10 events):
Event: 19.746 Thread 0x000000001d1c2800 Uncommon trap: reason=unstable_if action=reinterpret pc=0x0000000006019e70 method=java.util.concurrent.ForkJoinPool.helpStealer(Ljava/util/concurrent/ForkJoinPool$WorkQueue;Ljava/util/concurrent/ForkJoinTask;)V @ 44
Event: 19.746 Thread 0x000000001d1c2800 Uncommon trap: reason=unstable_if action=reinterpret pc=0x0000000006592648 method=java.util.concurrent.ForkJoinPool.awaitJoin(Ljava/util/concurrent/ForkJoinPool$WorkQueue;Ljava/util/concurrent/ForkJoinTask;J)I @ 107
Event: 19.994 Thread 0x000000002496c000 Uncommon trap: reason=unstable_if action=reinterpret pc=0x00000000066633c4 method=com.android.tools.r8.ir.conversion.JarState$Slot.isCategory1(Lcom/android/tools/r8/org/objectweb/asm/Type;)Z @ 11
Event: 20.211 Thread 0x000000002496c000 Uncommon trap: reason=unstable_if action=reinterpret pc=0x00000000066cb174 method=java.util.concurrent.ConcurrentHashMap.helpTransfer([Ljava/util/concurrent/ConcurrentHashMap$Node;Ljava/util/concurrent/ConcurrentHashMap$Node;)[Ljava/util/concurrent/Concur
Event: 21.115 Thread 0x0000000027b95800 Uncommon trap: reason=unstable_if action=reinterpret pc=0x0000000005cc94a0 method=com.android.tools.r8.dex.DexOutputBuffer.ensureSpaceFor(I)V @ 8
Event: 21.840 Thread 0x000000002496c000 Uncommon trap: reason=unstable_if action=reinterpret pc=0x000000000686b694 method=java.util.concurrent.ConcurrentHashMap.computeIfAbsent(Ljava/lang/Object;Ljava/util/function/Function;)Ljava/lang/Object; @ 281
Event: 22.209 Thread 0x000000001d1b9800 Uncommon trap: reason=unstable_if action=reinterpret pc=0x000000000656b70c method=com.android.tools.r8.ir.code.Instruction.replaceDebugValue(Lcom/android/tools/r8/ir/code/Value;Lcom/android/tools/r8/ir/code/Value;)V @ 17
Event: 22.882 Thread 0x0000000024972000 Uncommon trap: reason=unstable_if action=reinterpret pc=0x00000000068b33b0 method=com.android.tools.r8.ir.regalloc.LinearScanRegisterAllocator.allocateSingleInterval(Lcom/android/tools/r8/ir/regalloc/LiveIntervals;Lcom/android/tools/r8/ir/regalloc/LinearS
Event: 22.963 Thread 0x0000000024966800 Uncommon trap: reason=unstable_if action=reinterpret pc=0x00000000068eec00 method=java.util.concurrent.ConcurrentHashMap.addCount(JI)V @ 209
Event: 23.443 Thread 0x0000000027b99000 Uncommon trap: reason=predicate action=maybe_recompile pc=0x000000000639b820 method=java.util.TimSort.reverseRange([Ljava/lang/Object;II)V @ 8

Classes redefined (0 events):
No events

Internal exceptions (10 events):
Event: 21.299 Thread 0x000000001d1c5800 Exception <a 'sun/nio/fs/WindowsException'> (0x00000000efa58d90) thrown at [D:\src\AOSP-openjdk-cygwin\jdk8u\hotspot\src\share\vm\prims\jni.cpp, line 709]
Event: 21.299 Thread 0x000000001d1c5800 Exception <a 'sun/nio/fs/WindowsException'> (0x00000000efa59610) thrown at [D:\src\AOSP-openjdk-cygwin\jdk8u\hotspot\src\share\vm\prims\jni.cpp, line 709]
Event: 21.299 Thread 0x000000001d1c5800 Exception <a 'sun/nio/fs/WindowsException'> (0x00000000efa59d90) thrown at [D:\src\AOSP-openjdk-cygwin\jdk8u\hotspot\src\share\vm\prims\jni.cpp, line 709]
Event: 21.299 Thread 0x000000001d1c5800 Exception <a 'sun/nio/fs/WindowsException'> (0x00000000efa5a600) thrown at [D:\src\AOSP-openjdk-cygwin\jdk8u\hotspot\src\share\vm\prims\jni.cpp, line 709]
Event: 21.300 Thread 0x000000001d1c5800 Exception <a 'sun/nio/fs/WindowsException'> (0x00000000efa5ad40) thrown at [D:\src\AOSP-openjdk-cygwin\jdk8u\hotspot\src\share\vm\prims\jni.cpp, line 709]
Event: 21.300 Thread 0x000000001d1c5800 Exception <a 'sun/nio/fs/WindowsException'> (0x00000000efa5b590) thrown at [D:\src\AOSP-openjdk-cygwin\jdk8u\hotspot\src\share\vm\prims\jni.cpp, line 709]
Event: 21.304 Thread 0x000000002496d800 Exception <a 'sun/nio/fs/WindowsException'> (0x00000000efb1e248) thrown at [D:\src\AOSP-openjdk-cygwin\jdk8u\hotspot\src\share\vm\prims\jni.cpp, line 709]
Event: 21.315 Thread 0x0000000024972000 Exception <a 'sun/nio/fs/WindowsException'> (0x00000000efc39478) thrown at [D:\src\AOSP-openjdk-cygwin\jdk8u\hotspot\src\share\vm\prims\jni.cpp, line 709]
Event: 21.440 Thread 0x0000000024966000 Exception <a 'sun/nio/fs/WindowsException'> (0x00000000ee0d95a0) thrown at [D:\src\AOSP-openjdk-cygwin\jdk8u\hotspot\src\share\vm\prims\jni.cpp, line 709]
Event: 22.209 Thread 0x000000001d1b9800 Implicit null exception at 0x0000000006567bed to 0x000000000656b6e5

Events (10 events):
Event: 23.439 Thread 0x0000000018361800 flushing nmethod 0x00000000064efbd0
Event: 23.439 Thread 0x0000000018361800 flushing nmethod 0x00000000065203d0
Event: 23.439 Thread 0x0000000018361800 flushing nmethod 0x000000000654d810
Event: 23.443 Thread 0x0000000027b99000 Uncommon trap: trap_request=0xffffff86 fr.pc=0x000000000639b820
Event: 23.443 Thread 0x0000000027b99000 DEOPT PACKING pc=0x000000000639b820 sp=0x0000000029bae610
Event: 23.443 Thread 0x0000000027b99000 DEOPT UNPACKING pc=0x0000000004a3556a sp=0x0000000029bae508 mode 2
Event: 23.498 Thread 0x0000000024970800 DEOPT PACKING pc=0x0000000006793b1f sp=0x000000002923eb90
Event: 23.498 Thread 0x0000000024970800 DEOPT UNPACKING pc=0x0000000004a375bf sp=0x000000002923e9c0 mode 0
Event: 23.511 Thread 0x0000000024970800 DEOPT PACKING pc=0x000000000676416b sp=0x000000002923e9c0
Event: 23.511 Thread 0x0000000024970800 DEOPT UNPACKING pc=0x0000000004a375bf sp=0x000000002923e748 mode 0


Dynamic libraries:
0x00007ff616d40000 - 0x00007ff616d71000 	C:\Program Files\Android\Android Studio\jre\bin\java.exe
0x00007ffc06920000 - 0x00007ffc06b00000 	C:\WINDOWS\SYSTEM32\ntdll.dll
0x00007ffc06720000 - 0x00007ffc067ce000 	C:\WINDOWS\System32\KERNEL32.DLL
0x00007ffc03270000 - 0x00007ffc034d6000 	C:\WINDOWS\System32\KERNELBASE.dll
0x00007ffc04920000 - 0x00007ffc049c1000 	C:\WINDOWS\System32\ADVAPI32.dll
0x00007ffc03df0000 - 0x00007ffc03e8d000 	C:\WINDOWS\System32\msvcrt.dll
0x00007ffc04570000 - 0x00007ffc045cb000 	C:\WINDOWS\System32\sechost.dll
0x00007ffc067d0000 - 0x00007ffc068ef000 	C:\WINDOWS\System32\RPCRT4.dll
0x00007ffc04260000 - 0x00007ffc043ef000 	C:\WINDOWS\System32\USER32.dll
0x00007ffc03c30000 - 0x00007ffc03c50000 	C:\WINDOWS\System32\win32u.dll
0x00007ffc04090000 - 0x00007ffc040b8000 	C:\WINDOWS\System32\GDI32.dll
0x00007ffc03c50000 - 0x00007ffc03de3000 	C:\WINDOWS\System32\gdi32full.dll
0x00007ffc030d0000 - 0x00007ffc0316b000 	C:\WINDOWS\System32\msvcp_win.dll
0x00007ffc03170000 - 0x00007ffc03266000 	C:\WINDOWS\System32\ucrtbase.dll
0x00007ffbf8a30000 - 0x00007ffbf8c99000 	C:\WINDOWS\WinSxS\amd64_microsoft.windows.common-controls_6595b64144ccf1df_6.0.16299.371_none_15c7d1789365a290\COMCTL32.dll
0x00007ffc063b0000 - 0x00007ffc066b8000 	C:\WINDOWS\System32\combase.dll
0x00007ffc02ff0000 - 0x00007ffc03062000 	C:\WINDOWS\System32\bcryptPrimitives.dll
0x00007ffc03fb0000 - 0x00007ffc03fdd000 	C:\WINDOWS\System32\IMM32.DLL
0x0000000056ff0000 - 0x00000000570c2000 	C:\Program Files\Android\Android Studio\jre\jre\bin\msvcr100.dll
0x0000000056510000 - 0x0000000056d4e000 	C:\Program Files\Android\Android Studio\jre\jre\bin\server\jvm.dll
0x00007ffc043f0000 - 0x00007ffc043f8000 	C:\WINDOWS\System32\PSAPI.DLL
0x00007ffbfd600000 - 0x00007ffbfd60a000 	C:\WINDOWS\SYSTEM32\VERSION.dll
0x00007ffbfe8c0000 - 0x00007ffbfe8c9000 	C:\WINDOWS\SYSTEM32\WSOCK32.dll
0x00007ffbffba0000 - 0x00007ffbffbc3000 	C:\WINDOWS\SYSTEM32\WINMM.dll
0x00007ffc04720000 - 0x00007ffc0478c000 	C:\WINDOWS\System32\WS2_32.dll
0x00007ffbffb40000 - 0x00007ffbffb6a000 	C:\WINDOWS\SYSTEM32\winmmbase.dll
0x00007ffc02d20000 - 0x00007ffc02d6a000 	C:\WINDOWS\System32\cfgmgr32.dll
0x00007ffbffdb0000 - 0x00007ffbffdbf000 	C:\Program Files\Android\Android Studio\jre\jre\bin\verify.dll
0x00007ffbfe520000 - 0x00007ffbfe549000 	C:\Program Files\Android\Android Studio\jre\jre\bin\java.dll
0x00007ffbfdf90000 - 0x00007ffbfdfa6000 	C:\Program Files\Android\Android Studio\jre\jre\bin\zip.dll
0x00007ffc04f50000 - 0x00007ffc06386000 	C:\WINDOWS\System32\SHELL32.dll
0x00007ffc03fe0000 - 0x00007ffc04086000 	C:\WINDOWS\System32\shcore.dll
0x00007ffc034e0000 - 0x00007ffc03c27000 	C:\WINDOWS\System32\windows.storage.dll
0x00007ffc03f30000 - 0x00007ffc03f81000 	C:\WINDOWS\System32\shlwapi.dll
0x00007ffc02d00000 - 0x00007ffc02d11000 	C:\WINDOWS\System32\kernel.appcore.dll
0x00007ffc02cb0000 - 0x00007ffc02cfc000 	C:\WINDOWS\System32\powrprof.dll
0x00007ffc02c90000 - 0x00007ffc02cab000 	C:\WINDOWS\System32\profapi.dll
0x00007ffbfdcb0000 - 0x00007ffbfdcca000 	C:\Program Files\Android\Android Studio\jre\jre\bin\net.dll
0x00007ffc02500000 - 0x00007ffc02566000 	C:\WINDOWS\system32\mswsock.dll
0x00007ffbf73d0000 - 0x00007ffbf73e1000 	C:\Program Files\Android\Android Studio\jre\jre\bin\nio.dll
0x00007ffbfe550000 - 0x00007ffbfe56e000 	C:\Users\Luca\.gradle\native\25\windows-amd64\native-platform.dll
0x00007ffbfe980000 - 0x00007ffbfe98d000 	C:\Program Files\Android\Android Studio\jre\jre\bin\management.dll
0x00007ffc026d0000 - 0x00007ffc026e7000 	C:\WINDOWS\SYSTEM32\CRYPTSP.dll
0x00007ffc02100000 - 0x00007ffc02133000 	C:\WINDOWS\system32\rsaenh.dll
0x00007ffc027d0000 - 0x00007ffc027f5000 	C:\WINDOWS\SYSTEM32\bcrypt.dll
0x00007ffc02b70000 - 0x00007ffc02b99000 	C:\WINDOWS\SYSTEM32\USERENV.dll
0x00007ffc026c0000 - 0x00007ffc026cb000 	C:\WINDOWS\SYSTEM32\CRYPTBASE.dll
0x00007ffc02290000 - 0x00007ffc022c9000 	C:\WINDOWS\SYSTEM32\IPHLPAPI.DLL
0x00007ffc03fa0000 - 0x00007ffc03fa8000 	C:\WINDOWS\System32\NSI.dll
0x00007ffbfd240000 - 0x00007ffbfd256000 	C:\WINDOWS\SYSTEM32\dhcpcsvc6.DLL
0x00007ffbfd220000 - 0x00007ffbfd23a000 	C:\WINDOWS\SYSTEM32\dhcpcsvc.DLL
0x00007ffc01da0000 - 0x00007ffc01dd1000 	C:\WINDOWS\SYSTEM32\ntmarta.dll

VM Arguments:
jvm_args: -Xmx1536m -Dfile.encoding=windows-1252 -Duser.country=AT -Duser.language=de -Duser.variant 
java_command: org.gradle.launcher.daemon.bootstrap.GradleDaemon 4.4
java_class_path (initial): C:\Users\Luca\.gradle\wrapper\dists\gradle-4.4-all\9br9xq1tocpiv8o6njlyu5op1\gradle-4.4\lib\gradle-launcher-4.4.jar
Launcher Type: SUN_STANDARD

Environment Variables:
PATH=C:\ProgramData\Oracle\Java\javapath;C:\Program Files (x86)\Intel\iCLS Client\;C:\Program Files\Intel\iCLS Client\;C:\Program Files (x86)\NVIDIA Corporation\PhysX\Common;C:\Windows\system32;C:\Windows;C:\Windows\System32\Wbem;C:\Windows\System32\WindowsPowerShell\v1.0\;C:\Program Files (x86)\Acer\abFiles\;C:\Program Files\Intel\Intel(R) Management Engine Components\DAL;C:\Program Files (x86)\Intel\Intel(R) Management Engine Components\DAL;C:\Program Files\Intel\Intel(R) Management Engine Components\IPT;C:\Program Files (x86)\Intel\Intel(R) Management Engine Components\IPT;C:\WINDOWS\system32;C:\WINDOWS;C:\WINDOWS\System32\Wbem;C:\WINDOWS\System32\WindowsPowerShell\v1.0\;C:\Program Files\MySQL\MySQL Utilities 1.6\;C:\Users\Luca\AppData\Local\Microsoft\WindowsApps;C:\Users\Luca\AppData\Local\GitHubDesktop\bin
USERNAME=Luca
OS=Windows_NT
PROCESSOR_IDENTIFIER=Intel64 Family 6 Model 61 Stepping 4, GenuineIntel



---------------  S Y S T E M  ---------------

OS: Windows 10.0 , 64 bit Build 16299 (10.0.16299.15)

CPU:total 4 (initial active 4) (2 cores per cpu, 2 threads per core) family 6 model 61 stepping 4, cmov, cx8, fxsr, mmx, sse, sse2, sse3, ssse3, sse4.1, sse4.2, popcnt, avx, avx2, aes, clmul, erms, 3dnowpref, lzcnt, ht, tsc, tscinvbit, bmi1, bmi2, adx

Memory: 4k page, physical 6744528k(355480k free), swap 6744528k(6192k free)

vm_info: OpenJDK 64-Bit Server VM (25.152-b01) for windows-amd64 JRE (1.8.0_152-release-915-b01), built by "builder" with MS VC++ 10.0 (VS2010)

time: Tue Apr 17 22:55:43 2018
elapsed time: 23 seconds (0d 0h 0m 23s)

