#
# There is insufficient memory for the Java Runtime Environment to continue.
# Native memory allocation (malloc) failed to allocate 1666576 bytes for Chunk::new
# Possible reasons:
#   The system is out of physical RAM or swap space
#   In 32 bit mode, the process size limit was hit
# Possible solutions:
#   Reduce memory load on the system
#   Increase physical memory or swap space
#   Check if swap backing store is full
#   Use 64 bit Java on a 64 bit OS
#   Decrease Java heap size (-Xmx/-Xms)
#   Decrease number of Java threads
#   Decrease Java thread stack sizes (-Xss)
#   Set larger code cache with -XX:ReservedCodeCacheSize=
# This output file may be truncated or incomplete.
#
#  Out of Memory Error (allocation.cpp:390), pid=22876, tid=0x00000000000059ac
#
# JRE version: OpenJDK Runtime Environment (8.0_152-b01) (build 1.8.0_152-release-915-b01)
# Java VM: OpenJDK 64-Bit Server VM (25.152-b01 mixed mode windows-amd64 compressed oops)
# Failed to write core dump. Minidumps are not enabled by default on client versions of Windows
#

---------------  T H R E A D  ---------------

Current thread (0x000000001875b000):  JavaThread "C2 CompilerThread0" daemon [_thread_in_native, id=22956, stack(0x0000000019ee0000,0x0000000019fe0000)]

Stack: [0x0000000019ee0000,0x0000000019fe0000]
[error occurred during error reporting (printing stack bounds), id 0xc0000005]

Native frames: (J=compiled Java code, j=interpreted, Vv=VM code, C=native code)


Current CompileTask:
C2:  27598 11849       4       com.android.tools.r8.ir.regalloc.LinearScanRegisterAllocator::allocateSingleInterval (807 bytes)


---------------  P R O C E S S  ---------------

Java Threads: ( => current thread )
  0x00000000296d3000 JavaThread "ForkJoinPool.commonPool-worker-21" daemon [_thread_blocked, id=21988, stack(0x000000002b070000,0x000000002b170000)]
  0x0000000026f5d800 JavaThread "ForkJoinPool.commonPool-worker-17" daemon [_thread_blocked, id=23424, stack(0x000000002aa70000,0x000000002ab70000)]
  0x0000000026f63800 JavaThread "ForkJoinPool.commonPool-worker-31" daemon [_thread_blocked, id=23428, stack(0x000000002a670000,0x000000002a770000)]
  0x0000000026f5c000 JavaThread "ForkJoinPool.commonPool-worker-30" daemon [_thread_blocked, id=23444, stack(0x000000002a290000,0x000000002a390000)]
  0x0000000026f60800 JavaThread "ForkJoinPool.commonPool-worker-9" daemon [_thread_blocked, id=10520, stack(0x0000000027af0000,0x0000000027bf0000)]
  0x0000000020244800 JavaThread "ForkJoinPool.commonPool-worker-0" daemon [_thread_blocked, id=23288, stack(0x0000000026020000,0x0000000026120000)]
  0x000000002023b000 JavaThread "Task worker for ':' Thread 3" [_thread_blocked, id=22828, stack(0x0000000024c50000,0x0000000024d50000)]
  0x000000002023a000 JavaThread "Task worker for ':' Thread 2" [_thread_blocked, id=22820, stack(0x0000000024b50000,0x0000000024c50000)]
  0x0000000020241000 JavaThread "Task worker for ':'" [_thread_blocked, id=23240, stack(0x0000000024a50000,0x0000000024b50000)]
  0x0000000020239800 JavaThread "Cache worker for Build Output Cleanup Cache (C:\Users\Luca\Documents\GitHub\UNOPlus\.gradle\buildOutputCleanup)" [_thread_blocked, id=22872, stack(0x0000000024950000,0x0000000024a50000)]
  0x000000002023e800 JavaThread "Cache worker for task history cache (C:\Users\Luca\Documents\GitHub\UNOPlus\.gradle\4.4\taskHistory)" [_thread_blocked, id=13032, stack(0x0000000024850000,0x0000000024950000)]
  0x0000000020240000 JavaThread "Cache worker for file content cache (C:\Users\Luca\Documents\GitHub\UNOPlus\.gradle\4.4\fileContent)" [_thread_blocked, id=22840, stack(0x0000000024130000,0x0000000024230000)]
  0x00000000203d6800 JavaThread "Memory manager" [_thread_blocked, id=20676, stack(0x0000000023470000,0x0000000023570000)]
  0x00000000203d5800 JavaThread "pool-1-thread-1" [_thread_blocked, id=10820, stack(0x0000000022dd0000,0x0000000022ed0000)]
  0x00000000203d5000 JavaThread "build operations Thread 4" [_thread_blocked, id=22856, stack(0x00000000228d0000,0x00000000229d0000)]
  0x00000000203d4000 JavaThread "build operations Thread 3" [_thread_blocked, id=22832, stack(0x00000000227d0000,0x00000000228d0000)]
  0x00000000203d2800 JavaThread "build operations Thread 2" [_thread_blocked, id=21812, stack(0x00000000226d0000,0x00000000227d0000)]
  0x00000000203d3800 JavaThread "build operations" [_thread_blocked, id=19912, stack(0x0000000021f30000,0x0000000022030000)]
  0x00000000203d7000 JavaThread "Cache worker for Artifact transforms cache (C:\Users\Luca\.gradle\caches\transforms-1)" [_thread_blocked, id=13492, stack(0x0000000021d30000,0x0000000021e30000)]
  0x000000001d4bb800 JavaThread "Cache worker for file hash cache (C:\Users\Luca\Documents\GitHub\UNOPlus\.gradle\4.4\fileHashes)" [_thread_blocked, id=23204, stack(0x000000001e420000,0x000000001e520000)]
  0x000000001bad5800 JavaThread "File lock request listener" [_thread_in_native, id=23208, stack(0x000000001d350000,0x000000001d450000)]
  0x000000001ba02800 JavaThread "Cache worker for file hash cache (C:\Users\Luca\.gradle\caches\4.4\fileHashes)" [_thread_blocked, id=23212, stack(0x000000001d250000,0x000000001d350000)]
  0x000000001b882800 JavaThread "Stdin handler" [_thread_blocked, id=23196, stack(0x000000001cf50000,0x000000001d050000)]
  0x000000001b941000 JavaThread "Asynchronous log dispatcher for DefaultDaemonConnection: socket connection from /127.0.0.1:55206 to /127.0.0.1:55207" [_thread_blocked, id=23188, stack(0x000000001ce50000,0x000000001cf50000)]
  0x000000001b935800 JavaThread "Daemon worker" [_thread_in_native, id=22940, stack(0x000000001cd50000,0x000000001ce50000)]
  0x000000001ba00800 JavaThread "Cancel handler" [_thread_blocked, id=22892, stack(0x000000001cc50000,0x000000001cd50000)]
  0x000000001b852000 JavaThread "Handler for socket connection from /127.0.0.1:55206 to /127.0.0.1:55207" [_thread_in_native, id=23172, stack(0x000000001c950000,0x000000001ca50000)]
  0x000000001b84f000 JavaThread "Daemon" [_thread_blocked, id=23136, stack(0x000000001c850000,0x000000001c950000)]
  0x000000001b828000 JavaThread "Daemon periodic checks" [_thread_blocked, id=23144, stack(0x000000001c750000,0x000000001c850000)]
  0x000000001b9c3000 JavaThread "Incoming local TCP Connector on port 55206" [_thread_in_native, id=23148, stack(0x000000001c4f0000,0x000000001c5f0000)]
  0x000000001a208800 JavaThread "Service Thread" daemon [_thread_blocked, id=23060, stack(0x000000001a5e0000,0x000000001a6e0000)]
  0x0000000018764000 JavaThread "C1 CompilerThread2" daemon [_thread_blocked, id=22972, stack(0x000000001a0e0000,0x000000001a1e0000)]
  0x0000000018760800 JavaThread "C2 CompilerThread1" daemon [_thread_in_native, id=23004, stack(0x0000000019fe0000,0x000000001a0e0000)]
=>0x000000001875b000 JavaThread "C2 CompilerThread0" daemon [_thread_in_native, id=22956, stack(0x0000000019ee0000,0x0000000019fe0000)]
  0x0000000018759800 JavaThread "Attach Listener" daemon [_thread_blocked, id=22980, stack(0x0000000019de0000,0x0000000019ee0000)]
  0x0000000018758800 JavaThread "Signal Dispatcher" daemon [_thread_blocked, id=23076, stack(0x0000000019ce0000,0x0000000019de0000)]
  0x0000000018748800 JavaThread "Finalizer" daemon [_thread_blocked, id=23008, stack(0x00000000199c0000,0x0000000019ac0000)]
  0x0000000004de1000 JavaThread "Reference Handler" daemon [_thread_blocked, id=22992, stack(0x00000000198c0000,0x00000000199c0000)]
  0x0000000004aed800 JavaThread "main" [_thread_blocked, id=22928, stack(0x0000000004bf0000,0x0000000004cf0000)]

Other Threads:
  0x0000000018725800 VMThread [stack: 0x00000000197c0000,0x00000000198c0000] [id=22996]
  0x00000000187bc000 WatcherThread [stack: 0x000000001a6e0000,0x000000001a7e0000] [id=23036]

VM state:not at safepoint (normal execution)

VM Mutex/Monitor currently owned by a thread: None

Heap:
 PSYoungGen      total 378368K, used 309958K [0x00000000e0000000, 0x00000000f8d80000, 0x0000000100000000)
  eden space 354816K, 84% used [0x00000000e0000000,0x00000000f2567fb8,0x00000000f5a80000)
  from space 23552K, 40% used [0x00000000f7680000,0x00000000f7fc9a30,0x00000000f8d80000)
  to   space 26112K, 0% used [0x00000000f5a80000,0x00000000f5a80000,0x00000000f7400000)
 ParOldGen       total 130048K, used 98117K [0x00000000a0000000, 0x00000000a7f00000, 0x00000000e0000000)
  object space 130048K, 75% used [0x00000000a0000000,0x00000000a5fd14f8,0x00000000a7f00000)
 Metaspace       used 64872K, capacity 67354K, committed 67416K, reserved 1107968K
  class space    used 8581K, capacity 9080K, committed 9088K, reserved 1048576K

Card table byte_map: [0x00000000141b0000,0x00000000144c0000] byte_map_base: 0x0000000013cb0000

Marking Bits: (ParMarkBitMap*) 0x0000000056cd3950
 Begin Bits: [0x0000000014ac0000, 0x00000000162c0000)
 End Bits:   [0x00000000162c0000, 0x0000000017ac0000)

Polling page: 0x0000000002f20000

CodeCache: size=245760Kb used=31974Kb max_used=32314Kb free=213785Kb
 bounds [0x0000000004df0000, 0x0000000006da0000, 0x0000000013df0000]
 total_blobs=10908 nmethods=10113 adapters=706
 compilation: enabled

Compilation events (10 events):
Event: 26.915 Thread 0x0000000018764000 11933       2       com.android.utils.JvmWideVariable::<init> (52 bytes)
Event: 26.916 Thread 0x0000000018764000 nmethod 11933 0x0000000006489010 code [0x00000000064891a0, 0x0000000006489428]
Event: 26.917 Thread 0x0000000018764000 11934       2       com.android.utils.JvmWideVariable::get (8 bytes)
Event: 26.917 Thread 0x0000000018764000 nmethod 11934 0x0000000006818190 code [0x0000000006818300, 0x0000000006818488]
Event: 27.388 Thread 0x0000000018764000 11935       2       java.util.zip.Deflater::ensureOpen (47 bytes)
Event: 27.389 Thread 0x0000000018764000 nmethod 11935 0x000000000686f9d0 code [0x000000000686fb40, 0x000000000686fd68]
Event: 27.390 Thread 0x0000000018764000 11936       2       java.util.zip.DeflaterOutputStream::deflate (36 bytes)
Event: 27.391 Thread 0x0000000018764000 nmethod 11936 0x000000000686d990 code [0x000000000686db00, 0x000000000686dcd8]
Event: 27.424 Thread 0x0000000018764000 11938   !   2       java.util.zip.Deflater::deflate (140 bytes)
Event: 27.425 Thread 0x0000000018764000 nmethod 11938 0x0000000006a0af10 code [0x0000000006a0b0c0, 0x0000000006a0b6c8]

GC Heap History (10 events):
Event: 20.735 GC heap before
{Heap before GC invocations=23 (full 3):
 PSYoungGen      total 263168K, used 258511K [0x00000000e0000000, 0x00000000f5400000, 0x0000000100000000)
  eden space 235520K, 100% used [0x00000000e0000000,0x00000000ee600000,0x00000000ee600000)
  from space 27648K, 83% used [0x00000000ee600000,0x00000000efc73e80,0x00000000f0100000)
  to   space 30208K, 0% used [0x00000000f3680000,0x00000000f3680000,0x00000000f5400000)
 ParOldGen       total 130048K, used 54414K [0x00000000a0000000, 0x00000000a7f00000, 0x00000000e0000000)
  object space 130048K, 41% used [0x00000000a0000000,0x00000000a3523888,0x00000000a7f00000)
 Metaspace       used 64693K, capacity 67180K, committed 67416K, reserved 1107968K
  class space    used 8573K, capacity 9073K, committed 9088K, reserved 1048576K
Event: 20.803 GC heap after
Heap after GC invocations=23 (full 3):
 PSYoungGen      total 319488K, used 12862K [0x00000000e0000000, 0x00000000f5480000, 0x0000000100000000)
  eden space 289280K, 0% used [0x00000000e0000000,0x00000000e0000000,0x00000000f1a80000)
  from space 30208K, 42% used [0x00000000f3680000,0x00000000f430fa88,0x00000000f5400000)
  to   space 28672K, 0% used [0x00000000f1a80000,0x00000000f1a80000,0x00000000f3680000)
 ParOldGen       total 130048K, used 67042K [0x00000000a0000000, 0x00000000a7f00000, 0x00000000e0000000)
  object space 130048K, 51% used [0x00000000a0000000,0x00000000a4178b38,0x00000000a7f00000)
 Metaspace       used 64693K, capacity 67180K, committed 67416K, reserved 1107968K
  class space    used 8573K, capacity 9073K, committed 9088K, reserved 1048576K
}
Event: 21.799 GC heap before
{Heap before GC invocations=24 (full 3):
 PSYoungGen      total 319488K, used 302142K [0x00000000e0000000, 0x00000000f5480000, 0x0000000100000000)
  eden space 289280K, 100% used [0x00000000e0000000,0x00000000f1a80000,0x00000000f1a80000)
  from space 30208K, 42% used [0x00000000f3680000,0x00000000f430fa88,0x00000000f5400000)
  to   space 28672K, 0% used [0x00000000f1a80000,0x00000000f1a80000,0x00000000f3680000)
 ParOldGen       total 130048K, used 67042K [0x00000000a0000000, 0x00000000a7f00000, 0x00000000e0000000)
  object space 130048K, 51% used [0x00000000a0000000,0x00000000a4178b38,0x00000000a7f00000)
 Metaspace       used 64710K, capacity 67184K, committed 67416K, reserved 1107968K
  class space    used 8574K, capacity 9073K, committed 9088K, reserved 1048576K
Event: 21.837 GC heap after
Heap after GC invocations=24 (full 3):
 PSYoungGen      total 317952K, used 13900K [0x00000000e0000000, 0x00000000f9100000, 0x0000000100000000)
  eden space 289280K, 0% used [0x00000000e0000000,0x00000000e0000000,0x00000000f1a80000)
  from space 28672K, 48% used [0x00000000f1a80000,0x00000000f2813170,0x00000000f3680000)
  to   space 27136K, 0% used [0x00000000f7680000,0x00000000f7680000,0x00000000f9100000)
 ParOldGen       total 130048K, used 71376K [0x00000000a0000000, 0x00000000a7f00000, 0x00000000e0000000)
  object space 130048K, 54% used [0x00000000a0000000,0x00000000a45b4250,0x00000000a7f00000)
 Metaspace       used 64710K, capacity 67184K, committed 67416K, reserved 1107968K
  class space    used 8574K, capacity 9073K, committed 9088K, reserved 1048576K
}
Event: 22.976 GC heap before
{Heap before GC invocations=25 (full 3):
 PSYoungGen      total 317952K, used 303180K [0x00000000e0000000, 0x00000000f9100000, 0x0000000100000000)
  eden space 289280K, 100% used [0x00000000e0000000,0x00000000f1a80000,0x00000000f1a80000)
  from space 28672K, 48% used [0x00000000f1a80000,0x00000000f2813170,0x00000000f3680000)
  to   space 27136K, 0% used [0x00000000f7680000,0x00000000f7680000,0x00000000f9100000)
 ParOldGen       total 130048K, used 71376K [0x00000000a0000000, 0x00000000a7f00000, 0x00000000e0000000)
  object space 130048K, 54% used [0x00000000a0000000,0x00000000a45b4250,0x00000000a7f00000)
 Metaspace       used 64740K, capacity 67252K, committed 67416K, reserved 1107968K
  class space    used 8574K, capacity 9073K, committed 9088K, reserved 1048576K
Event: 23.018 GC heap after
Heap after GC invocations=25 (full 3):
 PSYoungGen      total 378368K, used 14080K [0x00000000e0000000, 0x00000000f8d80000, 0x0000000100000000)
  eden space 354816K, 0% used [0x00000000e0000000,0x00000000e0000000,0x00000000f5a80000)
  from space 23552K, 59% used [0x00000000f7680000,0x00000000f84402e0,0x00000000f8d80000)
  to   space 26112K, 0% used [0x00000000f5a80000,0x00000000f5a80000,0x00000000f7400000)
 ParOldGen       total 130048K, used 77727K [0x00000000a0000000, 0x00000000a7f00000, 0x00000000e0000000)
  object space 130048K, 59% used [0x00000000a0000000,0x00000000a4be7ff8,0x00000000a7f00000)
 Metaspace       used 64740K, capacity 67252K, committed 67416K, reserved 1107968K
  class space    used 8574K, capacity 9073K, committed 9088K, reserved 1048576K
}
Event: 23.940 GC heap before
{Heap before GC invocations=26 (full 3):
 PSYoungGen      total 378368K, used 368896K [0x00000000e0000000, 0x00000000f8d80000, 0x0000000100000000)
  eden space 354816K, 100% used [0x00000000e0000000,0x00000000f5a80000,0x00000000f5a80000)
  from space 23552K, 59% used [0x00000000f7680000,0x00000000f84402e0,0x00000000f8d80000)
  to   space 26112K, 0% used [0x00000000f5a80000,0x00000000f5a80000,0x00000000f7400000)
 ParOldGen       total 130048K, used 77727K [0x00000000a0000000, 0x00000000a7f00000, 0x00000000e0000000)
  object space 130048K, 59% used [0x00000000a0000000,0x00000000a4be7ff8,0x00000000a7f00000)
 Metaspace       used 64744K, capacity 67252K, committed 67416K, reserved 1107968K
  class space    used 8574K, capacity 9073K, committed 9088K, reserved 1048576K
Event: 23.991 GC heap after
Heap after GC invocations=26 (full 3):
 PSYoungGen      total 380928K, used 13088K [0x00000000e0000000, 0x00000000f8d80000, 0x0000000100000000)
  eden space 354816K, 0% used [0x00000000e0000000,0x00000000e0000000,0x00000000f5a80000)
  from space 26112K, 50% used [0x00000000f5a80000,0x00000000f67481d8,0x00000000f7400000)
  to   space 23552K, 0% used [0x00000000f7680000,0x00000000f7680000,0x00000000f8d80000)
 ParOldGen       total 130048K, used 88555K [0x00000000a0000000, 0x00000000a7f00000, 0x00000000e0000000)
  object space 130048K, 68% used [0x00000000a0000000,0x00000000a567ad70,0x00000000a7f00000)
 Metaspace       used 64744K, capacity 67252K, committed 67416K, reserved 1107968K
  class space    used 8574K, capacity 9073K, committed 9088K, reserved 1048576K
}
Event: 25.231 GC heap before
{Heap before GC invocations=27 (full 3):
 PSYoungGen      total 380928K, used 367904K [0x00000000e0000000, 0x00000000f8d80000, 0x0000000100000000)
  eden space 354816K, 100% used [0x00000000e0000000,0x00000000f5a80000,0x00000000f5a80000)
  from space 26112K, 50% used [0x00000000f5a80000,0x00000000f67481d8,0x00000000f7400000)
  to   space 23552K, 0% used [0x00000000f7680000,0x00000000f7680000,0x00000000f8d80000)
 ParOldGen       total 130048K, used 88555K [0x00000000a0000000, 0x00000000a7f00000, 0x00000000e0000000)
  object space 130048K, 68% used [0x00000000a0000000,0x00000000a567ad70,0x00000000a7f00000)
 Metaspace       used 64814K, capacity 67316K, committed 67416K, reserved 1107968K
  class space    used 8574K, capacity 9073K, committed 9088K, reserved 1048576K
Event: 25.269 GC heap after
Heap after GC invocations=27 (full 3):
 PSYoungGen      total 378368K, used 9510K [0x00000000e0000000, 0x00000000f8d80000, 0x0000000100000000)
  eden space 354816K, 0% used [0x00000000e0000000,0x00000000e0000000,0x00000000f5a80000)
  from space 23552K, 40% used [0x00000000f7680000,0x00000000f7fc9a30,0x00000000f8d80000)
  to   space 26112K, 0% used [0x00000000f5a80000,0x00000000f5a80000,0x00000000f7400000)
 ParOldGen       total 130048K, used 98117K [0x00000000a0000000, 0x00000000a7f00000, 0x00000000e0000000)
  object space 130048K, 75% used [0x00000000a0000000,0x00000000a5fd14f8,0x00000000a7f00000)
 Metaspace       used 64814K, capacity 67316K, committed 67416K, reserved 1107968K
  class space    used 8574K, capacity 9073K, committed 9088K, reserved 1048576K
}

Deoptimization events (10 events):
Event: 23.475 Thread 0x0000000026f62800 Uncommon trap: reason=array_check action=maybe_recompile pc=0x0000000006cf0280 method=java.util.TimSort.reverseRange([Ljava/lang/Object;II)V @ 20
Event: 23.475 Thread 0x0000000026f62800 Uncommon trap: reason=array_check action=maybe_recompile pc=0x0000000006cf0280 method=java.util.TimSort.reverseRange([Ljava/lang/Object;II)V @ 20
Event: 23.475 Thread 0x0000000026f62800 Uncommon trap: reason=array_check action=maybe_recompile pc=0x0000000006cf0280 method=java.util.TimSort.reverseRange([Ljava/lang/Object;II)V @ 20
Event: 23.691 Thread 0x0000000020246000 Uncommon trap: reason=unstable_if action=reinterpret pc=0x0000000006ca62f4 method=com.android.tools.r8.ir.regalloc.LinearScanRegisterAllocator.allocateSingleInterval(Lcom/android/tools/r8/ir/regalloc/LiveIntervals;Lcom/android/tools/r8/ir/regalloc/LinearS
Event: 24.374 Thread 0x0000000020247800 Uncommon trap: reason=array_check action=maybe_recompile pc=0x00000000068f60f0 method=java.util.TimSort.reverseRange([Ljava/lang/Object;II)V @ 27
Event: 24.389 Thread 0x000000002023c800 Uncommon trap: reason=array_check action=maybe_recompile pc=0x00000000068f60f0 method=java.util.TimSort.reverseRange([Ljava/lang/Object;II)V @ 27
Event: 24.433 Thread 0x0000000026f5e000 Uncommon trap: reason=unstable_if action=reinterpret pc=0x0000000005eed8a0 method=com.android.tools.r8.dex.DexOutputBuffer.ensureSpaceFor(I)V @ 8
Event: 25.300 Thread 0x0000000026f5d800 Uncommon trap: reason=unstable_if action=reinterpret pc=0x00000000067c4950 method=com.android.tools.r8.ir.code.Position.equals(Ljava/lang/Object;)Z @ 34
Event: 25.691 Thread 0x0000000020246000 Uncommon trap: reason=unstable_if action=reinterpret pc=0x000000000505af78 method=com.android.tools.r8.graph.DexString.decode()Ljava/lang/String; @ 53
Event: 25.917 Thread 0x0000000026f61000 Uncommon trap: reason=unstable_if action=reinterpret pc=0x000000000620da54 method=java.util.concurrent.ForkJoinPool.tryCompensate(Ljava/util/concurrent/ForkJoinPool$WorkQueue;)Z @ 59

Classes redefined (0 events):
No events

Internal exceptions (10 events):
Event: 24.765 Thread 0x00000000296d3000 Exception <a 'sun/nio/fs/WindowsException'> (0x00000000e2285a00) thrown at [D:\src\AOSP-openjdk-cygwin\jdk8u\hotspot\src\share\vm\prims\jni.cpp, line 709]
Event: 24.769 Thread 0x0000000026f5f800 Exception <a 'sun/nio/fs/WindowsException'> (0x00000000e54317f8) thrown at [D:\src\AOSP-openjdk-cygwin\jdk8u\hotspot\src\share\vm\prims\jni.cpp, line 709]
Event: 24.807 Thread 0x0000000026f69800 Exception <a 'sun/nio/fs/WindowsException'> (0x00000000ebd18598) thrown at [D:\src\AOSP-openjdk-cygwin\jdk8u\hotspot\src\share\vm\prims\jni.cpp, line 709]
Event: 24.925 Thread 0x00000000296d2800 Exception <a 'sun/nio/fs/WindowsException'> (0x00000000ec9988b8) thrown at [D:\src\AOSP-openjdk-cygwin\jdk8u\hotspot\src\share\vm\prims\jni.cpp, line 709]
Event: 24.925 Thread 0x00000000296d3000 Exception <a 'sun/nio/fs/WindowsException'> (0x00000000e2289dc0) thrown at [D:\src\AOSP-openjdk-cygwin\jdk8u\hotspot\src\share\vm\prims\jni.cpp, line 709]
Event: 24.925 Thread 0x0000000026f5c000 Exception <a 'sun/nio/fs/WindowsException'> (0x00000000ec6de570) thrown at [D:\src\AOSP-openjdk-cygwin\jdk8u\hotspot\src\share\vm\prims\jni.cpp, line 709]
Event: 24.925 Thread 0x0000000026f62800 Exception <a 'sun/nio/fs/WindowsException'> (0x00000000ec6536b0) thrown at [D:\src\AOSP-openjdk-cygwin\jdk8u\hotspot\src\share\vm\prims\jni.cpp, line 709]
Event: 24.925 Thread 0x0000000020244800 Exception <a 'sun/nio/fs/WindowsException'> (0x00000000ea8fd7b8) thrown at [D:\src\AOSP-openjdk-cygwin\jdk8u\hotspot\src\share\vm\prims\jni.cpp, line 709]
Event: 24.925 Thread 0x0000000020247800 Exception <a 'sun/nio/fs/WindowsException'> (0x00000000ebe164c0) thrown at [D:\src\AOSP-openjdk-cygwin\jdk8u\hotspot\src\share\vm\prims\jni.cpp, line 709]
Event: 25.095 Thread 0x000000002023c800 Exception <a 'sun/nio/fs/WindowsException'> (0x00000000e72d03a0) thrown at [D:\src\AOSP-openjdk-cygwin\jdk8u\hotspot\src\share\vm\prims\jni.cpp, line 709]

Events (10 events):
Event: 26.917 Thread 0x0000000018764000 flushing nmethod 0x000000000686f790
Event: 26.917 Thread 0x0000000018764000 flushing nmethod 0x0000000006889110
Event: 26.918 Thread 0x0000000018764000 flushing nmethod 0x000000000694f2d0
Event: 26.918 Thread 0x0000000018764000 flushing nmethod 0x000000000695df50
Event: 26.918 Thread 0x0000000018764000 flushing nmethod 0x000000000695f410
Event: 26.918 Thread 0x0000000018764000 flushing nmethod 0x0000000006972a10
Event: 26.918 Thread 0x0000000018764000 flushing nmethod 0x0000000006992750
Event: 26.918 Thread 0x0000000018764000 flushing nmethod 0x00000000069bbe90
Event: 26.918 Thread 0x0000000018764000 flushing nmethod 0x00000000069ffb50
Event: 26.918 Thread 0x0000000018764000 flushing nmethod 0x0000000006a0af10


Dynamic libraries:
0x00007ff616d40000 - 0x00007ff616d71000 	C:\Program Files\Android\Android Studio\jre\bin\java.exe
0x00007ffc06920000 - 0x00007ffc06b00000 	C:\WINDOWS\SYSTEM32\ntdll.dll
0x00007ffc06720000 - 0x00007ffc067ce000 	C:\WINDOWS\System32\KERNEL32.DLL
0x00007ffc03270000 - 0x00007ffc034d6000 	C:\WINDOWS\System32\KERNELBASE.dll
0x00007ffc04920000 - 0x00007ffc049c1000 	C:\WINDOWS\System32\ADVAPI32.dll
0x00007ffc03df0000 - 0x00007ffc03e8d000 	C:\WINDOWS\System32\msvcrt.dll
0x00007ffc04570000 - 0x00007ffc045cb000 	C:\WINDOWS\System32\sechost.dll
0x00007ffc067d0000 - 0x00007ffc068ef000 	C:\WINDOWS\System32\RPCRT4.dll
0x00007ffc04260000 - 0x00007ffc043ef000 	C:\WINDOWS\System32\USER32.dll
0x00007ffc03c30000 - 0x00007ffc03c50000 	C:\WINDOWS\System32\win32u.dll
0x00007ffc04090000 - 0x00007ffc040b8000 	C:\WINDOWS\System32\GDI32.dll
0x00007ffc03c50000 - 0x00007ffc03de3000 	C:\WINDOWS\System32\gdi32full.dll
0x00007ffc030d0000 - 0x00007ffc0316b000 	C:\WINDOWS\System32\msvcp_win.dll
0x00007ffc03170000 - 0x00007ffc03266000 	C:\WINDOWS\System32\ucrtbase.dll
0x00007ffbf8a30000 - 0x00007ffbf8c99000 	C:\WINDOWS\WinSxS\amd64_microsoft.windows.common-controls_6595b64144ccf1df_6.0.16299.371_none_15c7d1789365a290\COMCTL32.dll
0x00007ffc063b0000 - 0x00007ffc066b8000 	C:\WINDOWS\System32\combase.dll
0x00007ffc02ff0000 - 0x00007ffc03062000 	C:\WINDOWS\System32\bcryptPrimitives.dll
0x00007ffc03fb0000 - 0x00007ffc03fdd000 	C:\WINDOWS\System32\IMM32.DLL
0x0000000056ff0000 - 0x00000000570c2000 	C:\Program Files\Android\Android Studio\jre\jre\bin\msvcr100.dll
0x0000000056510000 - 0x0000000056d4e000 	C:\Program Files\Android\Android Studio\jre\jre\bin\server\jvm.dll
0x00007ffc043f0000 - 0x00007ffc043f8000 	C:\WINDOWS\System32\PSAPI.DLL
0x00007ffbfd600000 - 0x00007ffbfd60a000 	C:\WINDOWS\SYSTEM32\VERSION.dll
0x00007ffbfe8c0000 - 0x00007ffbfe8c9000 	C:\WINDOWS\SYSTEM32\WSOCK32.dll
0x00007ffbffba0000 - 0x00007ffbffbc3000 	C:\WINDOWS\SYSTEM32\WINMM.dll
0x00007ffc04720000 - 0x00007ffc0478c000 	C:\WINDOWS\System32\WS2_32.dll
0x00007ffbffb40000 - 0x00007ffbffb6a000 	C:\WINDOWS\SYSTEM32\winmmbase.dll
0x00007ffc02d20000 - 0x00007ffc02d6a000 	C:\WINDOWS\System32\cfgmgr32.dll
0x00007ffbffdb0000 - 0x00007ffbffdbf000 	C:\Program Files\Android\Android Studio\jre\jre\bin\verify.dll
0x00007ffbfe520000 - 0x00007ffbfe549000 	C:\Program Files\Android\Android Studio\jre\jre\bin\java.dll
0x00007ffbfdf90000 - 0x00007ffbfdfa6000 	C:\Program Files\Android\Android Studio\jre\jre\bin\zip.dll
0x00007ffc04f50000 - 0x00007ffc06386000 	C:\WINDOWS\System32\SHELL32.dll
0x00007ffc03fe0000 - 0x00007ffc04086000 	C:\WINDOWS\System32\shcore.dll
0x00007ffc034e0000 - 0x00007ffc03c27000 	C:\WINDOWS\System32\windows.storage.dll
0x00007ffc03f30000 - 0x00007ffc03f81000 	C:\WINDOWS\System32\shlwapi.dll
0x00007ffc02d00000 - 0x00007ffc02d11000 	C:\WINDOWS\System32\kernel.appcore.dll
0x00007ffc02cb0000 - 0x00007ffc02cfc000 	C:\WINDOWS\System32\powrprof.dll
0x00007ffc02c90000 - 0x00007ffc02cab000 	C:\WINDOWS\System32\profapi.dll
0x00007ffbfdcb0000 - 0x00007ffbfdcca000 	C:\Program Files\Android\Android Studio\jre\jre\bin\net.dll
0x00007ffc02500000 - 0x00007ffc02566000 	C:\WINDOWS\system32\mswsock.dll
0x00007ffbf73d0000 - 0x00007ffbf73e1000 	C:\Program Files\Android\Android Studio\jre\jre\bin\nio.dll
0x00007ffbfe550000 - 0x00007ffbfe56e000 	C:\Users\Luca\.gradle\native\25\windows-amd64\native-platform.dll
0x00007ffbfe980000 - 0x00007ffbfe98d000 	C:\Program Files\Android\Android Studio\jre\jre\bin\management.dll
0x00007ffc026d0000 - 0x00007ffc026e7000 	C:\WINDOWS\SYSTEM32\CRYPTSP.dll
0x00007ffc02100000 - 0x00007ffc02133000 	C:\WINDOWS\system32\rsaenh.dll
0x00007ffc027d0000 - 0x00007ffc027f5000 	C:\WINDOWS\SYSTEM32\bcrypt.dll
0x00007ffc02b70000 - 0x00007ffc02b99000 	C:\WINDOWS\SYSTEM32\USERENV.dll
0x00007ffc026c0000 - 0x00007ffc026cb000 	C:\WINDOWS\SYSTEM32\CRYPTBASE.dll
0x00007ffc02290000 - 0x00007ffc022c9000 	C:\WINDOWS\SYSTEM32\IPHLPAPI.DLL
0x00007ffc03fa0000 - 0x00007ffc03fa8000 	C:\WINDOWS\System32\NSI.dll
0x00007ffbfd240000 - 0x00007ffbfd256000 	C:\WINDOWS\SYSTEM32\dhcpcsvc6.DLL
0x00007ffbfd220000 - 0x00007ffbfd23a000 	C:\WINDOWS\SYSTEM32\dhcpcsvc.DLL

VM Arguments:
jvm_args: -Xmx1536m -Dfile.encoding=windows-1252 -Duser.country=AT -Duser.language=de -Duser.variant 
java_command: org.gradle.launcher.daemon.bootstrap.GradleDaemon 4.4
java_class_path (initial): C:\Users\Luca\.gradle\wrapper\dists\gradle-4.4-all\9br9xq1tocpiv8o6njlyu5op1\gradle-4.4\lib\gradle-launcher-4.4.jar
Launcher Type: SUN_STANDARD

Environment Variables:
PATH=C:\ProgramData\Oracle\Java\javapath;C:\Program Files (x86)\Intel\iCLS Client\;C:\Program Files\Intel\iCLS Client\;C:\Program Files (x86)\NVIDIA Corporation\PhysX\Common;C:\Windows\system32;C:\Windows;C:\Windows\System32\Wbem;C:\Windows\System32\WindowsPowerShell\v1.0\;C:\Program Files (x86)\Acer\abFiles\;C:\Program Files\Intel\Intel(R) Management Engine Components\DAL;C:\Program Files (x86)\Intel\Intel(R) Management Engine Components\DAL;C:\Program Files\Intel\Intel(R) Management Engine Components\IPT;C:\Program Files (x86)\Intel\Intel(R) Management Engine Components\IPT;C:\WINDOWS\system32;C:\WINDOWS;C:\WINDOWS\System32\Wbem;C:\WINDOWS\System32\WindowsPowerShell\v1.0\;C:\Program Files\MySQL\MySQL Utilities 1.6\;C:\Users\Luca\AppData\Local\Microsoft\WindowsApps;C:\Users\Luca\AppData\Local\GitHubDesktop\bin
USERNAME=Luca
OS=Windows_NT
PROCESSOR_IDENTIFIER=Intel64 Family 6 Model 61 Stepping 4, GenuineIntel



---------------  S Y S T E M  ---------------

OS: Windows 10.0 , 64 bit Build 16299 (10.0.16299.15)

CPU:total 4 (initial active 4) (2 cores per cpu, 2 threads per core) family 6 model 61 stepping 4, cmov, cx8, fxsr, mmx, sse, sse2, sse3, ssse3, sse4.1, sse4.2, popcnt, avx, avx2, aes, clmul, erms, 3dnowpref, lzcnt, ht, tsc, tscinvbit, bmi1, bmi2, adx

Memory: 4k page, physical 6744528k(327540k free), swap 6744528k(6632k free)

vm_info: OpenJDK 64-Bit Server VM (25.152-b01) for windows-amd64 JRE (1.8.0_152-release-915-b01), built by "builder" with MS VC++ 10.0 (VS2010)

time: Tue Apr 17 22:54:59 2018
elapsed time: 27 seconds (0d 0h 0m 27s)

