#
# There is insufficient memory for the Java Runtime Environment to continue.
# Native memory allocation (malloc) failed to allocate 260752 bytes for Chunk::new
# Possible reasons:
#   The system is out of physical RAM or swap space
#   In 32 bit mode, the process size limit was hit
# Possible solutions:
#   Reduce memory load on the system
#   Increase physical memory or swap space
#   Check if swap backing store is full
#   Use 64 bit Java on a 64 bit OS
#   Decrease Java heap size (-Xmx/-Xms)
#   Decrease number of Java threads
#   Decrease Java thread stack sizes (-Xss)
#   Set larger code cache with -XX:ReservedCodeCacheSize=
# This output file may be truncated or incomplete.
#
#  Out of Memory Error (allocation.cpp:390), pid=19140, tid=0x0000000000005654
#
# JRE version: OpenJDK Runtime Environment (8.0_152-b01) (build 1.8.0_152-release-915-b01)
# Java VM: OpenJDK 64-Bit Server VM (25.152-b01 mixed mode windows-amd64 compressed oops)
# Failed to write core dump. Minidumps are not enabled by default on client versions of Windows
#

---------------  T H R E A D  ---------------

Current thread (0x00000000188d0800):  JavaThread "C2 CompilerThread1" daemon [_thread_in_native, id=22100, stack(0x000000001a150000,0x000000001a250000)]

Stack: [0x000000001a150000,0x000000001a250000]
[error occurred during error reporting (printing stack bounds), id 0xc0000005]

Native frames: (J=compiled Java code, j=interpreted, Vv=VM code, C=native code)


Current CompileTask:
C2:  16606 9606 %     4       com.android.tools.r8.org.objectweb.asm.ClassReader::readCode @ 74 (3575 bytes)


---------------  P R O C E S S  ---------------

Java Threads: ( => current thread )
  0x0000000022d48800 JavaThread "ForkJoinPool.commonPool-worker-30" daemon [_thread_in_Java, id=23224, stack(0x0000000028610000,0x0000000028710000)]
  0x0000000022d41000 JavaThread "ForkJoinPool.commonPool-worker-20" daemon [_thread_blocked, id=22928, stack(0x0000000028510000,0x0000000028610000)]
  0x0000000022d48000 JavaThread "ForkJoinPool.commonPool-worker-27" daemon [_thread_blocked, id=23308, stack(0x0000000028410000,0x0000000028510000)]
  0x0000000022d42800 JavaThread "ForkJoinPool.commonPool-worker-19" daemon [_thread_blocked, id=22860, stack(0x0000000028310000,0x0000000028410000)]
  0x0000000022d46800 JavaThread "ForkJoinPool.commonPool-worker-18" daemon [_thread_blocked, id=10244, stack(0x0000000027240000,0x0000000027340000)]
  0x0000000022d45800 JavaThread "ForkJoinPool.commonPool-worker-8" daemon [_thread_blocked, id=7408, stack(0x0000000027140000,0x0000000027240000)]
  0x0000000022d47000 JavaThread "ForkJoinPool.commonPool-worker-15" daemon [_thread_blocked, id=22664, stack(0x0000000026e40000,0x0000000026f40000)]
  0x0000000022d44000 JavaThread "ForkJoinPool.commonPool-worker-13" daemon [_thread_blocked, id=19492, stack(0x0000000026d40000,0x0000000026e40000)]
  0x0000000022d45000 JavaThread "ForkJoinPool.commonPool-worker-9" daemon [_thread_blocked, id=22772, stack(0x0000000026c40000,0x0000000026d40000)]
  0x000000001d9c1000 JavaThread "ForkJoinPool.commonPool-worker-14" daemon [_thread_blocked, id=23012, stack(0x0000000026b40000,0x0000000026c40000)]
  0x000000001d9b9000 JavaThread "ForkJoinPool.commonPool-worker-12" daemon [_thread_blocked, id=22972, stack(0x0000000026a40000,0x0000000026b40000)]
  0x000000001fe0d000 JavaThread "ForkJoinPool.commonPool-worker-10" daemon [_thread_blocked, id=19520, stack(0x0000000026940000,0x0000000026a40000)]
  0x000000001d9bf800 JavaThread "ForkJoinPool.commonPool-worker-11" daemon [_thread_blocked, id=21832, stack(0x0000000026640000,0x0000000026740000)]
  0x000000001d9bf000 JavaThread "ForkJoinPool.commonPool-worker-5" daemon [_thread_blocked, id=20720, stack(0x0000000026540000,0x0000000026640000)]
  0x000000001d9be000 JavaThread "ForkJoinPool.commonPool-worker-7" daemon [_thread_blocked, id=22884, stack(0x0000000026440000,0x0000000026540000)]
  0x000000001d9bd800 JavaThread "ForkJoinPool.commonPool-worker-6" daemon [_thread_blocked, id=19164, stack(0x0000000026340000,0x0000000026440000)]
  0x000000001d9bc800 JavaThread "ForkJoinPool.commonPool-worker-4" daemon [_thread_blocked, id=23512, stack(0x0000000026240000,0x0000000026340000)]
  0x000000001d9ba800 JavaThread "ForkJoinPool.commonPool-worker-0" daemon [_thread_blocked, id=9644, stack(0x0000000025d40000,0x0000000025e40000)]
  0x000000001d9b6800 JavaThread "ForkJoinPool.commonPool-worker-3" daemon [_thread_blocked, id=20944, stack(0x0000000025c40000,0x0000000025d40000)]
  0x000000001d9b3800 JavaThread "ForkJoinPool.commonPool-worker-2" daemon [_thread_blocked, id=13852, stack(0x0000000025b40000,0x0000000025c40000)]
  0x000000001d9b6000 JavaThread "ForkJoinPool.commonPool-worker-1" daemon [_thread_blocked, id=16424, stack(0x0000000025740000,0x0000000025840000)]
  0x000000001fbd2800 JavaThread "Task worker for ':' Thread 3" [_thread_blocked, id=17088, stack(0x0000000025640000,0x0000000025740000)]
  0x000000001fbcf000 JavaThread "Task worker for ':' Thread 2" [_thread_blocked, id=19876, stack(0x0000000025540000,0x0000000025640000)]
  0x000000001fbce000 JavaThread "Task worker for ':'" [_thread_blocked, id=22992, stack(0x0000000025440000,0x0000000025540000)]
  0x000000001fbd1000 JavaThread "Cache worker for Build Output Cleanup Cache (C:\Users\Luca\Documents\GitHub\UNOPlus\.gradle\buildOutputCleanup)" [_thread_blocked, id=15380, stack(0x0000000025340000,0x0000000025440000)]
  0x000000001fbd3800 JavaThread "Cache worker for task history cache (C:\Users\Luca\Documents\GitHub\UNOPlus\.gradle\4.4\taskHistory)" [_thread_blocked, id=19084, stack(0x0000000025240000,0x0000000025340000)]
  0x000000001fbcd800 JavaThread "Cache worker for file content cache (C:\Users\Luca\Documents\GitHub\UNOPlus\.gradle\4.4\fileContent)" [_thread_blocked, id=23104, stack(0x0000000024f40000,0x0000000025040000)]
  0x000000001fe12000 JavaThread "Memory manager" [_thread_blocked, id=22836, stack(0x0000000024210000,0x0000000024310000)]
  0x000000001fe10000 JavaThread "pool-1-thread-1" [_thread_blocked, id=22084, stack(0x0000000023ef0000,0x0000000023ff0000)]
  0x000000001fe0e800 JavaThread "build operations Thread 4" [_thread_blocked, id=23188, stack(0x00000000239f0000,0x0000000023af0000)]
  0x000000001fe0e000 JavaThread "build operations Thread 3" [_thread_blocked, id=20900, stack(0x00000000238f0000,0x00000000239f0000)]
  0x000000001fe0f800 JavaThread "build operations Thread 2" [_thread_blocked, id=22752, stack(0x00000000237f0000,0x00000000238f0000)]
  0x000000001fe0c800 JavaThread "build operations" [_thread_blocked, id=7852, stack(0x0000000022290000,0x0000000022390000)]
  0x000000001fe11000 JavaThread "Cache worker for Artifact transforms cache (C:\Users\Luca\.gradle\caches\transforms-1)" [_thread_blocked, id=18780, stack(0x0000000021e90000,0x0000000021f90000)]
  0x000000001d759800 JavaThread "Cache worker for file hash cache (C:\Users\Luca\Documents\GitHub\UNOPlus\.gradle\4.4\fileHashes)" [_thread_blocked, id=20272, stack(0x000000001e590000,0x000000001e690000)]
  0x000000001bb1e000 JavaThread "File lock request listener" [_thread_in_native, id=23088, stack(0x000000001d4c0000,0x000000001d5c0000)]
  0x000000001bdf1800 JavaThread "Cache worker for file hash cache (C:\Users\Luca\.gradle\caches\4.4\fileHashes)" [_thread_blocked, id=5656, stack(0x000000001d3c0000,0x000000001d4c0000)]
  0x000000001bb1b000 JavaThread "Stdin handler" [_thread_blocked, id=22156, stack(0x000000001d0c0000,0x000000001d1c0000)]
  0x000000001ba92800 JavaThread "Asynchronous log dispatcher for DefaultDaemonConnection: socket connection from /127.0.0.1:55355 to /127.0.0.1:55356" [_thread_blocked, id=21592, stack(0x000000001cfc0000,0x000000001d0c0000)]
  0x000000001ba91000 JavaThread "Daemon worker" [_thread_blocked, id=23280, stack(0x000000001cec0000,0x000000001cfc0000)]
  0x000000001ba90800 JavaThread "Cancel handler" [_thread_blocked, id=15612, stack(0x000000001cdc0000,0x000000001cec0000)]
  0x000000001b93e800 JavaThread "Handler for socket connection from /127.0.0.1:55355 to /127.0.0.1:55356" [_thread_in_native, id=16924, stack(0x000000001cac0000,0x000000001cbc0000)]
  0x000000001b93b800 JavaThread "Daemon" [_thread_blocked, id=18208, stack(0x000000001c9c0000,0x000000001cac0000)]
  0x000000001b8a3800 JavaThread "Daemon periodic checks" [_thread_blocked, id=20772, stack(0x000000001c8c0000,0x000000001c9c0000)]
  0x000000001b8a3000 JavaThread "Incoming local TCP Connector on port 55355" [_thread_in_native, id=20092, stack(0x000000001c660000,0x000000001c760000)]
  0x000000001892e000 JavaThread "Service Thread" daemon [_thread_blocked, id=22064, stack(0x000000001a750000,0x000000001a850000)]
  0x00000000188d4000 JavaThread "C1 CompilerThread2" daemon [_thread_in_native, id=18496, stack(0x000000001a250000,0x000000001a350000)]
=>0x00000000188d0800 JavaThread "C2 CompilerThread1" daemon [_thread_in_native, id=22100, stack(0x000000001a150000,0x000000001a250000)]
  0x00000000188cb000 JavaThread "C2 CompilerThread0" daemon [_thread_in_native, id=21996, stack(0x000000001a050000,0x000000001a150000)]
  0x00000000188c9800 JavaThread "Attach Listener" daemon [_thread_blocked, id=22432, stack(0x0000000019f50000,0x000000001a050000)]
  0x00000000188c8800 JavaThread "Signal Dispatcher" daemon [_thread_blocked, id=22644, stack(0x0000000019e50000,0x0000000019f50000)]
  0x00000000188b8800 JavaThread "Finalizer" daemon [_thread_blocked, id=22764, stack(0x0000000019b30000,0x0000000019c30000)]
  0x0000000004e61000 JavaThread "Reference Handler" daemon [_thread_blocked, id=19608, stack(0x0000000019a30000,0x0000000019b30000)]
  0x00000000035bd800 JavaThread "main" [_thread_blocked, id=23312, stack(0x0000000003490000,0x0000000003590000)]

Other Threads:
  0x0000000018895800 VMThread [stack: 0x0000000019930000,0x0000000019a30000] [id=22296]
  0x000000001a376000 WatcherThread [stack: 0x000000001a850000,0x000000001a950000] [id=2140]

VM state:not at safepoint (normal execution)

VM Mutex/Monitor currently owned by a thread: None

Heap:
 PSYoungGen      total 288768K, used 187949K [0x00000000e0000000, 0x00000000f3200000, 0x0000000100000000)
  eden space 272384K, 69% used [0x00000000e0000000,0x00000000eb78b440,0x00000000f0a00000)
  from space 16384K, 0% used [0x00000000f2200000,0x00000000f2200000,0x00000000f3200000)
  to   space 20480K, 0% used [0x00000000f0a00000,0x00000000f0a00000,0x00000000f1e00000)
 ParOldGen       total 117760K, used 34367K [0x00000000a0000000, 0x00000000a7300000, 0x00000000e0000000)
  object space 117760K, 29% used [0x00000000a0000000,0x00000000a218fdb0,0x00000000a7300000)
 Metaspace       used 64640K, capacity 67214K, committed 67288K, reserved 1107968K
  class space    used 8687K, capacity 9195K, committed 9216K, reserved 1048576K

Card table byte_map: [0x0000000014320000,0x0000000014630000] byte_map_base: 0x0000000013e20000

Marking Bits: (ParMarkBitMap*) 0x0000000056cd3950
 Begin Bits: [0x0000000014c30000, 0x0000000016430000)
 End Bits:   [0x0000000016430000, 0x0000000017c30000)

Polling page: 0x0000000003590000

CodeCache: size=245760Kb used=25685Kb max_used=25905Kb free=220074Kb
 bounds [0x0000000004f60000, 0x00000000068d0000, 0x0000000013f60000]
 total_blobs=9029 nmethods=8227 adapters=714
 compilation: enabled

Compilation events (10 events):
Event: 16.599 Thread 0x00000000188cb000 nmethod 9661 0x00000000054c1c90 code [0x00000000054c1dc0, 0x00000000054c1e98]
Event: 16.599 Thread 0x00000000188d4000 9662       3       com.android.tools.r8.org.objectweb.asm.Type::getObjectType (32 bytes)
Event: 16.599 Thread 0x00000000188cb000 9663       4       com.android.tools.r8.org.objectweb.asm.MethodVisitor::visitLineNumber (17 bytes)
Event: 16.599 Thread 0x00000000188d4000 nmethod 9662 0x0000000005b03110 code [0x0000000005b032a0, 0x0000000005b037a8]
Event: 16.600 Thread 0x00000000188cb000 nmethod 9663 0x0000000005313710 code [0x0000000005313840, 0x00000000053138b8]
Event: 16.600 Thread 0x00000000188d4000 9664       3       com.android.tools.r8.graph.DexAnnotationElement::<init> (15 bytes)
Event: 16.600 Thread 0x00000000188d4000 nmethod 9664 0x0000000005231810 code [0x0000000005231980, 0x0000000005231bb0]
Event: 16.600 Thread 0x00000000188d4000 9665       3       com.android.tools.r8.org.objectweb.asm.ClassReader::readParameterAnnotations (140 bytes)
Event: 16.601 Thread 0x00000000188d4000 nmethod 9665 0x000000000547d550 code [0x000000000547d740, 0x000000000547df98]
Event: 16.601 Thread 0x00000000188cb000 9666       4       com.android.tools.r8.graph.DexString::computeHashCode (16 bytes)

GC Heap History (10 events):
Event: 10.333 GC heap before
{Heap before GC invocations=13 (full 2):
 PSYoungGen      total 164352K, used 163563K [0x00000000e0000000, 0x00000000eb880000, 0x0000000100000000)
  eden space 149504K, 99% used [0x00000000e0000000,0x00000000e913bc80,0x00000000e9200000)
  from space 14848K, 99% used [0x00000000ea400000,0x00000000eb27f190,0x00000000eb280000)
  to   space 18432K, 0% used [0x00000000e9200000,0x00000000e9200000,0x00000000ea400000)
 ParOldGen       total 87040K, used 23645K [0x00000000a0000000, 0x00000000a5500000, 0x00000000e0000000)
  object space 87040K, 27% used [0x00000000a0000000,0x00000000a1717788,0x00000000a5500000)
 Metaspace       used 56097K, capacity 57960K, committed 58200K, reserved 1099776K
  class space    used 7605K, capacity 8039K, committed 8064K, reserved 1048576K
Event: 10.356 GC heap after
Heap after GC invocations=13 (full 2):
 PSYoungGen      total 167936K, used 15435K [0x00000000e0000000, 0x00000000ed880000, 0x0000000100000000)
  eden space 149504K, 0% used [0x00000000e0000000,0x00000000e0000000,0x00000000e9200000)
  from space 18432K, 83% used [0x00000000e9200000,0x00000000ea112ec8,0x00000000ea400000)
  to   space 19968K, 0% used [0x00000000ec500000,0x00000000ec500000,0x00000000ed880000)
 ParOldGen       total 87040K, used 31561K [0x00000000a0000000, 0x00000000a5500000, 0x00000000e0000000)
  object space 87040K, 36% used [0x00000000a0000000,0x00000000a1ed26f0,0x00000000a5500000)
 Metaspace       used 56097K, capacity 57960K, committed 58200K, reserved 1099776K
  class space    used 7605K, capacity 8039K, committed 8064K, reserved 1048576K
}
Event: 10.379 GC heap before
{Heap before GC invocations=14 (full 2):
 PSYoungGen      total 167936K, used 164939K [0x00000000e0000000, 0x00000000ed880000, 0x0000000100000000)
  eden space 149504K, 100% used [0x00000000e0000000,0x00000000e9200000,0x00000000e9200000)
  from space 18432K, 83% used [0x00000000e9200000,0x00000000ea112ec8,0x00000000ea400000)
  to   space 19968K, 0% used [0x00000000ec500000,0x00000000ec500000,0x00000000ed880000)
 ParOldGen       total 87040K, used 31561K [0x00000000a0000000, 0x00000000a5500000, 0x00000000e0000000)
  object space 87040K, 36% used [0x00000000a0000000,0x00000000a1ed26f0,0x00000000a5500000)
 Metaspace       used 56103K, capacity 57960K, committed 58200K, reserved 1099776K
  class space    used 7605K, capacity 8039K, committed 8064K, reserved 1048576K
Event: 10.394 GC heap after
Heap after GC invocations=14 (full 2):
 PSYoungGen      total 201728K, used 12418K [0x00000000e0000000, 0x00000000eff80000, 0x0000000100000000)
  eden space 181760K, 0% used [0x00000000e0000000,0x00000000e0000000,0x00000000eb180000)
  from space 19968K, 62% used [0x00000000ec500000,0x00000000ed120bd8,0x00000000ed880000)
  to   space 19968K, 0% used [0x00000000eb180000,0x00000000eb180000,0x00000000ec500000)
 ParOldGen       total 87040K, used 31569K [0x00000000a0000000, 0x00000000a5500000, 0x00000000e0000000)
  object space 87040K, 36% used [0x00000000a0000000,0x00000000a1ed46f0,0x00000000a5500000)
 Metaspace       used 56103K, capacity 57960K, committed 58200K, reserved 1099776K
  class space    used 7605K, capacity 8039K, committed 8064K, reserved 1048576K
}
Event: 10.415 GC heap before
{Heap before GC invocations=15 (full 2):
 PSYoungGen      total 201728K, used 194178K [0x00000000e0000000, 0x00000000eff80000, 0x0000000100000000)
  eden space 181760K, 100% used [0x00000000e0000000,0x00000000eb180000,0x00000000eb180000)
  from space 19968K, 62% used [0x00000000ec500000,0x00000000ed120bd8,0x00000000ed880000)
  to   space 19968K, 0% used [0x00000000eb180000,0x00000000eb180000,0x00000000ec500000)
 ParOldGen       total 87040K, used 31569K [0x00000000a0000000, 0x00000000a5500000, 0x00000000e0000000)
  object space 87040K, 36% used [0x00000000a0000000,0x00000000a1ed46f0,0x00000000a5500000)
 Metaspace       used 56108K, capacity 58024K, committed 58200K, reserved 1099776K
  class space    used 7605K, capacity 8039K, committed 8064K, reserved 1048576K
Event: 10.428 GC heap after
Heap after GC invocations=15 (full 2):
 PSYoungGen      total 201728K, used 32K [0x00000000e0000000, 0x00000000f3600000, 0x0000000100000000)
  eden space 181760K, 0% used [0x00000000e0000000,0x00000000e0000000,0x00000000eb180000)
  from space 19968K, 0% used [0x00000000eb180000,0x00000000eb188000,0x00000000ec500000)
  to   space 20480K, 0% used [0x00000000f2200000,0x00000000f2200000,0x00000000f3600000)
 ParOldGen       total 87040K, used 43147K [0x00000000a0000000, 0x00000000a5500000, 0x00000000e0000000)
  object space 87040K, 49% used [0x00000000a0000000,0x00000000a2a22c80,0x00000000a5500000)
 Metaspace       used 56108K, capacity 58024K, committed 58200K, reserved 1099776K
  class space    used 7605K, capacity 8039K, committed 8064K, reserved 1048576K
}
Event: 12.620 GC heap before
{Heap before GC invocations=16 (full 2):
 PSYoungGen      total 201728K, used 43027K [0x00000000e0000000, 0x00000000f3600000, 0x0000000100000000)
  eden space 181760K, 23% used [0x00000000e0000000,0x00000000e29fccc0,0x00000000eb180000)
  from space 19968K, 0% used [0x00000000eb180000,0x00000000eb188000,0x00000000ec500000)
  to   space 20480K, 0% used [0x00000000f2200000,0x00000000f2200000,0x00000000f3600000)
 ParOldGen       total 87040K, used 43147K [0x00000000a0000000, 0x00000000a5500000, 0x00000000e0000000)
  object space 87040K, 49% used [0x00000000a0000000,0x00000000a2a22c80,0x00000000a5500000)
 Metaspace       used 57026K, capacity 58966K, committed 59028K, reserved 1099776K
  class space    used 7731K, capacity 8192K, committed 8192K, reserved 1048576K
Event: 12.625 GC heap after
Heap after GC invocations=16 (full 2):
 PSYoungGen      total 288768K, used 2419K [0x00000000e0000000, 0x00000000f3200000, 0x0000000100000000)
  eden space 272384K, 0% used [0x00000000e0000000,0x00000000e0000000,0x00000000f0a00000)
  from space 16384K, 14% used [0x00000000f2200000,0x00000000f245cd08,0x00000000f3200000)
  to   space 20480K, 0% used [0x00000000f0a00000,0x00000000f0a00000,0x00000000f1e00000)
 ParOldGen       total 87040K, used 43179K [0x00000000a0000000, 0x00000000a5500000, 0x00000000e0000000)
  object space 87040K, 49% used [0x00000000a0000000,0x00000000a2a2ac80,0x00000000a5500000)
 Metaspace       used 57026K, capacity 58966K, committed 59028K, reserved 1099776K
  class space    used 7731K, capacity 8192K, committed 8192K, reserved 1048576K
}
Event: 12.625 GC heap before
{Heap before GC invocations=17 (full 3):
 PSYoungGen      total 288768K, used 2419K [0x00000000e0000000, 0x00000000f3200000, 0x0000000100000000)
  eden space 272384K, 0% used [0x00000000e0000000,0x00000000e0000000,0x00000000f0a00000)
  from space 16384K, 14% used [0x00000000f2200000,0x00000000f245cd08,0x00000000f3200000)
  to   space 20480K, 0% used [0x00000000f0a00000,0x00000000f0a00000,0x00000000f1e00000)
 ParOldGen       total 87040K, used 43179K [0x00000000a0000000, 0x00000000a5500000, 0x00000000e0000000)
  object space 87040K, 49% used [0x00000000a0000000,0x00000000a2a2ac80,0x00000000a5500000)
 Metaspace       used 57026K, capacity 58966K, committed 59028K, reserved 1099776K
  class space    used 7731K, capacity 8192K, committed 8192K, reserved 1048576K
Event: 12.880 GC heap after
Heap after GC invocations=17 (full 3):
 PSYoungGen      total 288768K, used 0K [0x00000000e0000000, 0x00000000f3200000, 0x0000000100000000)
  eden space 272384K, 0% used [0x00000000e0000000,0x00000000e0000000,0x00000000f0a00000)
  from space 16384K, 0% used [0x00000000f2200000,0x00000000f2200000,0x00000000f3200000)
  to   space 20480K, 0% used [0x00000000f0a00000,0x00000000f0a00000,0x00000000f1e00000)
 ParOldGen       total 117760K, used 34367K [0x00000000a0000000, 0x00000000a7300000, 0x00000000e0000000)
  object space 117760K, 29% used [0x00000000a0000000,0x00000000a218fdb0,0x00000000a7300000)
 Metaspace       used 57026K, capacity 58966K, committed 59028K, reserved 1099776K
  class space    used 7731K, capacity 8192K, committed 8192K, reserved 1048576K
}

Deoptimization events (10 events):
Event: 15.670 Thread 0x000000001d9b3800 Uncommon trap: reason=class_check action=maybe_recompile pc=0x00000000050a4310 method=com.android.apkzlib.zip.ZipField.checkVerifiesInvariants(J)V @ 25
Event: 15.672 Thread 0x000000001d9b3800 Uncommon trap: reason=unstable_if action=reinterpret pc=0x00000000065f70d8 method=sun.nio.fs.WindowsPathParser.isSlash(C)Z @ 9
Event: 15.672 Thread 0x000000001d9b3800 Uncommon trap: reason=unstable_if action=reinterpret pc=0x000000000620d2a4 method=sun.nio.fs.WindowsPathParser.isSlash(C)Z @ 9
Event: 15.672 Thread 0x000000001d9b3800 Uncommon trap: reason=unstable_if action=reinterpret pc=0x00000000050c0c38 method=sun.nio.fs.WindowsPathParser.isSlash(C)Z @ 9
Event: 16.182 Thread 0x000000001d9bf800 Uncommon trap: reason=unstable_if action=reinterpret pc=0x00000000053f2c54 method=java.lang.Integer.compare(II)I @ 11
Event: 16.374 Thread 0x000000001d9bd800 Uncommon trap: reason=unstable_if action=reinterpret pc=0x00000000057efcc4 method=java.lang.StringBuffer.toString()Ljava/lang/String; @ 4
Event: 16.433 Thread 0x0000000022d46800 Uncommon trap: reason=predicate action=maybe_recompile pc=0x0000000005d92f58 method=java.util.TimSort.binarySort([Ljava/lang/Object;IIILjava/util/Comparator;)V @ 37
Event: 16.483 Thread 0x000000001d9bd800 Uncommon trap: reason=unstable_if action=reinterpret pc=0x0000000006633624 method=java.nio.file.FileTreeWalker.getAttributes(Ljava/nio/file/Path;Z)Ljava/nio/file/attribute/BasicFileAttributes; @ 35
Event: 16.597 Thread 0x0000000022d48800 Uncommon trap: reason=class_check action=maybe_recompile pc=0x000000000576fe80 method=java.lang.Throwable.<init>(Ljava/lang/String;Ljava/lang/Throwable;)V @ 24
Event: 16.598 Thread 0x0000000022d48800 Uncommon trap: reason=class_check action=maybe_recompile pc=0x000000000576fe80 method=java.lang.Throwable.<init>(Ljava/lang/String;Ljava/lang/Throwable;)V @ 24

Classes redefined (0 events):
No events

Internal exceptions (10 events):
Event: 10.660 Thread 0x000000001fbd2800 Exception <a 'java/lang/NoSuchMethodError': <clinit>> (0x00000000e1582d98) thrown at [D:\src\AOSP-openjdk-cygwin\jdk8u\hotspot\src\share\vm\prims\jni.cpp, line 1613]
Event: 15.625 Thread 0x000000001fbce000 Exception <a 'sun/nio/fs/WindowsException'> (0x00000000e55c7130) thrown at [D:\src\AOSP-openjdk-cygwin\jdk8u\hotspot\src\share\vm\prims\jni.cpp, line 709]
Event: 15.661 Thread 0x000000001d9ba800 Exception <a 'java/lang/NoSuchMethodError': java.lang.Object.lambda$and$0(Ljava/util/function/Predicate;Ljava/lang/Object;)Z> (0x00000000e25fb788) thrown at [D:\src\AOSP-openjdk-cygwin\jdk8u\hotspot\src\share\vm\interpreter\linkResolver.cpp, line 584]
Event: 15.661 Thread 0x000000001d9b6000 Exception <a 'java/lang/NoSuchMethodError': java.lang.Object.lambda$and$0(Ljava/util/function/Predicate;Ljava/lang/Object;)Z> (0x00000000e2bed148) thrown at [D:\src\AOSP-openjdk-cygwin\jdk8u\hotspot\src\share\vm\interpreter\linkResolver.cpp, line 584]
Event: 15.665 Thread 0x000000001d9ba800 Exception <a 'java/lang/NoSuchMethodError': java.lang.Object.lambda$static$0(Ljava/lang/String;)Z> (0x00000000e5746d88) thrown at [D:\src\AOSP-openjdk-cygwin\jdk8u\hotspot\src\share\vm\interpreter\linkResolver.cpp, line 584]
Event: 16.119 Thread 0x000000001d9bf800 Exception <a 'java/lang/NoSuchMethodError': java.lang.Object.lambda$comparingInt$7b0bb60$1(Ljava/util/function/ToIntFunction;Ljava/lang/Object;Ljava/lang/Object;)I> (0x00000000e8684118) thrown at [D:\src\AOSP-openjdk-cygwin\jdk8u\hotspot\src\share\vm\inte
Event: 16.504 Thread 0x000000001d9bd800 Exception <a 'sun/nio/fs/WindowsException'> (0x00000000ea7c8d40) thrown at [D:\src\AOSP-openjdk-cygwin\jdk8u\hotspot\src\share\vm\prims\jni.cpp, line 709]
Event: 16.528 Thread 0x0000000022d42800 Exception <a 'sun/nio/fs/WindowsException'> (0x00000000eabc2158) thrown at [D:\src\AOSP-openjdk-cygwin\jdk8u\hotspot\src\share\vm\prims\jni.cpp, line 709]
Event: 16.550 Thread 0x0000000022d41000 Exception <a 'sun/nio/fs/WindowsException'> (0x00000000eaeb8188) thrown at [D:\src\AOSP-openjdk-cygwin\jdk8u\hotspot\src\share\vm\prims\jni.cpp, line 709]
Event: 16.597 Thread 0x0000000022d48800 Exception <a 'java/lang/OutOfMemoryError'> (0x00000000eb5f93c0) thrown at [D:\src\AOSP-openjdk-cygwin\jdk8u\hotspot\src\share\vm\prims\jni.cpp, line 735]

Events (10 events):
Event: 16.597 loading class java/util/zip/DataFormatException
Event: 16.597 loading class java/util/zip/DataFormatException done
Event: 16.597 Thread 0x0000000022d48800 Uncommon trap: trap_request=0xffffffde fr.pc=0x000000000576fe80
Event: 16.597 Thread 0x0000000022d48800 DEOPT PACKING pc=0x000000000576fe80 sp=0x000000002870ed30
Event: 16.597 Thread 0x0000000022d48800 DEOPT UNPACKING pc=0x0000000004fa556a sp=0x000000002870ed00 mode 2
Event: 16.598 Thread 0x0000000022d48800 Uncommon trap: trap_request=0xffffffde fr.pc=0x000000000576fe80
Event: 16.598 Thread 0x0000000022d48800 DEOPT PACKING pc=0x000000000576fe80 sp=0x000000002870ee70
Event: 16.598 Thread 0x0000000022d48800 DEOPT UNPACKING pc=0x0000000004fa556a sp=0x000000002870ee40 mode 2
Event: 16.602 Executing VM operation: RevokeBias
Event: 16.602 Executing VM operation: RevokeBias done


Dynamic libraries:
0x00007ff616d40000 - 0x00007ff616d71000 	C:\Program Files\Android\Android Studio\jre\bin\java.exe
0x00007ffc06920000 - 0x00007ffc06b00000 	C:\WINDOWS\SYSTEM32\ntdll.dll
0x00007ffc06720000 - 0x00007ffc067ce000 	C:\WINDOWS\System32\KERNEL32.DLL
0x00007ffc03270000 - 0x00007ffc034d6000 	C:\WINDOWS\System32\KERNELBASE.dll
0x00007ffc04920000 - 0x00007ffc049c1000 	C:\WINDOWS\System32\ADVAPI32.dll
0x00007ffc03df0000 - 0x00007ffc03e8d000 	C:\WINDOWS\System32\msvcrt.dll
0x00007ffc04570000 - 0x00007ffc045cb000 	C:\WINDOWS\System32\sechost.dll
0x00007ffc067d0000 - 0x00007ffc068ef000 	C:\WINDOWS\System32\RPCRT4.dll
0x00007ffc04260000 - 0x00007ffc043ef000 	C:\WINDOWS\System32\USER32.dll
0x00007ffc03c30000 - 0x00007ffc03c50000 	C:\WINDOWS\System32\win32u.dll
0x00007ffc04090000 - 0x00007ffc040b8000 	C:\WINDOWS\System32\GDI32.dll
0x00007ffc03c50000 - 0x00007ffc03de3000 	C:\WINDOWS\System32\gdi32full.dll
0x00007ffc030d0000 - 0x00007ffc0316b000 	C:\WINDOWS\System32\msvcp_win.dll
0x00007ffc03170000 - 0x00007ffc03266000 	C:\WINDOWS\System32\ucrtbase.dll
0x00007ffbf8a30000 - 0x00007ffbf8c99000 	C:\WINDOWS\WinSxS\amd64_microsoft.windows.common-controls_6595b64144ccf1df_6.0.16299.371_none_15c7d1789365a290\COMCTL32.dll
0x00007ffc063b0000 - 0x00007ffc066b8000 	C:\WINDOWS\System32\combase.dll
0x00007ffc02ff0000 - 0x00007ffc03062000 	C:\WINDOWS\System32\bcryptPrimitives.dll
0x00007ffc03fb0000 - 0x00007ffc03fdd000 	C:\WINDOWS\System32\IMM32.DLL
0x0000000056ff0000 - 0x00000000570c2000 	C:\Program Files\Android\Android Studio\jre\jre\bin\msvcr100.dll
0x0000000056510000 - 0x0000000056d4e000 	C:\Program Files\Android\Android Studio\jre\jre\bin\server\jvm.dll
0x00007ffc043f0000 - 0x00007ffc043f8000 	C:\WINDOWS\System32\PSAPI.DLL
0x00007ffbfe8c0000 - 0x00007ffbfe8c9000 	C:\WINDOWS\SYSTEM32\WSOCK32.dll
0x00007ffbfd600000 - 0x00007ffbfd60a000 	C:\WINDOWS\SYSTEM32\VERSION.dll
0x00007ffbffba0000 - 0x00007ffbffbc3000 	C:\WINDOWS\SYSTEM32\WINMM.dll
0x00007ffc04720000 - 0x00007ffc0478c000 	C:\WINDOWS\System32\WS2_32.dll
0x00007ffbffb40000 - 0x00007ffbffb6a000 	C:\WINDOWS\SYSTEM32\WINMMBASE.dll
0x00007ffc02d20000 - 0x00007ffc02d6a000 	C:\WINDOWS\System32\cfgmgr32.dll
0x00007ffbffdb0000 - 0x00007ffbffdbf000 	C:\Program Files\Android\Android Studio\jre\jre\bin\verify.dll
0x00007ffbfe520000 - 0x00007ffbfe549000 	C:\Program Files\Android\Android Studio\jre\jre\bin\java.dll
0x00007ffbfdf90000 - 0x00007ffbfdfa6000 	C:\Program Files\Android\Android Studio\jre\jre\bin\zip.dll
0x00007ffc04f50000 - 0x00007ffc06386000 	C:\WINDOWS\System32\SHELL32.dll
0x00007ffc03fe0000 - 0x00007ffc04086000 	C:\WINDOWS\System32\shcore.dll
0x00007ffc034e0000 - 0x00007ffc03c27000 	C:\WINDOWS\System32\windows.storage.dll
0x00007ffc03f30000 - 0x00007ffc03f81000 	C:\WINDOWS\System32\shlwapi.dll
0x00007ffc02d00000 - 0x00007ffc02d11000 	C:\WINDOWS\System32\kernel.appcore.dll
0x00007ffc02cb0000 - 0x00007ffc02cfc000 	C:\WINDOWS\System32\powrprof.dll
0x00007ffc02c90000 - 0x00007ffc02cab000 	C:\WINDOWS\System32\profapi.dll
0x00007ffbfdcb0000 - 0x00007ffbfdcca000 	C:\Program Files\Android\Android Studio\jre\jre\bin\net.dll
0x00007ffc02500000 - 0x00007ffc02566000 	C:\WINDOWS\system32\mswsock.dll
0x00007ffbf73d0000 - 0x00007ffbf73e1000 	C:\Program Files\Android\Android Studio\jre\jre\bin\nio.dll
0x00007ffbfe550000 - 0x00007ffbfe56e000 	C:\Users\Luca\.gradle\native\25\windows-amd64\native-platform.dll
0x00007ffbfe980000 - 0x00007ffbfe98d000 	C:\Program Files\Android\Android Studio\jre\jre\bin\management.dll
0x00007ffc026d0000 - 0x00007ffc026e7000 	C:\WINDOWS\SYSTEM32\CRYPTSP.dll
0x00007ffc02100000 - 0x00007ffc02133000 	C:\WINDOWS\system32\rsaenh.dll
0x00007ffc027d0000 - 0x00007ffc027f5000 	C:\WINDOWS\SYSTEM32\bcrypt.dll
0x00007ffc02b70000 - 0x00007ffc02b99000 	C:\WINDOWS\SYSTEM32\USERENV.dll
0x00007ffc026c0000 - 0x00007ffc026cb000 	C:\WINDOWS\SYSTEM32\CRYPTBASE.dll
0x00007ffc02290000 - 0x00007ffc022c9000 	C:\WINDOWS\SYSTEM32\IPHLPAPI.DLL
0x00007ffc03fa0000 - 0x00007ffc03fa8000 	C:\WINDOWS\System32\NSI.dll
0x00007ffbfd240000 - 0x00007ffbfd256000 	C:\WINDOWS\SYSTEM32\dhcpcsvc6.DLL
0x00007ffbfd220000 - 0x00007ffbfd23a000 	C:\WINDOWS\SYSTEM32\dhcpcsvc.DLL
0x00007ffc01da0000 - 0x00007ffc01dd1000 	C:\WINDOWS\SYSTEM32\ntmarta.dll

VM Arguments:
jvm_args: -Xmx1536m -Dfile.encoding=windows-1252 -Duser.country=AT -Duser.language=de -Duser.variant 
java_command: org.gradle.launcher.daemon.bootstrap.GradleDaemon 4.4
java_class_path (initial): C:\Users\Luca\.gradle\wrapper\dists\gradle-4.4-all\9br9xq1tocpiv8o6njlyu5op1\gradle-4.4\lib\gradle-launcher-4.4.jar
Launcher Type: SUN_STANDARD

Environment Variables:
PATH=C:\ProgramData\Oracle\Java\javapath;C:\Program Files (x86)\Intel\iCLS Client\;C:\Program Files\Intel\iCLS Client\;C:\Program Files (x86)\NVIDIA Corporation\PhysX\Common;C:\Windows\system32;C:\Windows;C:\Windows\System32\Wbem;C:\Windows\System32\WindowsPowerShell\v1.0\;C:\Program Files (x86)\Acer\abFiles\;C:\Program Files\Intel\Intel(R) Management Engine Components\DAL;C:\Program Files (x86)\Intel\Intel(R) Management Engine Components\DAL;C:\Program Files\Intel\Intel(R) Management Engine Components\IPT;C:\Program Files (x86)\Intel\Intel(R) Management Engine Components\IPT;C:\WINDOWS\system32;C:\WINDOWS;C:\WINDOWS\System32\Wbem;C:\WINDOWS\System32\WindowsPowerShell\v1.0\;C:\Program Files\MySQL\MySQL Utilities 1.6\;C:\Users\Luca\AppData\Local\Microsoft\WindowsApps;C:\Users\Luca\AppData\Local\GitHubDesktop\bin
USERNAME=Luca
OS=Windows_NT
PROCESSOR_IDENTIFIER=Intel64 Family 6 Model 61 Stepping 4, GenuineIntel



---------------  S Y S T E M  ---------------

OS: Windows 10.0 , 64 bit Build 16299 (10.0.16299.15)

CPU:total 4 (initial active 4) (2 cores per cpu, 2 threads per core) family 6 model 61 stepping 4, cmov, cx8, fxsr, mmx, sse, sse2, sse3, ssse3, sse4.1, sse4.2, popcnt, avx, avx2, aes, clmul, erms, 3dnowpref, lzcnt, ht, tsc, tscinvbit, bmi1, bmi2, adx

Memory: 4k page, physical 6744528k(521100k free), swap 6744528k(4112k free)

vm_info: OpenJDK 64-Bit Server VM (25.152-b01) for windows-amd64 JRE (1.8.0_152-release-915-b01), built by "builder" with MS VC++ 10.0 (VS2010)

time: Tue Apr 17 23:01:53 2018
elapsed time: 16 seconds (0d 0h 0m 16s)

