#
# There is insufficient memory for the Java Runtime Environment to continue.
# Native memory allocation (malloc) failed to allocate 1566016 bytes for Chunk::new
# Possible reasons:
#   The system is out of physical RAM or swap space
#   In 32 bit mode, the process size limit was hit
# Possible solutions:
#   Reduce memory load on the system
#   Increase physical memory or swap space
#   Check if swap backing store is full
#   Use 64 bit Java on a 64 bit OS
#   Decrease Java heap size (-Xmx/-Xms)
#   Decrease number of Java threads
#   Decrease Java thread stack sizes (-Xss)
#   Set larger code cache with -XX:ReservedCodeCacheSize=
# This output file may be truncated or incomplete.
#
#  Out of Memory Error (allocation.cpp:390), pid=25404, tid=0x00000000000061fc
#
# JRE version: OpenJDK Runtime Environment (8.0_152-b01) (build 1.8.0_152-release-915-b01)
# Java VM: OpenJDK 64-Bit Server VM (25.152-b01 mixed mode windows-amd64 compressed oops)
# Failed to write core dump. Minidumps are not enabled by default on client versions of Windows
#

---------------  T H R E A D  ---------------

Current thread (0x000000001880c800):  JavaThread "C2 CompilerThread0" daemon [_thread_in_native, id=25084, stack(0x0000000019fa0000,0x000000001a0a0000)]

Stack: [0x0000000019fa0000,0x000000001a0a0000]
[error occurred during error reporting (printing stack bounds), id 0xc0000005]

Native frames: (J=compiled Java code, j=interpreted, Vv=VM code, C=native code)


Current CompileTask:
C2:   4557 2284       4       groovy.lang.MetaClassImpl$1MOPIter::methodNameAction (479 bytes)


---------------  P R O C E S S  ---------------

Java Threads: ( => current thread )
  0x000000001ef0b800 JavaThread "Cache worker for Artifact transforms cache (C:\Users\Luca\.gradle\caches\transforms-1)" [_thread_blocked, id=25620, stack(0x0000000021c00000,0x0000000021d00000)]
  0x000000001bb26000 JavaThread "Cache worker for file hash cache (C:\Users\Luca\Documents\GitHub\UNOPlus\.gradle\4.4\fileHashes)" [_thread_blocked, id=25208, stack(0x000000001e4e0000,0x000000001e5e0000)]
  0x000000001ba16800 JavaThread "File lock request listener" [_thread_in_native, id=24688, stack(0x000000001d410000,0x000000001d510000)]
  0x000000001ba81000 JavaThread "Cache worker for file hash cache (C:\Users\Luca\.gradle\caches\4.4\fileHashes)" [_thread_blocked, id=25060, stack(0x000000001d310000,0x000000001d410000)]
  0x000000001b9c7800 JavaThread "Stdin handler" [_thread_blocked, id=24832, stack(0x000000001d010000,0x000000001d110000)]
  0x000000001b9c6800 JavaThread "Asynchronous log dispatcher for DefaultDaemonConnection: socket connection from /127.0.0.1:55803 to /127.0.0.1:55804" [_thread_blocked, id=24240, stack(0x000000001cf10000,0x000000001d010000)]
  0x000000001b9b8800 JavaThread "Daemon worker" [_thread_in_vm, id=25484, stack(0x000000001ce10000,0x000000001cf10000)]
  0x000000001b9cd000 JavaThread "Cancel handler" [_thread_blocked, id=19324, stack(0x000000001cd10000,0x000000001ce10000)]
  0x000000001b99b800 JavaThread "Handler for socket connection from /127.0.0.1:55803 to /127.0.0.1:55804" [_thread_in_native, id=7408, stack(0x000000001ca10000,0x000000001cb10000)]
  0x000000001b990000 JavaThread "Daemon" [_thread_blocked, id=25308, stack(0x000000001c910000,0x000000001ca10000)]
  0x000000001b8a6800 JavaThread "Daemon periodic checks" [_thread_blocked, id=20392, stack(0x000000001c810000,0x000000001c910000)]
  0x000000001b77e000 JavaThread "Incoming local TCP Connector on port 55803" [_thread_in_native, id=23968, stack(0x000000001c5b0000,0x000000001c6b0000)]
  0x000000001a2c8800 JavaThread "Service Thread" daemon [_thread_blocked, id=14584, stack(0x000000001a6a0000,0x000000001a7a0000)]
  0x0000000018815800 JavaThread "C1 CompilerThread2" daemon [_thread_blocked, id=24348, stack(0x000000001a1a0000,0x000000001a2a0000)]
  0x0000000018812000 JavaThread "C2 CompilerThread1" daemon [_thread_in_native, id=16928, stack(0x000000001a0a0000,0x000000001a1a0000)]
=>0x000000001880c800 JavaThread "C2 CompilerThread0" daemon [_thread_in_native, id=25084, stack(0x0000000019fa0000,0x000000001a0a0000)]
  0x000000001880b000 JavaThread "Attach Listener" daemon [_thread_blocked, id=23704, stack(0x0000000019ea0000,0x0000000019fa0000)]
  0x000000001880a000 JavaThread "Signal Dispatcher" daemon [_thread_blocked, id=24864, stack(0x0000000019da0000,0x0000000019ea0000)]
  0x0000000004e4c000 JavaThread "Finalizer" daemon [_thread_blocked, id=24948, stack(0x0000000019a80000,0x0000000019b80000)]
  0x0000000004e41000 JavaThread "Reference Handler" daemon [_thread_blocked, id=20988, stack(0x0000000019980000,0x0000000019a80000)]
  0x000000000300d800 JavaThread "main" [_thread_blocked, id=20564, stack(0x0000000003490000,0x0000000003590000)]

Other Threads:
  0x00000000187d5800 VMThread [stack: 0x0000000019880000,0x0000000019980000] [id=13472]
  0x000000001a2c9000 WatcherThread [stack: 0x000000001a7a0000,0x000000001a8a0000] [id=24632]

VM state:not at safepoint (normal execution)

VM Mutex/Monitor currently owned by a thread: None

Heap:
 PSYoungGen      total 62976K, used 49679K [0x00000000e0000000, 0x00000000e6180000, 0x0000000100000000)
  eden space 54272K, 78% used [0x00000000e0000000,0x00000000e29d9718,0x00000000e3500000)
  from space 8704K, 78% used [0x00000000e3500000,0x00000000e3baa8d8,0x00000000e3d80000)
  to   space 8704K, 0% used [0x00000000e5900000,0x00000000e5900000,0x00000000e6180000)
 ParOldGen       total 52224K, used 7523K [0x00000000a0000000, 0x00000000a3300000, 0x00000000e0000000)
  object space 52224K, 14% used [0x00000000a0000000,0x00000000a0758ff8,0x00000000a3300000)
 Metaspace       used 28219K, capacity 28856K, committed 29056K, reserved 1075200K
  class space    used 3949K, capacity 4133K, committed 4224K, reserved 1048576K

Card table byte_map: [0x0000000014260000,0x0000000014570000] byte_map_base: 0x0000000013d60000

Marking Bits: (ParMarkBitMap*) 0x0000000056cd3950
 Begin Bits: [0x0000000014b70000, 0x0000000016370000)
 End Bits:   [0x0000000016370000, 0x0000000017b70000)

Polling page: 0x0000000002fe0000

CodeCache: size=245760Kb used=9357Kb max_used=9357Kb free=236402Kb
 bounds [0x0000000004ea0000, 0x00000000057d0000, 0x0000000013ea0000]
 total_blobs=3020 nmethods=2371 adapters=562
 compilation: enabled

Compilation events (10 events):
Event: 4.495 Thread 0x0000000018815800 2379       3       com.google.common.cache.LocalCache::usesAccessQueue (20 bytes)
Event: 4.495 Thread 0x0000000018815800 nmethod 2379 0x00000000057c4a10 code [0x00000000057c4b80, 0x00000000057c4f10]
Event: 4.502 Thread 0x0000000018815800 2380       1       com.google.common.base.Suppliers$SupplierOfInstance::get (5 bytes)
Event: 4.502 Thread 0x0000000018815800 nmethod 2380 0x00000000057c4fd0 code [0x00000000057c5120, 0x00000000057c5230]
Event: 4.513 Thread 0x0000000018815800 2381   !   3       java.lang.reflect.Proxy::newProxyInstance (174 bytes)
Event: 4.515 Thread 0x0000000018815800 nmethod 2381 0x00000000057c5290 code [0x00000000057c55e0, 0x00000000057c6d58]
Event: 4.515 Thread 0x0000000018815800 2382       3       java.lang.reflect.Proxy::getProxyClass0 (29 bytes)
Event: 4.515 Thread 0x0000000018815800 nmethod 2382 0x00000000057c7b50 code [0x00000000057c7ce0, 0x00000000057c80b8]
Event: 4.515 Thread 0x0000000018815800 2383       3       java.lang.reflect.Proxy$KeyFactory::apply (66 bytes)
Event: 4.516 Thread 0x0000000018815800 nmethod 2383 0x00000000057c81d0 code [0x00000000057c83a0, 0x00000000057c8998]

GC Heap History (10 events):
Event: 2.177 GC heap before
{Heap before GC invocations=4 (full 0):
 PSYoungGen      total 31232K, used 31200K [0x00000000e0000000, 0x00000000e2280000, 0x0000000100000000)
  eden space 27136K, 100% used [0x00000000e0000000,0x00000000e1a80000,0x00000000e1a80000)
  from space 4096K, 99% used [0x00000000e1a80000,0x00000000e1e78040,0x00000000e1e80000)
  to   space 4096K, 0% used [0x00000000e1e80000,0x00000000e1e80000,0x00000000e2280000)
 ParOldGen       total 71168K, used 2168K [0x00000000a0000000, 0x00000000a4580000, 0x00000000e0000000)
  object space 71168K, 3% used [0x00000000a0000000,0x00000000a021e170,0x00000000a4580000)
 Metaspace       used 15580K, capacity 15894K, committed 16128K, reserved 1062912K
  class space    used 2195K, capacity 2287K, committed 2304K, reserved 1048576K
Event: 2.187 GC heap after
Heap after GC invocations=4 (full 0):
 PSYoungGen      total 31232K, used 4080K [0x00000000e0000000, 0x00000000e3d00000, 0x0000000100000000)
  eden space 27136K, 0% used [0x00000000e0000000,0x00000000e0000000,0x00000000e1a80000)
  from space 4096K, 99% used [0x00000000e1e80000,0x00000000e227c050,0x00000000e2280000)
  to   space 4096K, 0% used [0x00000000e1a80000,0x00000000e1a80000,0x00000000e1e80000)
 ParOldGen       total 71168K, used 5616K [0x00000000a0000000, 0x00000000a4580000, 0x00000000e0000000)
  object space 71168K, 7% used [0x00000000a0000000,0x00000000a057c0a0,0x00000000a4580000)
 Metaspace       used 15580K, capacity 15894K, committed 16128K, reserved 1062912K
  class space    used 2195K, capacity 2287K, committed 2304K, reserved 1048576K
}
Event: 2.925 GC heap before
{Heap before GC invocations=5 (full 0):
 PSYoungGen      total 31232K, used 31216K [0x00000000e0000000, 0x00000000e3d00000, 0x0000000100000000)
  eden space 27136K, 100% used [0x00000000e0000000,0x00000000e1a80000,0x00000000e1a80000)
  from space 4096K, 99% used [0x00000000e1e80000,0x00000000e227c050,0x00000000e2280000)
  to   space 4096K, 0% used [0x00000000e1a80000,0x00000000e1a80000,0x00000000e1e80000)
 ParOldGen       total 71168K, used 5616K [0x00000000a0000000, 0x00000000a4580000, 0x00000000e0000000)
  object space 71168K, 7% used [0x00000000a0000000,0x00000000a057c0a0,0x00000000a4580000)
 Metaspace       used 18299K, capacity 18672K, committed 18944K, reserved 1064960K
  class space    used 2633K, capacity 2755K, committed 2816K, reserved 1048576K
Event: 2.935 GC heap after
Heap after GC invocations=5 (full 0):
 PSYoungGen      total 31232K, used 4080K [0x00000000e0000000, 0x00000000e4700000, 0x0000000100000000)
  eden space 27136K, 0% used [0x00000000e0000000,0x00000000e0000000,0x00000000e1a80000)
  from space 4096K, 99% used [0x00000000e1a80000,0x00000000e1e7c020,0x00000000e1e80000)
  to   space 9216K, 0% used [0x00000000e3e00000,0x00000000e3e00000,0x00000000e4700000)
 ParOldGen       total 71168K, used 8702K [0x00000000a0000000, 0x00000000a4580000, 0x00000000e0000000)
  object space 71168K, 12% used [0x00000000a0000000,0x00000000a087fad8,0x00000000a4580000)
 Metaspace       used 18299K, capacity 18672K, committed 18944K, reserved 1064960K
  class space    used 2633K, capacity 2755K, committed 2816K, reserved 1048576K
}
Event: 3.135 GC heap before
{Heap before GC invocations=6 (full 0):
 PSYoungGen      total 31232K, used 14677K [0x00000000e0000000, 0x00000000e4700000, 0x0000000100000000)
  eden space 27136K, 39% used [0x00000000e0000000,0x00000000e0a59648,0x00000000e1a80000)
  from space 4096K, 99% used [0x00000000e1a80000,0x00000000e1e7c020,0x00000000e1e80000)
  to   space 9216K, 0% used [0x00000000e3e00000,0x00000000e3e00000,0x00000000e4700000)
 ParOldGen       total 71168K, used 8702K [0x00000000a0000000, 0x00000000a4580000, 0x00000000e0000000)
  object space 71168K, 12% used [0x00000000a0000000,0x00000000a087fad8,0x00000000a4580000)
 Metaspace       used 20764K, capacity 21200K, committed 21248K, reserved 1067008K
  class space    used 2892K, capacity 3043K, committed 3072K, reserved 1048576K
Event: 3.144 GC heap after
Heap after GC invocations=6 (full 0):
 PSYoungGen      total 62464K, used 6042K [0x00000000e0000000, 0x00000000e4600000, 0x0000000100000000)
  eden space 54272K, 0% used [0x00000000e0000000,0x00000000e0000000,0x00000000e3500000)
  from space 8192K, 73% used [0x00000000e3e00000,0x00000000e43e6970,0x00000000e4600000)
  to   space 8704K, 0% used [0x00000000e3500000,0x00000000e3500000,0x00000000e3d80000)
 ParOldGen       total 71168K, used 8710K [0x00000000a0000000, 0x00000000a4580000, 0x00000000e0000000)
  object space 71168K, 12% used [0x00000000a0000000,0x00000000a0881ad8,0x00000000a4580000)
 Metaspace       used 20764K, capacity 21200K, committed 21248K, reserved 1067008K
  class space    used 2892K, capacity 3043K, committed 3072K, reserved 1048576K
}
Event: 3.144 GC heap before
{Heap before GC invocations=7 (full 1):
 PSYoungGen      total 62464K, used 6042K [0x00000000e0000000, 0x00000000e4600000, 0x0000000100000000)
  eden space 54272K, 0% used [0x00000000e0000000,0x00000000e0000000,0x00000000e3500000)
  from space 8192K, 73% used [0x00000000e3e00000,0x00000000e43e6970,0x00000000e4600000)
  to   space 8704K, 0% used [0x00000000e3500000,0x00000000e3500000,0x00000000e3d80000)
 ParOldGen       total 71168K, used 8710K [0x00000000a0000000, 0x00000000a4580000, 0x00000000e0000000)
  object space 71168K, 12% used [0x00000000a0000000,0x00000000a0881ad8,0x00000000a4580000)
 Metaspace       used 20764K, capacity 21200K, committed 21248K, reserved 1067008K
  class space    used 2892K, capacity 3043K, committed 3072K, reserved 1048576K
Event: 3.201 GC heap after
Heap after GC invocations=7 (full 1):
 PSYoungGen      total 62464K, used 0K [0x00000000e0000000, 0x00000000e4600000, 0x0000000100000000)
  eden space 54272K, 0% used [0x00000000e0000000,0x00000000e0000000,0x00000000e3500000)
  from space 8192K, 0% used [0x00000000e3e00000,0x00000000e3e00000,0x00000000e4600000)
  to   space 8704K, 0% used [0x00000000e3500000,0x00000000e3500000,0x00000000e3d80000)
 ParOldGen       total 52224K, used 7523K [0x00000000a0000000, 0x00000000a3300000, 0x00000000e0000000)
  object space 52224K, 14% used [0x00000000a0000000,0x00000000a0758ff8,0x00000000a3300000)
 Metaspace       used 20764K, capacity 21200K, committed 21248K, reserved 1067008K
  class space    used 2892K, capacity 3043K, committed 3072K, reserved 1048576K
}
Event: 4.011 GC heap before
{Heap before GC invocations=8 (full 1):
 PSYoungGen      total 62464K, used 54272K [0x00000000e0000000, 0x00000000e4600000, 0x0000000100000000)
  eden space 54272K, 100% used [0x00000000e0000000,0x00000000e3500000,0x00000000e3500000)
  from space 8192K, 0% used [0x00000000e3e00000,0x00000000e3e00000,0x00000000e4600000)
  to   space 8704K, 0% used [0x00000000e3500000,0x00000000e3500000,0x00000000e3d80000)
 ParOldGen       total 52224K, used 7523K [0x00000000a0000000, 0x00000000a3300000, 0x00000000e0000000)
  object space 52224K, 14% used [0x00000000a0000000,0x00000000a0758ff8,0x00000000a3300000)
 Metaspace       used 25318K, capacity 25902K, committed 25984K, reserved 1071104K
  class space    used 3520K, capacity 3704K, committed 3712K, reserved 1048576K
Event: 4.025 GC heap after
Heap after GC invocations=8 (full 1):
 PSYoungGen      total 62976K, used 6826K [0x00000000e0000000, 0x00000000e6180000, 0x0000000100000000)
  eden space 54272K, 0% used [0x00000000e0000000,0x00000000e0000000,0x00000000e3500000)
  from space 8704K, 78% used [0x00000000e3500000,0x00000000e3baa8d8,0x00000000e3d80000)
  to   space 8704K, 0% used [0x00000000e5900000,0x00000000e5900000,0x00000000e6180000)
 ParOldGen       total 52224K, used 7523K [0x00000000a0000000, 0x00000000a3300000, 0x00000000e0000000)
  object space 52224K, 14% used [0x00000000a0000000,0x00000000a0758ff8,0x00000000a3300000)
 Metaspace       used 25318K, capacity 25902K, committed 25984K, reserved 1071104K
  class space    used 3520K, capacity 3704K, committed 3712K, reserved 1048576K
}

Deoptimization events (10 events):
Event: 3.711 Thread 0x000000001b9b8800 Uncommon trap: reason=unstable_if action=reinterpret pc=0x00000000051aa270 method=java.util.HashMap.hash(Ljava/lang/Object;)I @ 1
Event: 3.711 Thread 0x000000001b9b8800 Uncommon trap: reason=unstable_if action=reinterpret pc=0x00000000052f559c method=java.util.HashMap.putVal(ILjava/lang/Object;Ljava/lang/Object;ZZ)Ljava/lang/Object; @ 85
Event: 3.758 Thread 0x000000001b9b8800 Uncommon trap: reason=class_check action=maybe_recompile pc=0x00000000054584c0 method=java.lang.reflect.Method.equals(Ljava/lang/Object;)Z @ 5
Event: 3.760 Thread 0x000000001b9b8800 Uncommon trap: reason=class_check action=maybe_recompile pc=0x00000000054584c0 method=java.lang.reflect.Method.equals(Ljava/lang/Object;)Z @ 5
Event: 3.844 Thread 0x000000001b9b8800 Uncommon trap: reason=unstable_if action=reinterpret pc=0x00000000051391b0 method=java.util.LinkedHashMap.afterNodeInsertion(Z)V @ 1
Event: 3.875 Thread 0x000000001b9b8800 Uncommon trap: reason=class_check action=maybe_recompile pc=0x00000000054584c0 method=java.lang.reflect.Method.equals(Ljava/lang/Object;)Z @ 5
Event: 3.875 Thread 0x000000001b9b8800 Uncommon trap: reason=class_check action=maybe_recompile pc=0x00000000054584c0 method=java.lang.reflect.Method.equals(Ljava/lang/Object;)Z @ 5
Event: 3.919 Thread 0x000000001b9b8800 Uncommon trap: reason=unstable_if action=reinterpret pc=0x000000000565e738 method=java.net.URLClassLoader.isSealed(Ljava/lang/String;Ljava/util/jar/Manifest;)Z @ 26
Event: 3.951 Thread 0x000000001b9b8800 Uncommon trap: reason=unstable_if action=reinterpret pc=0x0000000005117e8c method=java.io.WinNTFileSystem.resolve(Ljava/lang/String;Ljava/lang/String;)Ljava/lang/String; @ 49
Event: 4.026 Thread 0x000000001b9b8800 Uncommon trap: reason=unstable_if action=reinterpret pc=0x00000000052f8840 method=java.util.WeakHashMap.expungeStaleEntries()V @ 9

Classes redefined (0 events):
No events

Internal exceptions (10 events):
Event: 4.062 Thread 0x000000001b9b8800 Exception <a 'java/lang/ClassNotFoundException': org/gradle/api/internal/artifacts/repositories/DefaultMavenArtifactRepositoryCustomizer> (0x00000000e0434360) thrown at [D:\src\AOSP-openjdk-cygwin\jdk8u\hotspot\src\share\vm\classfile\systemDictionary.cpp,
Event: 4.063 Thread 0x000000001b9b8800 Exception <a 'java/lang/ClassNotFoundException': org/gradle/api/internal/artifacts/repositories/DefaultMavenArtifactRepository_DecoratedCustomizer> (0x00000000e047e7e8) thrown at [D:\src\AOSP-openjdk-cygwin\jdk8u\hotspot\src\share\vm\classfile\systemDicti
Event: 4.236 Thread 0x000000001b9b8800 Exception <a 'java/lang/ClassNotFoundException': build_6csghfa1xe8av1rv6zyqjcarbBeanInfo> (0x00000000e0eb0e68) thrown at [D:\src\AOSP-openjdk-cygwin\jdk8u\hotspot\src\share\vm\classfile\systemDictionary.cpp, line 210]
Event: 4.236 Thread 0x000000001b9b8800 Exception <a 'java/lang/ClassNotFoundException': org/gradle/api/internal/project/ProjectScriptBeanInfo> (0x00000000e0ec43f8) thrown at [D:\src\AOSP-openjdk-cygwin\jdk8u\hotspot\src\share\vm\classfile\systemDictionary.cpp, line 210]
Event: 4.237 Thread 0x000000001b9b8800 Exception <a 'java/lang/ClassNotFoundException': org/gradle/api/internal/project/ProjectScriptCustomizer> (0x00000000e0ed8010) thrown at [D:\src\AOSP-openjdk-cygwin\jdk8u\hotspot\src\share\vm\classfile\systemDictionary.cpp, line 210]
Event: 4.238 Thread 0x000000001b9b8800 Exception <a 'java/lang/ClassNotFoundException': build_6csghfa1xe8av1rv6zyqjcarbCustomizer> (0x00000000e0ef6f10) thrown at [D:\src\AOSP-openjdk-cygwin\jdk8u\hotspot\src\share\vm\classfile\systemDictionary.cpp, line 210]
Event: 4.471 Thread 0x000000001b9b8800 Exception <a 'java/lang/ClassNotFoundException': org/gradle/api/internal/artifacts/dsl/dependencies/DefaultDependencyHandler_DecoratedBeanInfo> (0x00000000e20e1e68) thrown at [D:\src\AOSP-openjdk-cygwin\jdk8u\hotspot\src\share\vm\classfile\systemDictionar
Event: 4.472 Thread 0x000000001b9b8800 Exception <a 'java/lang/ClassNotFoundException': org/gradle/api/internal/artifacts/dsl/dependencies/DefaultDependencyHandlerBeanInfo> (0x00000000e212a6e0) thrown at [D:\src\AOSP-openjdk-cygwin\jdk8u\hotspot\src\share\vm\classfile\systemDictionary.cpp, lin
Event: 4.473 Thread 0x000000001b9b8800 Exception <a 'java/lang/ClassNotFoundException': org/gradle/api/internal/artifacts/dsl/dependencies/DefaultDependencyHandlerCustomizer> (0x00000000e2173c20) thrown at [D:\src\AOSP-openjdk-cygwin\jdk8u\hotspot\src\share\vm\classfile\systemDictionary.cpp, l
Event: 4.475 Thread 0x000000001b9b8800 Exception <a 'java/lang/ClassNotFoundException': org/gradle/api/internal/artifacts/dsl/dependencies/DefaultDependencyHandler_DecoratedCustomizer> (0x00000000e21e1298) thrown at [D:\src\AOSP-openjdk-cygwin\jdk8u\hotspot\src\share\vm\classfile\systemDiction

Events (10 events):
Event: 4.552 loading class org/gradle/api/internal/artifacts/repositories/resolver/ExternalResourceArtifactResolver
Event: 4.552 loading class org/gradle/api/internal/artifacts/repositories/resolver/ExternalResourceArtifactResolver done
Event: 4.552 loading class org/gradle/internal/component/model/ModuleDescriptorArtifactMetadata
Event: 4.552 loading class org/gradle/internal/component/model/ModuleDescriptorArtifactMetadata done
Event: 4.553 loading class org/gradle/api/internal/artifacts/repositories/resolver/VersionLister
Event: 4.553 loading class org/gradle/api/internal/artifacts/repositories/resolver/VersionLister done
Event: 4.553 loading class org/gradle/api/internal/artifacts/ivyservice/ivyresolve/ModuleComponentRepositoryAccess
Event: 4.553 loading class org/gradle/api/internal/artifacts/ivyservice/ivyresolve/ModuleComponentRepositoryAccess done
Event: 4.554 loading class org/gradle/api/artifacts/component/ModuleComponentIdentifier
Event: 4.554 loading class org/gradle/api/artifacts/component/ModuleComponentIdentifier done


Dynamic libraries:
0x00007ff62ec60000 - 0x00007ff62ec91000 	C:\Program Files\Android\Android Studio\jre\bin\java.exe
0x00007ffc06920000 - 0x00007ffc06b00000 	C:\WINDOWS\SYSTEM32\ntdll.dll
0x00007ffc06720000 - 0x00007ffc067ce000 	C:\WINDOWS\System32\KERNEL32.DLL
0x00007ffc03270000 - 0x00007ffc034d6000 	C:\WINDOWS\System32\KERNELBASE.dll
0x00007ffc04920000 - 0x00007ffc049c1000 	C:\WINDOWS\System32\ADVAPI32.dll
0x00007ffc03df0000 - 0x00007ffc03e8d000 	C:\WINDOWS\System32\msvcrt.dll
0x00007ffc04570000 - 0x00007ffc045cb000 	C:\WINDOWS\System32\sechost.dll
0x00007ffc067d0000 - 0x00007ffc068ef000 	C:\WINDOWS\System32\RPCRT4.dll
0x00007ffc04260000 - 0x00007ffc043ef000 	C:\WINDOWS\System32\USER32.dll
0x00007ffc03c30000 - 0x00007ffc03c50000 	C:\WINDOWS\System32\win32u.dll
0x00007ffc04090000 - 0x00007ffc040b8000 	C:\WINDOWS\System32\GDI32.dll
0x00007ffc03c50000 - 0x00007ffc03de3000 	C:\WINDOWS\System32\gdi32full.dll
0x00007ffc030d0000 - 0x00007ffc0316b000 	C:\WINDOWS\System32\msvcp_win.dll
0x00007ffc03170000 - 0x00007ffc03266000 	C:\WINDOWS\System32\ucrtbase.dll
0x00007ffbf8a30000 - 0x00007ffbf8c99000 	C:\WINDOWS\WinSxS\amd64_microsoft.windows.common-controls_6595b64144ccf1df_6.0.16299.371_none_15c7d1789365a290\COMCTL32.dll
0x00007ffc063b0000 - 0x00007ffc066b8000 	C:\WINDOWS\System32\combase.dll
0x00007ffc02ff0000 - 0x00007ffc03062000 	C:\WINDOWS\System32\bcryptPrimitives.dll
0x00007ffc03fb0000 - 0x00007ffc03fdd000 	C:\WINDOWS\System32\IMM32.DLL
0x0000000056ff0000 - 0x00000000570c2000 	C:\Program Files\Android\Android Studio\jre\jre\bin\msvcr100.dll
0x0000000056510000 - 0x0000000056d4e000 	C:\Program Files\Android\Android Studio\jre\jre\bin\server\jvm.dll
0x00007ffc043f0000 - 0x00007ffc043f8000 	C:\WINDOWS\System32\PSAPI.DLL
0x00007ffbfd600000 - 0x00007ffbfd60a000 	C:\WINDOWS\SYSTEM32\VERSION.dll
0x00007ffbffba0000 - 0x00007ffbffbc3000 	C:\WINDOWS\SYSTEM32\WINMM.dll
0x00007ffbfe8c0000 - 0x00007ffbfe8c9000 	C:\WINDOWS\SYSTEM32\WSOCK32.dll
0x00007ffc04720000 - 0x00007ffc0478c000 	C:\WINDOWS\System32\WS2_32.dll
0x00007ffbffb40000 - 0x00007ffbffb6a000 	C:\WINDOWS\SYSTEM32\WINMMBASE.dll
0x00007ffc02d20000 - 0x00007ffc02d6a000 	C:\WINDOWS\System32\cfgmgr32.dll
0x00007ffbffdb0000 - 0x00007ffbffdbf000 	C:\Program Files\Android\Android Studio\jre\jre\bin\verify.dll
0x00007ffbfe540000 - 0x00007ffbfe569000 	C:\Program Files\Android\Android Studio\jre\jre\bin\java.dll
0x00007ffbfe950000 - 0x00007ffbfe966000 	C:\Program Files\Android\Android Studio\jre\jre\bin\zip.dll
0x00007ffc04f50000 - 0x00007ffc06386000 	C:\WINDOWS\System32\SHELL32.dll
0x00007ffc03fe0000 - 0x00007ffc04086000 	C:\WINDOWS\System32\shcore.dll
0x00007ffc034e0000 - 0x00007ffc03c27000 	C:\WINDOWS\System32\windows.storage.dll
0x00007ffc03f30000 - 0x00007ffc03f81000 	C:\WINDOWS\System32\shlwapi.dll
0x00007ffc02d00000 - 0x00007ffc02d11000 	C:\WINDOWS\System32\kernel.appcore.dll
0x00007ffc02cb0000 - 0x00007ffc02cfc000 	C:\WINDOWS\System32\powrprof.dll
0x00007ffc02c90000 - 0x00007ffc02cab000 	C:\WINDOWS\System32\profapi.dll
0x00007ffbfe520000 - 0x00007ffbfe53a000 	C:\Program Files\Android\Android Studio\jre\jre\bin\net.dll
0x00007ffc02500000 - 0x00007ffc02566000 	C:\WINDOWS\system32\mswsock.dll
0x00007ffbfdf90000 - 0x00007ffbfdfa1000 	C:\Program Files\Android\Android Studio\jre\jre\bin\nio.dll
0x00007ffbf73d0000 - 0x00007ffbf73ee000 	C:\Users\Luca\.gradle\native\25\windows-amd64\native-platform.dll
0x00007ffbfe980000 - 0x00007ffbfe98d000 	C:\Program Files\Android\Android Studio\jre\jre\bin\management.dll
0x00007ffc026d0000 - 0x00007ffc026e7000 	C:\WINDOWS\SYSTEM32\CRYPTSP.dll
0x00007ffc02100000 - 0x00007ffc02133000 	C:\WINDOWS\system32\rsaenh.dll
0x00007ffc027d0000 - 0x00007ffc027f5000 	C:\WINDOWS\SYSTEM32\bcrypt.dll
0x00007ffc02b70000 - 0x00007ffc02b99000 	C:\WINDOWS\SYSTEM32\USERENV.dll
0x00007ffc026c0000 - 0x00007ffc026cb000 	C:\WINDOWS\SYSTEM32\CRYPTBASE.dll
0x00007ffc02290000 - 0x00007ffc022c9000 	C:\WINDOWS\SYSTEM32\IPHLPAPI.DLL
0x00007ffc03fa0000 - 0x00007ffc03fa8000 	C:\WINDOWS\System32\NSI.dll
0x00007ffbfd240000 - 0x00007ffbfd256000 	C:\WINDOWS\SYSTEM32\dhcpcsvc6.DLL
0x00007ffbfd220000 - 0x00007ffbfd23a000 	C:\WINDOWS\SYSTEM32\dhcpcsvc.DLL

VM Arguments:
jvm_args: -Xmx1536m -Dfile.encoding=windows-1252 -Duser.country=AT -Duser.language=de -Duser.variant 
java_command: org.gradle.launcher.daemon.bootstrap.GradleDaemon 4.4
java_class_path (initial): C:\Users\Luca\.gradle\wrapper\dists\gradle-4.4-all\9br9xq1tocpiv8o6njlyu5op1\gradle-4.4\lib\gradle-launcher-4.4.jar
Launcher Type: SUN_STANDARD

Environment Variables:
PATH=C:\ProgramData\Oracle\Java\javapath;C:\Program Files (x86)\Intel\iCLS Client\;C:\Program Files\Intel\iCLS Client\;C:\Program Files (x86)\NVIDIA Corporation\PhysX\Common;C:\Windows\system32;C:\Windows;C:\Windows\System32\Wbem;C:\Windows\System32\WindowsPowerShell\v1.0\;C:\Program Files (x86)\Acer\abFiles\;C:\Program Files\Intel\Intel(R) Management Engine Components\DAL;C:\Program Files (x86)\Intel\Intel(R) Management Engine Components\DAL;C:\Program Files\Intel\Intel(R) Management Engine Components\IPT;C:\Program Files (x86)\Intel\Intel(R) Management Engine Components\IPT;C:\WINDOWS\system32;C:\WINDOWS;C:\WINDOWS\System32\Wbem;C:\WINDOWS\System32\WindowsPowerShell\v1.0\;C:\Program Files\MySQL\MySQL Utilities 1.6\;C:\Users\Luca\AppData\Local\Microsoft\WindowsApps;C:\Users\Luca\AppData\Local\GitHubDesktop\bin
USERNAME=Luca
OS=Windows_NT
PROCESSOR_IDENTIFIER=Intel64 Family 6 Model 61 Stepping 4, GenuineIntel



---------------  S Y S T E M  ---------------

OS: Windows 10.0 , 64 bit Build 16299 (10.0.16299.15)

CPU:total 4 (initial active 4) (2 cores per cpu, 2 threads per core) family 6 model 61 stepping 4, cmov, cx8, fxsr, mmx, sse, sse2, sse3, ssse3, sse4.1, sse4.2, popcnt, avx, avx2, aes, clmul, erms, 3dnowpref, lzcnt, ht, tsc, tscinvbit, bmi1, bmi2, adx

Memory: 4k page, physical 6744528k(444568k free), swap 6744528k(5616k free)

vm_info: OpenJDK 64-Bit Server VM (25.152-b01) for windows-amd64 JRE (1.8.0_152-release-915-b01), built by "builder" with MS VC++ 10.0 (VS2010)

time: Tue Apr 17 23:24:06 2018
elapsed time: 4 seconds (0d 0h 0m 4s)

