#
# There is insufficient memory for the Java Runtime Environment to continue.
# Native memory allocation (malloc) failed to allocate 131088 bytes for Chunk::new
# Possible reasons:
#   The system is out of physical RAM or swap space
#   In 32 bit mode, the process size limit was hit
# Possible solutions:
#   Reduce memory load on the system
#   Increase physical memory or swap space
#   Check if swap backing store is full
#   Use 64 bit Java on a 64 bit OS
#   Decrease Java heap size (-Xmx/-Xms)
#   Decrease number of Java threads
#   Decrease Java thread stack sizes (-Xss)
#   Set larger code cache with -XX:ReservedCodeCacheSize=
# This output file may be truncated or incomplete.
#
#  Out of Memory Error (allocation.cpp:390), pid=10520, tid=0x0000000000003d38
#
# JRE version: OpenJDK Runtime Environment (8.0_152-b01) (build 1.8.0_152-release-915-b01)
# Java VM: OpenJDK 64-Bit Server VM (25.152-b01 mixed mode windows-amd64 compressed oops)
# Failed to write core dump. Minidumps are not enabled by default on client versions of Windows
#

---------------  T H R E A D  ---------------

Current thread (0x0000000017f21800):  JavaThread "C2 CompilerThread1" daemon [_thread_in_native, id=15672, stack(0x00000000197a0000,0x00000000198a0000)]

Stack: [0x00000000197a0000,0x00000000198a0000]
[error occurred during error reporting (printing stack bounds), id 0xc0000005]

Native frames: (J=compiled Java code, j=interpreted, Vv=VM code, C=native code)


Current CompileTask:
C2: 438018 16588 %     4       com.android.tools.r8.org.objectweb.asm.ClassReader::readCode @ 74 (3575 bytes)


---------------  P R O C E S S  ---------------

Java Threads: ( => current thread )
  0x000000001d007800 JavaThread "ForkJoinPool.commonPool-worker-22" daemon [_thread_in_vm, id=23292, stack(0x000000002dd00000,0x000000002de00000)]
  0x000000001d000800 JavaThread "ForkJoinPool.commonPool-worker-12" daemon [_thread_blocked, id=23288, stack(0x000000002dc00000,0x000000002dd00000)]
  0x000000001d005800 JavaThread "ForkJoinPool.commonPool-worker-10" daemon [_thread_blocked, id=23284, stack(0x000000002db00000,0x000000002dc00000)]
  0x000000001d000000 JavaThread "ForkJoinPool.commonPool-worker-8" daemon [_thread_blocked, id=23280, stack(0x000000002da00000,0x000000002db00000)]
  0x000000001d681800 JavaThread "ForkJoinPool.commonPool-worker-15" daemon [_thread_blocked, id=23276, stack(0x000000002d900000,0x000000002da00000)]
  0x000000001d67d800 JavaThread "ForkJoinPool.commonPool-worker-13" daemon [_thread_blocked, id=23272, stack(0x000000002d800000,0x000000002d900000)]
  0x000000001d680800 JavaThread "ForkJoinPool.commonPool-worker-11" daemon [_thread_blocked, id=23268, stack(0x000000002d700000,0x000000002d800000)]
  0x000000001d683000 JavaThread "ForkJoinPool.commonPool-worker-14" daemon [_thread_blocked, id=23264, stack(0x000000002d600000,0x000000002d700000)]
  0x000000001d682000 JavaThread "ForkJoinPool.commonPool-worker-9" daemon [_thread_blocked, id=23260, stack(0x000000002d500000,0x000000002d600000)]
  0x000000001d676000 JavaThread "ForkJoinPool.commonPool-worker-4" daemon [_thread_blocked, id=23256, stack(0x000000002d400000,0x000000002d500000)]
  0x000000001d67d000 JavaThread "ForkJoinPool.commonPool-worker-7" daemon [_thread_blocked, id=23252, stack(0x000000002d300000,0x000000002d400000)]
  0x000000001d67c000 JavaThread "ForkJoinPool.commonPool-worker-5" daemon [_thread_blocked, id=23248, stack(0x000000002d200000,0x000000002d300000)]
  0x000000001d67b800 JavaThread "ForkJoinPool.commonPool-worker-6" daemon [_thread_blocked, id=23244, stack(0x000000002d100000,0x000000002d200000)]
  0x000000001d674800 JavaThread "ForkJoinPool.commonPool-worker-2" daemon [_thread_blocked, id=23240, stack(0x000000002d000000,0x000000002d100000)]
  0x000000001d67a800 JavaThread "ForkJoinPool.commonPool-worker-1" daemon [_thread_blocked, id=23228, stack(0x000000002ce00000,0x000000002cf00000)]
  0x000000001d674000 JavaThread "ForkJoinPool.commonPool-worker-0" daemon [_thread_blocked, id=23224, stack(0x000000002cd00000,0x000000002ce00000)]
  0x000000001d679000 JavaThread "ForkJoinPool.commonPool-worker-3" daemon [_thread_blocked, id=23168, stack(0x000000002cb00000,0x000000002cc00000)]
  0x000000001d677000 JavaThread "Cache worker for Java compile cache (C:\Users\Luca\Documents\GitHub\UNOPlus\.gradle\4.4\javaCompile)" [_thread_blocked, id=23116, stack(0x000000002ca00000,0x000000002cb00000)]
  0x000000001e809000 JavaThread "Task worker for ':' Thread 3" [_thread_blocked, id=22872, stack(0x000000002bc00000,0x000000002bd00000)]
  0x000000001e806000 JavaThread "Task worker for ':' Thread 2" [_thread_blocked, id=22868, stack(0x000000002bb00000,0x000000002bc00000)]
  0x000000001e801000 JavaThread "Task worker for ':'" [_thread_blocked, id=22864, stack(0x000000002ba00000,0x000000002bb00000)]
  0x000000001e803000 JavaThread "Cache worker for Build Output Cleanup Cache (C:\Users\Luca\Documents\GitHub\UNOPlus\.gradle\buildOutputCleanup)" [_thread_blocked, id=22860, stack(0x000000002b900000,0x000000002ba00000)]
  0x000000001e804800 JavaThread "Cache worker for task history cache (C:\Users\Luca\Documents\GitHub\UNOPlus\.gradle\4.4\taskHistory)" [_thread_blocked, id=22856, stack(0x000000002b800000,0x000000002b900000)]
  0x000000001e807800 JavaThread "Cache worker for file content cache (C:\Users\Luca\Documents\GitHub\UNOPlus\.gradle\4.4\fileContent)" [_thread_blocked, id=22852, stack(0x000000002b700000,0x000000002b800000)]
  0x000000001e804000 JavaThread "build operations Thread 4" [_thread_blocked, id=22848, stack(0x000000002b600000,0x000000002b700000)]
  0x000000001e805800 JavaThread "build operations Thread 3" [_thread_blocked, id=22844, stack(0x000000002b500000,0x000000002b600000)]
  0x000000001e7fb800 JavaThread "build operations Thread 2" [_thread_blocked, id=22840, stack(0x000000002b400000,0x000000002b500000)]
  0x000000001e802800 JavaThread "build operations" [_thread_blocked, id=22836, stack(0x000000002b300000,0x000000002b400000)]
  0x000000001e7ff800 JavaThread "Cache worker for Artifact transforms cache (C:\Users\Luca\.gradle\caches\transforms-1)" [_thread_blocked, id=22832, stack(0x000000002b200000,0x000000002b300000)]
  0x000000001e7fc800 JavaThread "Cache worker for file hash cache (C:\Users\Luca\Documents\GitHub\UNOPlus\.gradle\4.4\fileHashes)" [_thread_blocked, id=22828, stack(0x000000002b100000,0x000000002b200000)]
  0x000000001e7fb000 JavaThread "Stdin handler" [_thread_blocked, id=22824, stack(0x000000002b000000,0x000000002b100000)]
  0x000000001e7fe000 JavaThread "Asynchronous log dispatcher for DefaultDaemonConnection: socket connection from /127.0.0.1:55086 to /127.0.0.1:55178" [_thread_blocked, id=22820, stack(0x000000002af00000,0x000000002b000000)]
  0x000000001e7fe800 JavaThread "Daemon worker Thread 3" [_thread_blocked, id=22808, stack(0x000000002ae00000,0x000000002af00000)]
  0x000000001e801800 JavaThread "Cancel handler" [_thread_blocked, id=22804, stack(0x000000002ad00000,0x000000002ae00000)]
  0x000000001e800000 JavaThread "Handler for socket connection from /127.0.0.1:55086 to /127.0.0.1:55178" [_thread_in_native, id=22800, stack(0x000000002ac00000,0x000000002ad00000)]
  0x000000001e7fd000 JavaThread "Daemon Thread 3" [_thread_blocked, id=22796, stack(0x000000002ab00000,0x000000002ac00000)]
  0x000000001d67e800 JavaThread "Java2D Disposer" daemon [_thread_blocked, id=22120, stack(0x0000000028200000,0x0000000028300000)]
  0x000000001d001800 JavaThread "Memory manager" [_thread_blocked, id=14064, stack(0x00000000227d0000,0x00000000228d0000)]
  0x000000001d004000 JavaThread "pool-1-thread-1" [_thread_blocked, id=18624, stack(0x00000000224d0000,0x00000000225d0000)]
  0x000000001ae30800 JavaThread "File lock request listener" [_thread_in_native, id=10820, stack(0x000000001dae0000,0x000000001dbe0000)]
  0x000000001aeb4800 JavaThread "Cache worker for file hash cache (C:\Users\Luca\.gradle\caches\4.4\fileHashes)" [_thread_blocked, id=19492, stack(0x000000001d9e0000,0x000000001dae0000)]
  0x000000001aff7000 JavaThread "Daemon periodic checks" [_thread_blocked, id=21812, stack(0x000000001bf10000,0x000000001c010000)]
  0x000000001afe9000 JavaThread "Incoming local TCP Connector on port 55086" [_thread_in_native, id=20676, stack(0x000000001bcb0000,0x000000001bdb0000)]
  0x0000000017f7a800 JavaThread "Service Thread" daemon [_thread_blocked, id=13052, stack(0x0000000019da0000,0x0000000019ea0000)]
  0x0000000017f4b800 JavaThread "C1 CompilerThread2" daemon [_thread_blocked, id=15108, stack(0x00000000198a0000,0x00000000199a0000)]
=>0x0000000017f21800 JavaThread "C2 CompilerThread1" daemon [_thread_in_native, id=15672, stack(0x00000000197a0000,0x00000000198a0000)]
  0x0000000017f1c800 JavaThread "C2 CompilerThread0" daemon [_thread_in_native, id=19660, stack(0x00000000196a0000,0x00000000197a0000)]
  0x0000000017f1b800 JavaThread "Attach Listener" daemon [_thread_blocked, id=21640, stack(0x00000000195a0000,0x00000000196a0000)]
  0x0000000017f1a000 JavaThread "Signal Dispatcher" daemon [_thread_blocked, id=22212, stack(0x00000000194a0000,0x00000000195a0000)]
  0x0000000017f08800 JavaThread "Finalizer" daemon [_thread_blocked, id=216, stack(0x0000000019170000,0x0000000019270000)]
  0x0000000004573000 JavaThread "Reference Handler" daemon [_thread_blocked, id=21816, stack(0x0000000019070000,0x0000000019170000)]
  0x00000000027dd800 JavaThread "main" [_thread_blocked, id=19912, stack(0x0000000004380000,0x0000000004480000)]

Other Threads:
  0x0000000017ee5800 VMThread [stack: 0x0000000018f70000,0x0000000019070000] [id=16760]
  0x0000000017f7d000 WatcherThread [stack: 0x0000000019ea0000,0x0000000019fa0000] [id=16844]

VM state:not at safepoint (normal execution)

VM Mutex/Monitor currently owned by a thread: None

Heap:
 PSYoungGen      total 284672K, used 177422K [0x00000000e0000000, 0x00000000f3280000, 0x0000000100000000)
  eden space 261632K, 66% used [0x00000000e0000000,0x00000000ea982280,0x00000000eff80000)
  from space 23040K, 16% used [0x00000000f1c00000,0x00000000f1fc1978,0x00000000f3280000)
  to   space 26112K, 0% used [0x00000000eff80000,0x00000000eff80000,0x00000000f1900000)
 ParOldGen       total 135168K, used 84486K [0x00000000a0000000, 0x00000000a8400000, 0x00000000e0000000)
  object space 135168K, 62% used [0x00000000a0000000,0x00000000a5281bb0,0x00000000a8400000)
 Metaspace       used 82686K, capacity 86968K, committed 87168K, reserved 1124352K
  class space    used 10589K, capacity 11616K, committed 11648K, reserved 1048576K

Card table byte_map: [0x0000000013950000,0x0000000013c60000] byte_map_base: 0x0000000013450000

Marking Bits: (ParMarkBitMap*) 0x0000000056cd3950
 Begin Bits: [0x0000000014260000, 0x0000000015a60000)
 End Bits:   [0x0000000015a60000, 0x0000000017260000)

Polling page: 0x00000000027b0000

CodeCache: size=245760Kb used=47540Kb max_used=47545Kb free=198219Kb
 bounds [0x0000000004590000, 0x0000000007440000, 0x0000000013590000]
 total_blobs=14470 nmethods=13514 adapters=868
 compilation: enabled

Compilation events (10 events):
Event: 437.934 Thread 0x0000000017f4b800 16663       3       com.android.tools.r8.graph.DexAnnotation::createSystemValueAnnotation (39 bytes)
Event: 437.934 Thread 0x0000000017f1c800 nmethod 16645 0x0000000007437e90 code [0x0000000007438020, 0x0000000007438590]
Event: 437.934 Thread 0x0000000017f1c800 16638       4       com.android.tools.r8.graph.DexString::isValidFieldName (89 bytes)
Event: 437.934 Thread 0x0000000017f4b800 nmethod 16663 0x000000000742a690 code [0x000000000742a860, 0x000000000742b0c8]
Event: 437.934 Thread 0x0000000017f4b800 16662       3       com.android.tools.r8.org.objectweb.asm.MethodVisitor::visitTryCatchBlock (20 bytes)
Event: 437.934 Thread 0x0000000017f4b800 nmethod 16662 0x000000000742a1d0 code [0x000000000742a340, 0x000000000742a5a8]
Event: 437.938 Thread 0x0000000017f1c800 nmethod 16638 0x000000000742da10 code [0x000000000742db60, 0x000000000742def8]
Event: 437.938 Thread 0x0000000017f1c800 16639       4       com.android.tools.r8.graph.JarApplicationReader::getTypeFromDescriptor (38 bytes)
Event: 437.943 Thread 0x0000000017f4b800 16664       3       java.lang.invoke.MethodHandleImpl$IntrinsicMethodHandle::<init> (20 bytes)
Event: 437.943 Thread 0x0000000017f4b800 nmethod 16664 0x000000000742edd0 code [0x000000000742ef60, 0x000000000742f4d8]

GC Heap History (10 events):
Event: 277.228 GC heap before
{Heap before GC invocations=19 (full 3):
 PSYoungGen      total 205824K, used 198481K [0x00000000e0000000, 0x00000000eec80000, 0x0000000100000000)
  eden space 188928K, 100% used [0x00000000e0000000,0x00000000eb880000,0x00000000eb880000)
  from space 16896K, 56% used [0x00000000eb880000,0x00000000ec1d4580,0x00000000ec900000)
  to   space 16384K, 0% used [0x00000000edc80000,0x00000000edc80000,0x00000000eec80000)
 ParOldGen       total 135168K, used 48351K [0x00000000a0000000, 0x00000000a8400000, 0x00000000e0000000)
  object space 135168K, 35% used [0x00000000a0000000,0x00000000a2f37c60,0x00000000a8400000)
 Metaspace       used 68834K, capacity 72058K, committed 72320K, reserved 1112064K
  class space    used 9015K, capacity 9809K, committed 9856K, reserved 1048576K
Event: 277.262 GC heap after
Heap after GC invocations=19 (full 3):
 PSYoungGen      total 221696K, used 16364K [0x00000000e0000000, 0x00000000eff80000, 0x0000000100000000)
  eden space 205312K, 0% used [0x00000000e0000000,0x00000000e0000000,0x00000000ec880000)
  from space 16384K, 99% used [0x00000000edc80000,0x00000000eec7b320,0x00000000eec80000)
  to   space 20480K, 0% used [0x00000000ec880000,0x00000000ec880000,0x00000000edc80000)
 ParOldGen       total 135168K, used 54416K [0x00000000a0000000, 0x00000000a8400000, 0x00000000e0000000)
  object space 135168K, 40% used [0x00000000a0000000,0x00000000a3524110,0x00000000a8400000)
 Metaspace       used 68834K, capacity 72058K, committed 72320K, reserved 1112064K
  class space    used 9015K, capacity 9809K, committed 9856K, reserved 1048576K
}
Event: 423.917 GC heap before
{Heap before GC invocations=20 (full 3):
 PSYoungGen      total 221696K, used 221676K [0x00000000e0000000, 0x00000000eff80000, 0x0000000100000000)
  eden space 205312K, 100% used [0x00000000e0000000,0x00000000ec880000,0x00000000ec880000)
  from space 16384K, 99% used [0x00000000edc80000,0x00000000eec7b320,0x00000000eec80000)
  to   space 20480K, 0% used [0x00000000ec880000,0x00000000ec880000,0x00000000edc80000)
 ParOldGen       total 135168K, used 54416K [0x00000000a0000000, 0x00000000a8400000, 0x00000000e0000000)
  object space 135168K, 40% used [0x00000000a0000000,0x00000000a3524110,0x00000000a8400000)
 Metaspace       used 71282K, capacity 74910K, committed 75008K, reserved 1114112K
  class space    used 9295K, capacity 10197K, committed 10240K, reserved 1048576K
Event: 423.950 GC heap after
Heap after GC invocations=20 (full 3):
 PSYoungGen      total 216576K, used 18350K [0x00000000e0000000, 0x00000000eed80000, 0x0000000100000000)
  eden space 198144K, 0% used [0x00000000e0000000,0x00000000e0000000,0x00000000ec180000)
  from space 18432K, 99% used [0x00000000ec880000,0x00000000eda6bab0,0x00000000eda80000)
  to   space 19456K, 0% used [0x00000000eda80000,0x00000000eda80000,0x00000000eed80000)
 ParOldGen       total 135168K, used 58986K [0x00000000a0000000, 0x00000000a8400000, 0x00000000e0000000)
  object space 135168K, 43% used [0x00000000a0000000,0x00000000a399aab8,0x00000000a8400000)
 Metaspace       used 71282K, capacity 74910K, committed 75008K, reserved 1114112K
  class space    used 9295K, capacity 10197K, committed 10240K, reserved 1048576K
}
Event: 431.432 GC heap before
{Heap before GC invocations=21 (full 3):
 PSYoungGen      total 216576K, used 216136K [0x00000000e0000000, 0x00000000eed80000, 0x0000000100000000)
  eden space 198144K, 99% used [0x00000000e0000000,0x00000000ec126688,0x00000000ec180000)
  from space 18432K, 99% used [0x00000000ec880000,0x00000000eda6bab0,0x00000000eda80000)
  to   space 19456K, 0% used [0x00000000eda80000,0x00000000eda80000,0x00000000eed80000)
 ParOldGen       total 135168K, used 58986K [0x00000000a0000000, 0x00000000a8400000, 0x00000000e0000000)
  object space 135168K, 43% used [0x00000000a0000000,0x00000000a399aab8,0x00000000a8400000)
 Metaspace       used 78119K, capacity 81892K, committed 81920K, reserved 1120256K
  class space    used 10055K, capacity 11004K, committed 11008K, reserved 1048576K
Event: 431.567 GC heap after
Heap after GC invocations=21 (full 3):
 PSYoungGen      total 216576K, used 19455K [0x00000000e0000000, 0x00000000f0d00000, 0x0000000100000000)
  eden space 197120K, 0% used [0x00000000e0000000,0x00000000e0000000,0x00000000ec080000)
  from space 19456K, 99% used [0x00000000eda80000,0x00000000eed7fc40,0x00000000eed80000)
  to   space 26624K, 0% used [0x00000000ec080000,0x00000000ec080000,0x00000000eda80000)
 ParOldGen       total 135168K, used 65444K [0x00000000a0000000, 0x00000000a8400000, 0x00000000e0000000)
  object space 135168K, 48% used [0x00000000a0000000,0x00000000a3fe91b0,0x00000000a8400000)
 Metaspace       used 78119K, capacity 81892K, committed 81920K, reserved 1120256K
  class space    used 10055K, capacity 11004K, committed 11008K, reserved 1048576K
}
Event: 431.601 GC heap before
{Heap before GC invocations=22 (full 3):
 PSYoungGen      total 216576K, used 215656K [0x00000000e0000000, 0x00000000f0d00000, 0x0000000100000000)
  eden space 197120K, 99% used [0x00000000e0000000,0x00000000ebf9a4b0,0x00000000ec080000)
  from space 19456K, 99% used [0x00000000eda80000,0x00000000eed7fc40,0x00000000eed80000)
  to   space 26624K, 0% used [0x00000000ec080000,0x00000000ec080000,0x00000000eda80000)
 ParOldGen       total 135168K, used 65444K [0x00000000a0000000, 0x00000000a8400000, 0x00000000e0000000)
  object space 135168K, 48% used [0x00000000a0000000,0x00000000a3fe91b0,0x00000000a8400000)
 Metaspace       used 78126K, capacity 81892K, committed 81920K, reserved 1120256K
  class space    used 10055K, capacity 11004K, committed 11008K, reserved 1048576K
Event: 431.633 GC heap after
Heap after GC invocations=22 (full 3):
 PSYoungGen      total 223744K, used 8606K [0x00000000e0000000, 0x00000000f3580000, 0x0000000100000000)
  eden space 197120K, 0% used [0x00000000e0000000,0x00000000e0000000,0x00000000ec080000)
  from space 26624K, 32% used [0x00000000ec080000,0x00000000ec8e7ac0,0x00000000eda80000)
  to   space 26112K, 0% used [0x00000000f1c00000,0x00000000f1c00000,0x00000000f3580000)
 ParOldGen       total 135168K, used 76045K [0x00000000a0000000, 0x00000000a8400000, 0x00000000e0000000)
  object space 135168K, 56% used [0x00000000a0000000,0x00000000a4a434a0,0x00000000a8400000)
 Metaspace       used 78126K, capacity 81892K, committed 81920K, reserved 1120256K
  class space    used 10055K, capacity 11004K, committed 11008K, reserved 1048576K
}
Event: 432.997 GC heap before
{Heap before GC invocations=23 (full 3):
 PSYoungGen      total 223744K, used 205726K [0x00000000e0000000, 0x00000000f3580000, 0x0000000100000000)
  eden space 197120K, 100% used [0x00000000e0000000,0x00000000ec080000,0x00000000ec080000)
  from space 26624K, 32% used [0x00000000ec080000,0x00000000ec8e7ac0,0x00000000eda80000)
  to   space 26112K, 0% used [0x00000000f1c00000,0x00000000f1c00000,0x00000000f3580000)
 ParOldGen       total 135168K, used 76045K [0x00000000a0000000, 0x00000000a8400000, 0x00000000e0000000)
  object space 135168K, 56% used [0x00000000a0000000,0x00000000a4a434a0,0x00000000a8400000)
 Metaspace       used 79176K, capacity 83204K, committed 83456K, reserved 1122304K
  class space    used 10204K, capacity 11206K, committed 11264K, reserved 1048576K
Event: 433.013 GC heap after
Heap after GC invocations=23 (full 3):
 PSYoungGen      total 284672K, used 3846K [0x00000000e0000000, 0x00000000f3280000, 0x0000000100000000)
  eden space 261632K, 0% used [0x00000000e0000000,0x00000000e0000000,0x00000000eff80000)
  from space 23040K, 16% used [0x00000000f1c00000,0x00000000f1fc1978,0x00000000f3280000)
  to   space 26112K, 0% used [0x00000000eff80000,0x00000000eff80000,0x00000000f1900000)
 ParOldGen       total 135168K, used 84486K [0x00000000a0000000, 0x00000000a8400000, 0x00000000e0000000)
  object space 135168K, 62% used [0x00000000a0000000,0x00000000a5281bb0,0x00000000a8400000)
 Metaspace       used 79176K, capacity 83204K, committed 83456K, reserved 1122304K
  class space    used 10204K, capacity 11206K, committed 11264K, reserved 1048576K
}

Deoptimization events (10 events):
Event: 437.739 Thread 0x000000001d67c000 Uncommon trap: reason=unstable_if action=reinterpret pc=0x0000000004ab706c method=java.util.concurrent.ForkJoinPool.tryCompensate(Ljava/util/concurrent/ForkJoinPool$WorkQueue;)Z @ 113
Event: 437.739 Thread 0x000000001d67c000 Uncommon trap: reason=unstable_if action=reinterpret pc=0x00000000073bc644 method=java.util.concurrent.ForkJoinPool.awaitJoin(Ljava/util/concurrent/ForkJoinPool$WorkQueue;Ljava/util/concurrent/ForkJoinTask;J)I @ 165
Event: 437.739 Thread 0x000000001d67a800 Uncommon trap: reason=unstable_if action=reinterpret pc=0x0000000004988b90 method=java.util.concurrent.ForkJoinPool.tryCompensate(Ljava/util/concurrent/ForkJoinPool$WorkQueue;)Z @ 113
Event: 437.739 Thread 0x000000001d67a800 Uncommon trap: reason=unstable_if action=reinterpret pc=0x00000000073bc644 method=java.util.concurrent.ForkJoinPool.awaitJoin(Ljava/util/concurrent/ForkJoinPool$WorkQueue;Ljava/util/concurrent/ForkJoinTask;J)I @ 165
Event: 437.739 Thread 0x000000001d683000 Uncommon trap: reason=unstable_if action=reinterpret pc=0x00000000073bc644 method=java.util.concurrent.ForkJoinPool.awaitJoin(Ljava/util/concurrent/ForkJoinPool$WorkQueue;Ljava/util/concurrent/ForkJoinTask;J)I @ 165
Event: 437.750 Thread 0x000000001d674000 Uncommon trap: reason=unstable_if action=reinterpret pc=0x000000000481fde4 method=java.util.concurrent.ForkJoinPool.helpStealer(Ljava/util/concurrent/ForkJoinPool$WorkQueue;Ljava/util/concurrent/ForkJoinTask;)V @ 95
Event: 437.805 Thread 0x000000001d000000 Uncommon trap: reason=unstable_if action=reinterpret pc=0x00000000071e9b94 method=com.android.tools.r8.org.objectweb.asm.ClassReader.readUTF(II[C)Ljava/lang/String; @ 77
Event: 437.805 Thread 0x000000001d000000 Uncommon trap: reason=unstable_if action=reinterpret pc=0x000000000471ad98 method=com.android.tools.r8.graph.DexString.countBytes(Ljava/lang/String;)I @ 25
Event: 437.806 Thread 0x000000001d000000 Uncommon trap: reason=unstable_if action=reinterpret pc=0x000000000721b9fc method=com.android.tools.r8.org.objectweb.asm.ClassReader.readUTF(II[C)Ljava/lang/String; @ 77
Event: 437.806 Thread 0x000000001d000000 Uncommon trap: reason=unstable_if action=reinterpret pc=0x0000000007261a2c method=com.android.tools.r8.graph.DexString.countBytes(Ljava/lang/String;)I @ 25

Classes redefined (0 events):
No events

Internal exceptions (10 events):
Event: 437.403 Thread 0x000000001e806000 Exception <a 'sun/nio/fs/WindowsException'> (0x00000000e6b60e78) thrown at [D:\src\AOSP-openjdk-cygwin\jdk8u\hotspot\src\share\vm\prims\jni.cpp, line 709]
Event: 437.403 Thread 0x000000001e806000 Exception <a 'sun/nio/fs/WindowsException'> (0x00000000e6b619b8) thrown at [D:\src\AOSP-openjdk-cygwin\jdk8u\hotspot\src\share\vm\prims\jni.cpp, line 709]
Event: 437.403 Thread 0x000000001e806000 Exception <a 'sun/nio/fs/WindowsException'> (0x00000000e6b62ef8) thrown at [D:\src\AOSP-openjdk-cygwin\jdk8u\hotspot\src\share\vm\prims\jni.cpp, line 709]
Event: 437.409 Thread 0x000000001e806000 Exception <a 'sun/nio/fs/WindowsException'> (0x00000000e6c7e278) thrown at [D:\src\AOSP-openjdk-cygwin\jdk8u\hotspot\src\share\vm\prims\jni.cpp, line 709]
Event: 437.409 Thread 0x000000001e806000 Exception <a 'sun/nio/fs/WindowsException'> (0x00000000e6c7edb8) thrown at [D:\src\AOSP-openjdk-cygwin\jdk8u\hotspot\src\share\vm\prims\jni.cpp, line 709]
Event: 437.409 Thread 0x000000001e806000 Exception <a 'sun/nio/fs/WindowsException'> (0x00000000e6c802f8) thrown at [D:\src\AOSP-openjdk-cygwin\jdk8u\hotspot\src\share\vm\prims\jni.cpp, line 709]
Event: 437.416 Thread 0x000000001e806000 Exception <a 'sun/nio/fs/WindowsException'> (0x00000000e6caae90) thrown at [D:\src\AOSP-openjdk-cygwin\jdk8u\hotspot\src\share\vm\prims\jni.cpp, line 709]
Event: 437.416 Thread 0x000000001e806000 Exception <a 'sun/nio/fs/WindowsException'> (0x00000000e6cab9d0) thrown at [D:\src\AOSP-openjdk-cygwin\jdk8u\hotspot\src\share\vm\prims\jni.cpp, line 709]
Event: 437.416 Thread 0x000000001e806000 Exception <a 'sun/nio/fs/WindowsException'> (0x00000000e6cacf10) thrown at [D:\src\AOSP-openjdk-cygwin\jdk8u\hotspot\src\share\vm\prims\jni.cpp, line 709]
Event: 437.466 Thread 0x000000001e806000 Exception <a 'sun/nio/fs/WindowsException'> (0x00000000e6e46cd8) thrown at [D:\src\AOSP-openjdk-cygwin\jdk8u\hotspot\src\share\vm\prims\jni.cpp, line 709]

Events (10 events):
Event: 437.951 loading class com/android/tools/r8/org/objectweb/asm/tree/MultiANewArrayInsnNode
Event: 437.951 loading class com/android/tools/r8/org/objectweb/asm/tree/MultiANewArrayInsnNode done
Event: 437.952 loading class com/android/tools/r8/org/objectweb/asm/tree/LookupSwitchInsnNode
Event: 437.952 loading class com/android/tools/r8/org/objectweb/asm/tree/LookupSwitchInsnNode done
Event: 437.952 loading class com/android/tools/r8/org/objectweb/asm/tree/TableSwitchInsnNode
Event: 437.952 loading class com/android/tools/r8/org/objectweb/asm/tree/TableSwitchInsnNode done
Event: 437.952 loading class com/android/tools/r8/org/objectweb/asm/tree/IincInsnNode
Event: 437.952 loading class com/android/tools/r8/org/objectweb/asm/tree/IincInsnNode done
Event: 437.952 loading class com/android/tools/r8/org/objectweb/asm/tree/InvokeDynamicInsnNode
Event: 437.952 loading class com/android/tools/r8/org/objectweb/asm/tree/InvokeDynamicInsnNode done


Dynamic libraries:
0x00007ff616d40000 - 0x00007ff616d71000 	C:\Program Files\Android\Android Studio\jre\bin\java.exe
0x00007ffc06920000 - 0x00007ffc06b00000 	C:\WINDOWS\SYSTEM32\ntdll.dll
0x00007ffc06720000 - 0x00007ffc067ce000 	C:\WINDOWS\System32\KERNEL32.DLL
0x00007ffc03270000 - 0x00007ffc034d6000 	C:\WINDOWS\System32\KERNELBASE.dll
0x00007ffc04920000 - 0x00007ffc049c1000 	C:\WINDOWS\System32\ADVAPI32.dll
0x00007ffc03df0000 - 0x00007ffc03e8d000 	C:\WINDOWS\System32\msvcrt.dll
0x00007ffc04570000 - 0x00007ffc045cb000 	C:\WINDOWS\System32\sechost.dll
0x00007ffc067d0000 - 0x00007ffc068ef000 	C:\WINDOWS\System32\RPCRT4.dll
0x00007ffc04260000 - 0x00007ffc043ef000 	C:\WINDOWS\System32\USER32.dll
0x00007ffc03c30000 - 0x00007ffc03c50000 	C:\WINDOWS\System32\win32u.dll
0x00007ffc04090000 - 0x00007ffc040b8000 	C:\WINDOWS\System32\GDI32.dll
0x00007ffc03c50000 - 0x00007ffc03de3000 	C:\WINDOWS\System32\gdi32full.dll
0x00007ffc030d0000 - 0x00007ffc0316b000 	C:\WINDOWS\System32\msvcp_win.dll
0x00007ffc03170000 - 0x00007ffc03266000 	C:\WINDOWS\System32\ucrtbase.dll
0x00007ffbf8a30000 - 0x00007ffbf8c99000 	C:\WINDOWS\WinSxS\amd64_microsoft.windows.common-controls_6595b64144ccf1df_6.0.16299.371_none_15c7d1789365a290\COMCTL32.dll
0x00007ffc063b0000 - 0x00007ffc066b8000 	C:\WINDOWS\System32\combase.dll
0x00007ffc02ff0000 - 0x00007ffc03062000 	C:\WINDOWS\System32\bcryptPrimitives.dll
0x00007ffc03fb0000 - 0x00007ffc03fdd000 	C:\WINDOWS\System32\IMM32.DLL
0x0000000056ff0000 - 0x00000000570c2000 	C:\Program Files\Android\Android Studio\jre\jre\bin\msvcr100.dll
0x0000000056510000 - 0x0000000056d4e000 	C:\Program Files\Android\Android Studio\jre\jre\bin\server\jvm.dll
0x00007ffc043f0000 - 0x00007ffc043f8000 	C:\WINDOWS\System32\PSAPI.DLL
0x00007ffbffba0000 - 0x00007ffbffbc3000 	C:\WINDOWS\SYSTEM32\WINMM.dll
0x00007ffbfe8c0000 - 0x00007ffbfe8c9000 	C:\WINDOWS\SYSTEM32\WSOCK32.dll
0x00007ffc04720000 - 0x00007ffc0478c000 	C:\WINDOWS\System32\WS2_32.dll
0x00007ffbfd600000 - 0x00007ffbfd60a000 	C:\WINDOWS\SYSTEM32\VERSION.dll
0x00007ffbffb40000 - 0x00007ffbffb6a000 	C:\WINDOWS\SYSTEM32\winmmbase.dll
0x00007ffc02d20000 - 0x00007ffc02d6a000 	C:\WINDOWS\System32\cfgmgr32.dll
0x00007ffbffdb0000 - 0x00007ffbffdbf000 	C:\Program Files\Android\Android Studio\jre\jre\bin\verify.dll
0x00007ffbfe520000 - 0x00007ffbfe549000 	C:\Program Files\Android\Android Studio\jre\jre\bin\java.dll
0x00007ffbfdf90000 - 0x00007ffbfdfa6000 	C:\Program Files\Android\Android Studio\jre\jre\bin\zip.dll
0x00007ffc04f50000 - 0x00007ffc06386000 	C:\WINDOWS\System32\SHELL32.dll
0x00007ffc03fe0000 - 0x00007ffc04086000 	C:\WINDOWS\System32\shcore.dll
0x00007ffc034e0000 - 0x00007ffc03c27000 	C:\WINDOWS\System32\windows.storage.dll
0x00007ffc03f30000 - 0x00007ffc03f81000 	C:\WINDOWS\System32\shlwapi.dll
0x00007ffc02d00000 - 0x00007ffc02d11000 	C:\WINDOWS\System32\kernel.appcore.dll
0x00007ffc02cb0000 - 0x00007ffc02cfc000 	C:\WINDOWS\System32\powrprof.dll
0x00007ffc02c90000 - 0x00007ffc02cab000 	C:\WINDOWS\System32\profapi.dll
0x00007ffbfdcb0000 - 0x00007ffbfdcca000 	C:\Program Files\Android\Android Studio\jre\jre\bin\net.dll
0x00007ffc02500000 - 0x00007ffc02566000 	C:\WINDOWS\system32\mswsock.dll
0x00007ffbf73d0000 - 0x00007ffbf73e1000 	C:\Program Files\Android\Android Studio\jre\jre\bin\nio.dll
0x00007ffbfe550000 - 0x00007ffbfe56e000 	C:\Users\Luca\.gradle\native\25\windows-amd64\native-platform.dll
0x00007ffbfe980000 - 0x00007ffbfe98d000 	C:\Program Files\Android\Android Studio\jre\jre\bin\management.dll
0x00007ffc026d0000 - 0x00007ffc026e7000 	C:\WINDOWS\SYSTEM32\CRYPTSP.dll
0x00007ffc02100000 - 0x00007ffc02133000 	C:\WINDOWS\system32\rsaenh.dll
0x00007ffc027d0000 - 0x00007ffc027f5000 	C:\WINDOWS\SYSTEM32\bcrypt.dll
0x00007ffc02b70000 - 0x00007ffc02b99000 	C:\WINDOWS\SYSTEM32\USERENV.dll
0x00007ffc026c0000 - 0x00007ffc026cb000 	C:\WINDOWS\SYSTEM32\CRYPTBASE.dll
0x00007ffc02290000 - 0x00007ffc022c9000 	C:\WINDOWS\SYSTEM32\IPHLPAPI.DLL
0x00007ffc03fa0000 - 0x00007ffc03fa8000 	C:\WINDOWS\System32\NSI.dll
0x00007ffbfd240000 - 0x00007ffbfd256000 	C:\WINDOWS\SYSTEM32\dhcpcsvc6.DLL
0x00007ffbfd220000 - 0x00007ffbfd23a000 	C:\WINDOWS\SYSTEM32\dhcpcsvc.DLL
0x00007ffbda860000 - 0x00007ffbda9f5000 	C:\Program Files\Android\Android Studio\jre\jre\bin\awt.dll
0x00007ffc04e80000 - 0x00007ffc04f45000 	C:\WINDOWS\System32\OLEAUT32.dll
0x00007ffc00530000 - 0x00007ffc00ae8000 	C:\WINDOWS\SYSTEM32\d2d1.dll
0x00007ffc02d70000 - 0x00007ffc02f3e000 	C:\WINDOWS\System32\CRYPT32.dll
0x00007ffc02c70000 - 0x00007ffc02c82000 	C:\WINDOWS\System32\MSASN1.dll
0x00007ffc01100000 - 0x00007ffc01188000 	C:\WINDOWS\SYSTEM32\apphelp.dll
0x00007ffc014f0000 - 0x00007ffc0151a000 	C:\WINDOWS\system32\DWMAPI.DLL
0x00007ffc011e0000 - 0x00007ffc01275000 	C:\WINDOWS\system32\uxtheme.dll

VM Arguments:
jvm_args: -Xmx1536m -Dfile.encoding=windows-1252 -Duser.country=AT -Duser.language=de -Duser.variant 
java_command: org.gradle.launcher.daemon.bootstrap.GradleDaemon 4.4
java_class_path (initial): C:\Users\Luca\.gradle\wrapper\dists\gradle-4.4-all\9br9xq1tocpiv8o6njlyu5op1\gradle-4.4\lib\gradle-launcher-4.4.jar
Launcher Type: SUN_STANDARD

Environment Variables:
PATH=C:\ProgramData\Oracle\Java\javapath;C:\Program Files (x86)\Intel\iCLS Client\;C:\Program Files\Intel\iCLS Client\;C:\Program Files (x86)\NVIDIA Corporation\PhysX\Common;C:\Windows\system32;C:\Windows;C:\Windows\System32\Wbem;C:\Windows\System32\WindowsPowerShell\v1.0\;C:\Program Files (x86)\Acer\abFiles\;C:\Program Files\Intel\Intel(R) Management Engine Components\DAL;C:\Program Files (x86)\Intel\Intel(R) Management Engine Components\DAL;C:\Program Files\Intel\Intel(R) Management Engine Components\IPT;C:\Program Files (x86)\Intel\Intel(R) Management Engine Components\IPT;C:\WINDOWS\system32;C:\WINDOWS;C:\WINDOWS\System32\Wbem;C:\WINDOWS\System32\WindowsPowerShell\v1.0\;C:\Program Files\MySQL\MySQL Utilities 1.6\;C:\Users\Luca\AppData\Local\Microsoft\WindowsApps;C:\Users\Luca\AppData\Local\GitHubDesktop\bin
USERNAME=Luca
OS=Windows_NT
PROCESSOR_IDENTIFIER=Intel64 Family 6 Model 61 Stepping 4, GenuineIntel



---------------  S Y S T E M  ---------------

OS: Windows 10.0 , 64 bit Build 16299 (10.0.16299.15)

CPU:total 4 (initial active 4) (2 cores per cpu, 2 threads per core) family 6 model 61 stepping 4, cmov, cx8, fxsr, mmx, sse, sse2, sse3, ssse3, sse4.1, sse4.2, popcnt, avx, avx2, aes, clmul, erms, 3dnowpref, lzcnt, ht, tsc, tscinvbit, bmi1, bmi2, adx

Memory: 4k page, physical 6744528k(300448k free), swap 6744528k(4260k free)

vm_info: OpenJDK 64-Bit Server VM (25.152-b01) for windows-amd64 JRE (1.8.0_152-release-915-b01), built by "builder" with MS VC++ 10.0 (VS2010)

time: Tue Apr 17 22:54:05 2018
elapsed time: 437 seconds (0d 0h 7m 17s)

